[0.045s] Invoking command in '/home/ros2_ws/build/turtlebot3_simulations': CMAKE_PREFIX_PATH=/home/ros2_ws/install/turtlebot3_fake_node:/home/ros2_ws/install/turtlebot3_msgs:/home/ros2_ws/install/turtlebot3_gazebo:/home/ros2_ws/install/turtlebot3:/home/ros2_ws/install/turtlebot3_simulations:/home/ros2_ws/install/turtlebot3_bringup:/home/ros2_ws/install/turtlebot3_node:/home/ros2_ws/install/turtlebot3_navigation2:/home/ros2_ws/install/turtlebot3_manipulation_gazebo:/home/ros2_ws/install/turtlebot3_description:/home/ros2_ws/install/turtlebot3_cartographer:/home/ros2_ws/install/dynamixel_sdk_examples:/home/ros2_ws/install/dynamixel_sdk_custom_interfaces:/home/ros2_ws/install/dynamixel_sdk:/home/ros2_ws/install/turtlebot3_teleop:/home/ros2_ws/install/turtlebot3_example:/opt/ros/humble /usr/bin/cmake --build /home/ros2_ws/build/turtlebot3_simulations -- -j22 -l22
[0.101s] Invoked command in '/home/ros2_ws/build/turtlebot3_simulations' returned '0': CMAKE_PREFIX_PATH=/home/ros2_ws/install/turtlebot3_fake_node:/home/ros2_ws/install/turtlebot3_msgs:/home/ros2_ws/install/turtlebot3_gazebo:/home/ros2_ws/install/turtlebot3:/home/ros2_ws/install/turtlebot3_simulations:/home/ros2_ws/install/turtlebot3_bringup:/home/ros2_ws/install/turtlebot3_node:/home/ros2_ws/install/turtlebot3_navigation2:/home/ros2_ws/install/turtlebot3_manipulation_gazebo:/home/ros2_ws/install/turtlebot3_description:/home/ros2_ws/install/turtlebot3_cartographer:/home/ros2_ws/install/dynamixel_sdk_examples:/home/ros2_ws/install/dynamixel_sdk_custom_interfaces:/home/ros2_ws/install/dynamixel_sdk:/home/ros2_ws/install/turtlebot3_teleop:/home/ros2_ws/install/turtlebot3_example:/opt/ros/humble /usr/bin/cmake --build /home/ros2_ws/build/turtlebot3_simulations -- -j22 -l22
[0.105s] Invoking command in '/home/ros2_ws/build/turtlebot3_simulations': CMAKE_PREFIX_PATH=/home/ros2_ws/install/turtlebot3_fake_node:/home/ros2_ws/install/turtlebot3_msgs:/home/ros2_ws/install/turtlebot3_gazebo:/home/ros2_ws/install/turtlebot3:/home/ros2_ws/install/turtlebot3_simulations:/home/ros2_ws/install/turtlebot3_bringup:/home/ros2_ws/install/turtlebot3_node:/home/ros2_ws/install/turtlebot3_navigation2:/home/ros2_ws/install/turtlebot3_manipulation_gazebo:/home/ros2_ws/install/turtlebot3_description:/home/ros2_ws/install/turtlebot3_cartographer:/home/ros2_ws/install/dynamixel_sdk_examples:/home/ros2_ws/install/dynamixel_sdk_custom_interfaces:/home/ros2_ws/install/dynamixel_sdk:/home/ros2_ws/install/turtlebot3_teleop:/home/ros2_ws/install/turtlebot3_example:/opt/ros/humble /usr/bin/cmake --install /home/ros2_ws/build/turtlebot3_simulations
[0.115s] -- Install configuration: ""
[0.116s] -- Execute custom install script
[0.116s] -- Up-to-date symlink: /home/ros2_ws/install/turtlebot3_simulations/share/ament_index/resource_index/package_run_dependencies/turtlebot3_simulations
[0.116s] -- Up-to-date symlink: /home/ros2_ws/install/turtlebot3_simulations/share/ament_index/resource_index/parent_prefix_path/turtlebot3_simulations
[0.116s] -- Up-to-date symlink: /home/ros2_ws/install/turtlebot3_simulations/share/turtlebot3_simulations/environment/ament_prefix_path.sh
[0.117s] -- Up-to-date symlink: /home/ros2_ws/install/turtlebot3_simulations/share/turtlebot3_simulations/environment/ament_prefix_path.dsv
[0.117s] -- Up-to-date symlink: /home/ros2_ws/install/turtlebot3_simulations/share/turtlebot3_simulations/environment/path.sh
[0.117s] -- Up-to-date symlink: /home/ros2_ws/install/turtlebot3_simulations/share/turtlebot3_simulations/environment/path.dsv
[0.117s] -- Up-to-date symlink: /home/ros2_ws/install/turtlebot3_simulations/share/turtlebot3_simulations/local_setup.bash
[0.117s] -- Up-to-date symlink: /home/ros2_ws/install/turtlebot3_simulations/share/turtlebot3_simulations/local_setup.sh
[0.117s] -- Up-to-date symlink: /home/ros2_ws/install/turtlebot3_simulations/share/turtlebot3_simulations/local_setup.zsh
[0.117s] -- Up-to-date symlink: /home/ros2_ws/install/turtlebot3_simulations/share/turtlebot3_simulations/local_setup.dsv
[0.117s] -- Symlinking: /home/ros2_ws/install/turtlebot3_simulations/share/turtlebot3_simulations/package.dsv
[0.135s] -- Up-to-date symlink: /home/ros2_ws/install/turtlebot3_simulations/share/ament_index/resource_index/packages/turtlebot3_simulations
[0.135s] -- Up-to-date symlink: /home/ros2_ws/install/turtlebot3_simulations/share/turtlebot3_simulations/cmake/turtlebot3_simulationsConfig.cmake
[0.135s] -- Up-to-date symlink: /home/ros2_ws/install/turtlebot3_simulations/share/turtlebot3_simulations/cmake/turtlebot3_simulationsConfig-version.cmake
[0.135s] -- Up-to-date symlink: /home/ros2_ws/install/turtlebot3_simulations/share/turtlebot3_simulations/package.xml
[0.139s] Invoked command in '/home/ros2_ws/build/turtlebot3_simulations' returned '0': CMAKE_PREFIX_PATH=/home/ros2_ws/install/turtlebot3_fake_node:/home/ros2_ws/install/turtlebot3_msgs:/home/ros2_ws/install/turtlebot3_gazebo:/home/ros2_ws/install/turtlebot3:/home/ros2_ws/install/turtlebot3_simulations:/home/ros2_ws/install/turtlebot3_bringup:/home/ros2_ws/install/turtlebot3_node:/home/ros2_ws/install/turtlebot3_navigation2:/home/ros2_ws/install/turtlebot3_manipulation_gazebo:/home/ros2_ws/install/turtlebot3_description:/home/ros2_ws/install/turtlebot3_cartographer:/home/ros2_ws/install/dynamixel_sdk_examples:/home/ros2_ws/install/dynamixel_sdk_custom_interfaces:/home/ros2_ws/install/dynamixel_sdk:/home/ros2_ws/install/turtlebot3_teleop:/home/ros2_ws/install/turtlebot3_example:/opt/ros/humble /usr/bin/cmake --install /home/ros2_ws/build/turtlebot3_simulations
