[0.066s] Invoking command in '/home/ros2_ws/build/dynamixel_sdk': /usr/bin/cmake --build /home/ros2_ws/build/dynamixel_sdk -- -j22 -l22
[0.469s] [35m[1mConsolidate compiler generated dependencies of target dynamixel_sdk[0m
[0.469s] [  0%] Built target ament_cmake_python_symlink_dynamixel_sdk
[0.469s] [100%] Built target dynamixel_sdk
[0.469s] running egg_info
[0.469s] writing dynamixel_sdk.egg-info/PKG-INFO
[0.469s] writing dependency_links to dynamixel_sdk.egg-info/dependency_links.txt
[0.469s] writing top-level names to dynamixel_sdk.egg-info/top_level.txt
[0.469s] reading manifest file 'dynamixel_sdk.egg-info/SOURCES.txt'
[0.469s] writing manifest file 'dynamixel_sdk.egg-info/SOURCES.txt'
[0.476s] [100%] Built target ament_cmake_python_build_dynamixel_sdk_egg
[0.541s] Invoked command in '/home/ros2_ws/build/dynamixel_sdk' returned '0': /usr/bin/cmake --build /home/ros2_ws/build/dynamixel_sdk -- -j22 -l22
[0.549s] Invoking command in '/home/ros2_ws/build/dynamixel_sdk': /usr/bin/cmake --install /home/ros2_ws/build/dynamixel_sdk
[0.568s] -- Install configuration: ""
[0.568s] -- Execute custom install script
[0.568s] -- Up-to-date symlink: /home/ros2_ws/install/dynamixel_sdk/include//dynamixel_sdk/dynamixel_sdk.h
[0.568s] -- Up-to-date symlink: /home/ros2_ws/install/dynamixel_sdk/include//dynamixel_sdk/group_bulk_read.h
[0.568s] -- Up-to-date symlink: /home/ros2_ws/install/dynamixel_sdk/include//dynamixel_sdk/group_bulk_write.h
[0.568s] -- Up-to-date symlink: /home/ros2_ws/install/dynamixel_sdk/include//dynamixel_sdk/group_fast_bulk_read.h
[0.569s] -- Up-to-date symlink: /home/ros2_ws/install/dynamixel_sdk/include//dynamixel_sdk/group_fast_sync_read.h
[0.569s] -- Up-to-date symlink: /home/ros2_ws/install/dynamixel_sdk/include//dynamixel_sdk/group_handler.h
[0.569s] -- Up-to-date symlink: /home/ros2_ws/install/dynamixel_sdk/include//dynamixel_sdk/group_sync_read.h
[0.569s] -- Up-to-date symlink: /home/ros2_ws/install/dynamixel_sdk/include//dynamixel_sdk/group_sync_write.h
[0.569s] -- Up-to-date symlink: /home/ros2_ws/install/dynamixel_sdk/include//dynamixel_sdk/packet_handler.h
[0.570s] -- Up-to-date symlink: /home/ros2_ws/install/dynamixel_sdk/include//dynamixel_sdk/port_handler.h
[0.570s] -- Up-to-date symlink: /home/ros2_ws/install/dynamixel_sdk/include//dynamixel_sdk/port_handler_arduino.h
[0.571s] -- Up-to-date symlink: /home/ros2_ws/install/dynamixel_sdk/include//dynamixel_sdk/port_handler_linux.h
[0.571s] -- Up-to-date symlink: /home/ros2_ws/install/dynamixel_sdk/include//dynamixel_sdk/port_handler_mac.h
[0.571s] -- Up-to-date symlink: /home/ros2_ws/install/dynamixel_sdk/include//dynamixel_sdk/port_handler_windows.h
[0.571s] -- Up-to-date symlink: /home/ros2_ws/install/dynamixel_sdk/include//dynamixel_sdk/protocol1_packet_handler.h
[0.571s] -- Up-to-date symlink: /home/ros2_ws/install/dynamixel_sdk/include//dynamixel_sdk/protocol2_packet_handler.h
[0.572s] -- Up-to-date symlink: /home/ros2_ws/install/dynamixel_sdk/share/dynamixel_sdk/environment/pythonpath.sh
[0.572s] -- Up-to-date symlink: /home/ros2_ws/install/dynamixel_sdk/share/dynamixel_sdk/environment/pythonpath.dsv
[0.572s] -- Up-to-date symlink: /home/ros2_ws/install/dynamixel_sdk/local/lib/python3.10/dist-packages/dynamixel_sdk-3.8.4-py3.10.egg-info/PKG-INFO
[0.572s] -- Up-to-date symlink: /home/ros2_ws/install/dynamixel_sdk/local/lib/python3.10/dist-packages/dynamixel_sdk-3.8.4-py3.10.egg-info/SOURCES.txt
[0.573s] -- Up-to-date symlink: /home/ros2_ws/install/dynamixel_sdk/local/lib/python3.10/dist-packages/dynamixel_sdk-3.8.4-py3.10.egg-info/dependency_links.txt
[0.573s] -- Up-to-date symlink: /home/ros2_ws/install/dynamixel_sdk/local/lib/python3.10/dist-packages/dynamixel_sdk-3.8.4-py3.10.egg-info/top_level.txt
[0.575s] -- Up-to-date symlink: /home/ros2_ws/install/dynamixel_sdk/local/lib/python3.10/dist-packages/dynamixel_sdk/__init__.py
[0.575s] -- Up-to-date symlink: /home/ros2_ws/install/dynamixel_sdk/local/lib/python3.10/dist-packages/dynamixel_sdk/group_bulk_read.cpp
[0.575s] -- Up-to-date symlink: /home/ros2_ws/install/dynamixel_sdk/local/lib/python3.10/dist-packages/dynamixel_sdk/group_bulk_read.py
[0.575s] -- Up-to-date symlink: /home/ros2_ws/install/dynamixel_sdk/local/lib/python3.10/dist-packages/dynamixel_sdk/group_bulk_write.cpp
[0.575s] -- Up-to-date symlink: /home/ros2_ws/install/dynamixel_sdk/local/lib/python3.10/dist-packages/dynamixel_sdk/group_bulk_write.py
[0.576s] -- Up-to-date symlink: /home/ros2_ws/install/dynamixel_sdk/local/lib/python3.10/dist-packages/dynamixel_sdk/group_fast_bulk_read.cpp
[0.576s] -- Up-to-date symlink: /home/ros2_ws/install/dynamixel_sdk/local/lib/python3.10/dist-packages/dynamixel_sdk/group_fast_sync_read.cpp
[0.576s] -- Up-to-date symlink: /home/ros2_ws/install/dynamixel_sdk/local/lib/python3.10/dist-packages/dynamixel_sdk/group_handler.cpp
[0.576s] -- Up-to-date symlink: /home/ros2_ws/install/dynamixel_sdk/local/lib/python3.10/dist-packages/dynamixel_sdk/group_sync_read.cpp
[0.576s] -- Up-to-date symlink: /home/ros2_ws/install/dynamixel_sdk/local/lib/python3.10/dist-packages/dynamixel_sdk/group_sync_read.py
[0.576s] -- Up-to-date symlink: /home/ros2_ws/install/dynamixel_sdk/local/lib/python3.10/dist-packages/dynamixel_sdk/group_sync_write.cpp
[0.578s] -- Up-to-date symlink: /home/ros2_ws/install/dynamixel_sdk/local/lib/python3.10/dist-packages/dynamixel_sdk/group_sync_write.py
[0.578s] -- Up-to-date symlink: /home/ros2_ws/install/dynamixel_sdk/local/lib/python3.10/dist-packages/dynamixel_sdk/packet_handler.cpp
[0.578s] -- Up-to-date symlink: /home/ros2_ws/install/dynamixel_sdk/local/lib/python3.10/dist-packages/dynamixel_sdk/packet_handler.py
[0.578s] -- Up-to-date symlink: /home/ros2_ws/install/dynamixel_sdk/local/lib/python3.10/dist-packages/dynamixel_sdk/port_handler.cpp
[0.578s] -- Up-to-date symlink: /home/ros2_ws/install/dynamixel_sdk/local/lib/python3.10/dist-packages/dynamixel_sdk/port_handler.py
[0.578s] -- Up-to-date symlink: /home/ros2_ws/install/dynamixel_sdk/local/lib/python3.10/dist-packages/dynamixel_sdk/port_handler_arduino.cpp
[0.578s] -- Up-to-date symlink: /home/ros2_ws/install/dynamixel_sdk/local/lib/python3.10/dist-packages/dynamixel_sdk/port_handler_linux.cpp
[0.579s] -- Up-to-date symlink: /home/ros2_ws/install/dynamixel_sdk/local/lib/python3.10/dist-packages/dynamixel_sdk/port_handler_mac.cpp
[0.579s] -- Up-to-date symlink: /home/ros2_ws/install/dynamixel_sdk/local/lib/python3.10/dist-packages/dynamixel_sdk/port_handler_windows.cpp
[0.579s] -- Up-to-date symlink: /home/ros2_ws/install/dynamixel_sdk/local/lib/python3.10/dist-packages/dynamixel_sdk/protocol1_packet_handler.cpp
[0.579s] -- Up-to-date symlink: /home/ros2_ws/install/dynamixel_sdk/local/lib/python3.10/dist-packages/dynamixel_sdk/protocol1_packet_handler.py
[0.579s] -- Up-to-date symlink: /home/ros2_ws/install/dynamixel_sdk/local/lib/python3.10/dist-packages/dynamixel_sdk/protocol2_packet_handler.cpp
[0.579s] -- Up-to-date symlink: /home/ros2_ws/install/dynamixel_sdk/local/lib/python3.10/dist-packages/dynamixel_sdk/protocol2_packet_handler.py
[0.579s] -- Up-to-date symlink: /home/ros2_ws/install/dynamixel_sdk/local/lib/python3.10/dist-packages/dynamixel_sdk/robotis_def.py
[0.579s] -- Up-to-date symlink: /home/ros2_ws/install/dynamixel_sdk/share/dynamixel_sdk/environment/library_path.sh
[0.580s] -- Up-to-date symlink: /home/ros2_ws/install/dynamixel_sdk/share/dynamixel_sdk/environment/library_path.dsv
[0.580s] -- Up-to-date symlink: /home/ros2_ws/install/dynamixel_sdk/share/ament_index/resource_index/package_run_dependencies/dynamixel_sdk
[0.580s] -- Up-to-date symlink: /home/ros2_ws/install/dynamixel_sdk/share/ament_index/resource_index/parent_prefix_path/dynamixel_sdk
[0.580s] -- Up-to-date symlink: /home/ros2_ws/install/dynamixel_sdk/share/dynamixel_sdk/environment/ament_prefix_path.sh
[0.580s] -- Up-to-date symlink: /home/ros2_ws/install/dynamixel_sdk/share/dynamixel_sdk/environment/ament_prefix_path.dsv
[0.581s] -- Up-to-date symlink: /home/ros2_ws/install/dynamixel_sdk/share/dynamixel_sdk/environment/path.sh
[0.581s] -- Up-to-date symlink: /home/ros2_ws/install/dynamixel_sdk/share/dynamixel_sdk/environment/path.dsv
[0.581s] -- Up-to-date symlink: /home/ros2_ws/install/dynamixel_sdk/share/dynamixel_sdk/local_setup.bash
[0.581s] -- Up-to-date symlink: /home/ros2_ws/install/dynamixel_sdk/share/dynamixel_sdk/local_setup.sh
[0.582s] -- Up-to-date symlink: /home/ros2_ws/install/dynamixel_sdk/share/dynamixel_sdk/local_setup.zsh
[0.582s] -- Up-to-date symlink: /home/ros2_ws/install/dynamixel_sdk/share/dynamixel_sdk/local_setup.dsv
[0.582s] -- Symlinking: /home/ros2_ws/install/dynamixel_sdk/share/dynamixel_sdk/package.dsv
[0.591s] -- Up-to-date symlink: /home/ros2_ws/install/dynamixel_sdk/share/ament_index/resource_index/packages/dynamixel_sdk
[0.591s] -- Up-to-date symlink: /home/ros2_ws/install/dynamixel_sdk/share/dynamixel_sdk/cmake/ament_cmake_export_targets-extras.cmake
[0.591s] -- Up-to-date symlink: /home/ros2_ws/install/dynamixel_sdk/share/dynamixel_sdk/cmake/ament_cmake_export_include_directories-extras.cmake
[0.591s] -- Up-to-date symlink: /home/ros2_ws/install/dynamixel_sdk/share/dynamixel_sdk/cmake/ament_cmake_export_libraries-extras.cmake
[0.591s] -- Up-to-date symlink: /home/ros2_ws/install/dynamixel_sdk/share/dynamixel_sdk/cmake/dynamixel_sdkConfig.cmake
[0.591s] -- Up-to-date symlink: /home/ros2_ws/install/dynamixel_sdk/share/dynamixel_sdk/cmake/dynamixel_sdkConfig-version.cmake
[0.591s] -- Up-to-date symlink: /home/ros2_ws/install/dynamixel_sdk/share/dynamixel_sdk/package.xml
[0.591s] -- Up-to-date: /home/ros2_ws/install/dynamixel_sdk/lib/libdynamixel_sdk.so
[0.599s] Listing '/home/ros2_ws/install/dynamixel_sdk/local/lib/python3.10/dist-packages/dynamixel_sdk'...
[0.612s] -- Up-to-date: /home/ros2_ws/install/dynamixel_sdk/share/dynamixel_sdk/cmake/dynamixel_sdkExport.cmake
[0.612s] -- Up-to-date: /home/ros2_ws/install/dynamixel_sdk/share/dynamixel_sdk/cmake/dynamixel_sdkExport-noconfig.cmake
[0.694s] Invoked command in '/home/ros2_ws/build/dynamixel_sdk' returned '0': /usr/bin/cmake --install /home/ros2_ws/build/dynamixel_sdk
