[0.014s] Invoking command in '/home/ros2_ws/build/turtlebot3_simulations': AMENT_PREFIX_PATH=/home/ros2_ws/install/turtlebot3_fake_node:/home/ros2_ws/install/turtlebot3_msgs:/home/ros2_ws/install/turtlebot3_gazebo CMAKE_PREFIX_PATH=/home/ros2_ws/install/turtlebot3_fake_node:/home/ros2_ws/install/turtlebot3_msgs:/home/ros2_ws/install/turtlebot3_gazebo LD_LIBRARY_PATH=/home/ros2_ws/install/turtlebot3_msgs/lib PYTHONPATH=/home/ros2_ws/install/turtlebot3_msgs/local/lib/python3.10/dist-packages /usr/bin/cmake --build /home/ros2_ws/build/turtlebot3_simulations -- -j22 -l22
[0.080s] Invoked command in '/home/ros2_ws/build/turtlebot3_simulations' returned '0': AMENT_PREFIX_PATH=/home/ros2_ws/install/turtlebot3_fake_node:/home/ros2_ws/install/turtlebot3_msgs:/home/ros2_ws/install/turtlebot3_gazebo CMAKE_PREFIX_PATH=/home/ros2_ws/install/turtlebot3_fake_node:/home/ros2_ws/install/turtlebot3_msgs:/home/ros2_ws/install/turtlebot3_gazebo LD_LIBRARY_PATH=/home/ros2_ws/install/turtlebot3_msgs/lib PYTHONPATH=/home/ros2_ws/install/turtlebot3_msgs/local/lib/python3.10/dist-packages /usr/bin/cmake --build /home/ros2_ws/build/turtlebot3_simulations -- -j22 -l22
[0.081s] Invoking command in '/home/ros2_ws/build/turtlebot3_simulations': AMENT_PREFIX_PATH=/home/ros2_ws/install/turtlebot3_fake_node:/home/ros2_ws/install/turtlebot3_msgs:/home/ros2_ws/install/turtlebot3_gazebo CMAKE_PREFIX_PATH=/home/ros2_ws/install/turtlebot3_fake_node:/home/ros2_ws/install/turtlebot3_msgs:/home/ros2_ws/install/turtlebot3_gazebo LD_LIBRARY_PATH=/home/ros2_ws/install/turtlebot3_msgs/lib PYTHONPATH=/home/ros2_ws/install/turtlebot3_msgs/local/lib/python3.10/dist-packages /usr/bin/cmake --install /home/ros2_ws/build/turtlebot3_simulations
[0.093s] -- Install configuration: ""
[0.094s] -- Execute custom install script
[0.094s] -- Up-to-date symlink: /home/ros2_ws/install/turtlebot3_simulations/share/ament_index/resource_index/package_run_dependencies/turtlebot3_simulations
[0.094s] -- Up-to-date symlink: /home/ros2_ws/install/turtlebot3_simulations/share/ament_index/resource_index/parent_prefix_path/turtlebot3_simulations
[0.094s] -- Up-to-date symlink: /home/ros2_ws/install/turtlebot3_simulations/share/turtlebot3_simulations/environment/ament_prefix_path.sh
[0.094s] -- Up-to-date symlink: /home/ros2_ws/install/turtlebot3_simulations/share/turtlebot3_simulations/environment/ament_prefix_path.dsv
[0.094s] -- Up-to-date symlink: /home/ros2_ws/install/turtlebot3_simulations/share/turtlebot3_simulations/environment/path.sh
[0.095s] -- Up-to-date symlink: /home/ros2_ws/install/turtlebot3_simulations/share/turtlebot3_simulations/environment/path.dsv
[0.095s] -- Up-to-date symlink: /home/ros2_ws/install/turtlebot3_simulations/share/turtlebot3_simulations/local_setup.bash
[0.095s] -- Up-to-date symlink: /home/ros2_ws/install/turtlebot3_simulations/share/turtlebot3_simulations/local_setup.sh
[0.095s] -- Up-to-date symlink: /home/ros2_ws/install/turtlebot3_simulations/share/turtlebot3_simulations/local_setup.zsh
[0.095s] -- Up-to-date symlink: /home/ros2_ws/install/turtlebot3_simulations/share/turtlebot3_simulations/local_setup.dsv
[0.095s] -- Symlinking: /home/ros2_ws/install/turtlebot3_simulations/share/turtlebot3_simulations/package.dsv
[0.108s] -- Up-to-date symlink: /home/ros2_ws/install/turtlebot3_simulations/share/ament_index/resource_index/packages/turtlebot3_simulations
[0.108s] -- Up-to-date symlink: /home/ros2_ws/install/turtlebot3_simulations/share/turtlebot3_simulations/cmake/turtlebot3_simulationsConfig.cmake
[0.108s] -- Up-to-date symlink: /home/ros2_ws/install/turtlebot3_simulations/share/turtlebot3_simulations/cmake/turtlebot3_simulationsConfig-version.cmake
[0.108s] -- Up-to-date symlink: /home/ros2_ws/install/turtlebot3_simulations/share/turtlebot3_simulations/package.xml
[0.112s] Invoked command in '/home/ros2_ws/build/turtlebot3_simulations' returned '0': AMENT_PREFIX_PATH=/home/ros2_ws/install/turtlebot3_fake_node:/home/ros2_ws/install/turtlebot3_msgs:/home/ros2_ws/install/turtlebot3_gazebo CMAKE_PREFIX_PATH=/home/ros2_ws/install/turtlebot3_fake_node:/home/ros2_ws/install/turtlebot3_msgs:/home/ros2_ws/install/turtlebot3_gazebo LD_LIBRARY_PATH=/home/ros2_ws/install/turtlebot3_msgs/lib PYTHONPATH=/home/ros2_ws/install/turtlebot3_msgs/local/lib/python3.10/dist-packages /usr/bin/cmake --install /home/ros2_ws/build/turtlebot3_simulations
