[0.067s] Invoking command in '/home/ros2_ws/build/turtlebot3_cartographer': /usr/bin/cmake --build /home/ros2_ws/build/turtlebot3_cartographer -- -j22 -l22
[0.464s] Invoked command in '/home/ros2_ws/build/turtlebot3_cartographer' returned '0': /usr/bin/cmake --build /home/ros2_ws/build/turtlebot3_cartographer -- -j22 -l22
[0.468s] Invoking command in '/home/ros2_ws/build/turtlebot3_cartographer': /usr/bin/cmake --install /home/ros2_ws/build/turtlebot3_cartographer
[0.479s] -- Install configuration: ""
[0.480s] -- Execute custom install script
[0.480s] -- Up-to-date symlink: /home/ros2_ws/install/turtlebot3_cartographer/share/turtlebot3_cartographer/config/turtlebot3_lds_2d.lua
[0.481s] -- Up-to-date symlink: /home/ros2_ws/install/turtlebot3_cartographer/share/turtlebot3_cartographer/launch/cartographer.launch.py
[0.481s] -- Up-to-date symlink: /home/ros2_ws/install/turtlebot3_cartographer/share/turtlebot3_cartographer/launch/occupancy_grid.launch.py
[0.481s] -- Up-to-date symlink: /home/ros2_ws/install/turtlebot3_cartographer/share/turtlebot3_cartographer/rviz/tb3_cartographer.rviz
[0.481s] -- Up-to-date symlink: /home/ros2_ws/install/turtlebot3_cartographer/share/ament_index/resource_index/package_run_dependencies/turtlebot3_cartographer
[0.482s] -- Up-to-date symlink: /home/ros2_ws/install/turtlebot3_cartographer/share/ament_index/resource_index/parent_prefix_path/turtlebot3_cartographer
[0.482s] -- Up-to-date symlink: /home/ros2_ws/install/turtlebot3_cartographer/share/turtlebot3_cartographer/environment/ament_prefix_path.sh
[0.482s] -- Up-to-date symlink: /home/ros2_ws/install/turtlebot3_cartographer/share/turtlebot3_cartographer/environment/ament_prefix_path.dsv
[0.482s] -- Up-to-date symlink: /home/ros2_ws/install/turtlebot3_cartographer/share/turtlebot3_cartographer/environment/path.sh
[0.482s] -- Up-to-date symlink: /home/ros2_ws/install/turtlebot3_cartographer/share/turtlebot3_cartographer/environment/path.dsv
[0.484s] -- Up-to-date symlink: /home/ros2_ws/install/turtlebot3_cartographer/share/turtlebot3_cartographer/local_setup.bash
[0.485s] -- Up-to-date symlink: /home/ros2_ws/install/turtlebot3_cartographer/share/turtlebot3_cartographer/local_setup.sh
[0.486s] -- Up-to-date symlink: /home/ros2_ws/install/turtlebot3_cartographer/share/turtlebot3_cartographer/local_setup.zsh
[0.488s] -- Up-to-date symlink: /home/ros2_ws/install/turtlebot3_cartographer/share/turtlebot3_cartographer/local_setup.dsv
[0.489s] -- Symlinking: /home/ros2_ws/install/turtlebot3_cartographer/share/turtlebot3_cartographer/package.dsv
[0.519s] -- Up-to-date symlink: /home/ros2_ws/install/turtlebot3_cartographer/share/ament_index/resource_index/packages/turtlebot3_cartographer
[0.519s] -- Up-to-date symlink: /home/ros2_ws/install/turtlebot3_cartographer/share/turtlebot3_cartographer/cmake/turtlebot3_cartographerConfig.cmake
[0.519s] -- Up-to-date symlink: /home/ros2_ws/install/turtlebot3_cartographer/share/turtlebot3_cartographer/cmake/turtlebot3_cartographerConfig-version.cmake
[0.520s] -- Up-to-date symlink: /home/ros2_ws/install/turtlebot3_cartographer/share/turtlebot3_cartographer/package.xml
[0.556s] Invoked command in '/home/ros2_ws/build/turtlebot3_cartographer' returned '0': /usr/bin/cmake --install /home/ros2_ws/build/turtlebot3_cartographer
