[0.065s] Invoking command in '/home/ros2_ws/build/turtlebot3_gazebo': CMAKE_PREFIX_PATH=${CMAKE_PREFIX_PATH}:/home/ros2_ws/install/turtlebot3_teleop:/home/ros2_ws/install/turtlebot3_example:/opt/ros/humble /usr/bin/cmake /home/ros2_ws/src/turtlebot3_simulations/turtlebot3_gazebo -DAMENT_CMAKE_SYMLINK_INSTALL=1 -DCMAKE_INSTALL_PREFIX=/home/ros2_ws/install/turtlebot3_gazebo
[0.539s] -- The C compiler identification is GNU 11.4.0
[0.540s] -- The CXX compiler identification is GNU 11.4.0
[0.540s] -- Detecting C compiler ABI info
[0.540s] -- Detecting C compiler ABI info - done
[0.546s] -- Check for working C compiler: /usr/bin/cc - skipped
[0.548s] -- Detecting C compile features
[0.548s] -- Detecting C compile features - done
[0.554s] -- Detecting CXX compiler ABI info
[0.771s] -- Detecting CXX compiler ABI info - done
[0.784s] -- Check for working CXX compiler: /usr/bin/c++ - skipped
[0.785s] -- Detecting CXX compile features
[0.785s] -- Detecting CXX compile features - done
[0.789s] -- Found ament_cmake: 1.3.11 (/opt/ros/humble/share/ament_cmake/cmake)
[1.077s] -- Found Python3: /usr/bin/python3 (found version "3.10.12") found components: Interpreter 
[1.179s] -- Override CMake install command with custom implementation using symlinks instead of copying resources
[1.310s] [33mCMake Warning (dev) at /usr/share/cmake-3.22/Modules/FindPackageHandleStandardArgs.cmake:438 (message):
[1.310s]   The package name passed to `find_package_handle_standard_args` (PkgConfig)
[1.311s]   does not match the name of the calling package (gazebo).  This can lead to
[1.311s]   problems in calling code that expects `find_package` result variables
[1.311s]   (e.g., `_FOUND`) to follow a certain pattern.
[1.312s] Call Stack (most recent call first):
[1.312s]   /usr/share/cmake-3.22/Modules/FindPkgConfig.cmake:99 (find_package_handle_standard_args)
[1.312s]   /usr/lib/x86_64-linux-gnu/cmake/gazebo/gazebo-config.cmake:72 (include)
[1.312s]   CMakeLists.txt:23 (find_package)
[1.312s] This warning is for project developers.  Use -Wno-dev to suppress it.
[1.312s] [0m
[1.312s] -- Found PkgConfig: /usr/bin/pkg-config (found version "0.29.2") 
[1.318s] -- Checking for module 'bullet>=2.82'
[1.372s] --   Found bullet, version 3.05
[1.637s] -- Found fcl: /usr/include (found suitable version "0.7.0", minimum required is "0.5.0") 
[1.950s] -- Found assimp: /usr/include (found version "5.2.0") 
[2.108s] -- Found DART: /usr/include (Required is at least version "6.6") found components: dart 
[2.570s] -- Found Boost: /usr/lib/x86_64-linux-gnu/cmake/Boost-1.74.0/BoostConfig.cmake (found suitable version "1.74.0", minimum required is "1.40.0") found components: thread system filesystem program_options regex iostreams date_time 
[2.611s] -- Found Protobuf: /usr/lib/x86_64-linux-gnu/libprotobuf.so (found version "3.12.4") 
[2.620s] -- Looking for ignition-math6 -- found version 6.15.1
[2.632s] -- Searching for dependencies of ignition-math6
[2.636s] -- Looking for OGRE...
[2.638s] -- OGRE_PREFIX_WATCH changed.
[2.648s] -- Checking for module 'OGRE'
[2.680s] --   Found OGRE, version 1.9.0
[2.769s] -- Found Ogre Ghadamon (1.9.0)
[2.788s] -- Found OGRE: optimized;/usr/lib/x86_64-linux-gnu/libOgreMain.so;debug;/usr/lib/x86_64-linux-gnu/libOgreMain.so
[2.807s] -- Looking for OGRE_Paging...
[2.834s] -- Found OGRE_Paging: optimized;/usr/lib/x86_64-linux-gnu/libOgrePaging.so;debug;/usr/lib/x86_64-linux-gnu/libOgrePaging.so
[2.834s] -- Looking for OGRE_Terrain...
[2.847s] -- Found OGRE_Terrain: optimized;/usr/lib/x86_64-linux-gnu/libOgreTerrain.so;debug;/usr/lib/x86_64-linux-gnu/libOgreTerrain.so
[2.850s] -- Looking for OGRE_Property...
[2.861s] -- Found OGRE_Property: optimized;/usr/lib/x86_64-linux-gnu/libOgreProperty.so;debug;/usr/lib/x86_64-linux-gnu/libOgreProperty.so
[2.861s] -- Looking for OGRE_RTShaderSystem...
[2.874s] -- Found OGRE_RTShaderSystem: optimized;/usr/lib/x86_64-linux-gnu/libOgreRTShaderSystem.so;debug;/usr/lib/x86_64-linux-gnu/libOgreRTShaderSystem.so
[2.875s] -- Looking for OGRE_Volume...
[2.885s] -- Found OGRE_Volume: optimized;/usr/lib/x86_64-linux-gnu/libOgreVolume.so;debug;/usr/lib/x86_64-linux-gnu/libOgreVolume.so
[2.886s] -- Looking for OGRE_Overlay...
[2.896s] -- Found OGRE_Overlay: optimized;/usr/lib/x86_64-linux-gnu/libOgreOverlay.so;debug;/usr/lib/x86_64-linux-gnu/libOgreOverlay.so
[3.181s] -- Looking for ignition-math6 -- found version 6.15.1
[3.185s] -- Looking for ignition-transport8 -- found version 8.2.1
[3.185s] -- Searching for dependencies of ignition-transport8
[3.223s] -- Found Protobuf: /usr/lib/x86_64-linux-gnu/libprotobuf.so (found suitable version "3.12.4", minimum required is "3") 
[3.254s] -- Config-file not installed for ZeroMQ -- checking for pkg-config
[3.266s] -- Checking for module 'libzmq >= 4'
[3.298s] --   Found libzmq , version 4.3.4
[3.370s] -- Found ZeroMQ: TRUE (Required is at least version "4") 
[3.379s] -- Checking for module 'uuid'
[3.411s] --   Found uuid, version 2.37.2
[3.498s] -- Found UUID: TRUE  
[3.505s] -- Looking for ignition-msgs5 -- found version 5.8.1
[3.508s] -- Searching for dependencies of ignition-msgs5
[3.565s] -- Looking for ignition-math6 -- found version 6.15.1
[3.577s] -- Checking for module 'tinyxml2'
[3.628s] --   Found tinyxml2, version 9.0.0
[3.685s] -- Looking for ignition-msgs5 -- found version 5.8.1
[3.691s] -- Looking for ignition-common3 -- found version 3.14.0
[3.692s] -- Searching for dependencies of ignition-common3
[3.693s] -- Looking for dlfcn.h - found
[3.696s] -- Looking for libdl - found
[3.701s] -- Found DL: TRUE  
[3.734s] -- Found tinyobjloader: /usr/lib/x86_64-linux-gnu/cmake/tinyobjloader/tinyobjloader-config.cmake (found version "2.0.0") 
[3.735s] -- Searching for <ignition-common3> component [graphics]
[3.741s] -- Looking for ignition-common3-graphics -- found version 3.14.0
[3.741s] -- Searching for dependencies of ignition-common3-graphics
[3.744s] -- Looking for ignition-math6 -- found version 6.15.1
[3.761s] -- Looking for ignition-fuel_tools4 -- found version 4.4.0
[3.763s] -- Searching for dependencies of ignition-fuel_tools4
[3.929s] -- Found CURL: /usr/lib/x86_64-linux-gnu/libcurl.so (found version "7.81.0")  
[3.952s] -- Checking for module 'jsoncpp'
[3.976s] --   Found jsoncpp, version 1.9.5
[4.035s] -- Found JSONCPP: TRUE  
[4.057s] -- Checking for module 'libzip'
[4.085s] --   Found libzip, version 1.7.3
[4.201s] -- Found ZIP: TRUE  
[4.202s] -- Looking for ignition-common3 -- found version 3.14.0
[4.202s] -- Looking for ignition-math6 -- found version 6.15.1
[4.202s] -- Looking for ignition-msgs5 -- found version 5.8.1
[4.216s] -- Found gazebo_ros_pkgs: 3.9.0 (/opt/ros/humble/share/gazebo_ros_pkgs/cmake)
[4.219s] -- Found geometry_msgs: 4.9.0 (/opt/ros/humble/share/geometry_msgs/cmake)
[4.283s] -- Found rosidl_generator_c: 3.1.6 (/opt/ros/humble/share/rosidl_generator_c/cmake)
[4.299s] -- Found rosidl_adapter: 3.1.6 (/opt/ros/humble/share/rosidl_adapter/cmake)
[4.305s] -- Found rosidl_generator_cpp: 3.1.6 (/opt/ros/humble/share/rosidl_generator_cpp/cmake)
[4.329s] -- Using all available rosidl_typesupport_c: rosidl_typesupport_fastrtps_c;rosidl_typesupport_introspection_c
[4.349s] -- Using all available rosidl_typesupport_cpp: rosidl_typesupport_fastrtps_cpp;rosidl_typesupport_introspection_cpp
[4.431s] -- Found nav_msgs: 4.9.0 (/opt/ros/humble/share/nav_msgs/cmake)
[4.486s] -- Found rclcpp: 16.0.12 (/opt/ros/humble/share/rclcpp/cmake)
[4.586s] -- Found rmw_implementation_cmake: 6.1.2 (/opt/ros/humble/share/rmw_implementation_cmake/cmake)
[4.597s] -- Found rmw_fastrtps_cpp: 6.2.7 (/opt/ros/humble/share/rmw_fastrtps_cpp/cmake)
[4.931s] -- Found OpenSSL: /usr/lib/x86_64-linux-gnu/libcrypto.so (found version "3.0.2")  
[5.000s] -- Found FastRTPS: /opt/ros/humble/include  
[5.180s] -- Using RMW implementation 'rmw_fastrtps_cpp' as default
[5.221s] -- Found Threads: TRUE  
[5.355s] -- Found sensor_msgs: 4.9.0 (/opt/ros/humble/share/sensor_msgs/cmake)
[5.409s] -- Found tf2: 0.25.13 (/opt/ros/humble/share/tf2/cmake)
[5.579s] -- Configuring done
[5.680s] -- Generating done
[5.699s] -- Build files have been written to: /home/ros2_ws/build/turtlebot3_gazebo
[5.734s] Invoked command in '/home/ros2_ws/build/turtlebot3_gazebo' returned '0': CMAKE_PREFIX_PATH=${CMAKE_PREFIX_PATH}:/home/ros2_ws/install/turtlebot3_teleop:/home/ros2_ws/install/turtlebot3_example:/opt/ros/humble /usr/bin/cmake /home/ros2_ws/src/turtlebot3_simulations/turtlebot3_gazebo -DAMENT_CMAKE_SYMLINK_INSTALL=1 -DCMAKE_INSTALL_PREFIX=/home/ros2_ws/install/turtlebot3_gazebo
[5.736s] Invoking command in '/home/ros2_ws/build/turtlebot3_gazebo': CMAKE_PREFIX_PATH=${CMAKE_PREFIX_PATH}:/home/ros2_ws/install/turtlebot3_teleop:/home/ros2_ws/install/turtlebot3_example:/opt/ros/humble /usr/bin/cmake --build /home/ros2_ws/build/turtlebot3_gazebo -- -j22 -l22
[5.836s] [  8%] [32mBuilding CXX object CMakeFiles/obstacle2.dir/src/obstacle2.cpp.o[0m
[5.836s] [ 16%] [32mBuilding CXX object CMakeFiles/turtlebot3_drive.dir/src/turtlebot3_drive.cpp.o[0m
[5.837s] [ 25%] [32mBuilding CXX object CMakeFiles/obstacle1.dir/src/obstacle1.cpp.o[0m
[5.840s] [ 33%] [32mBuilding CXX object CMakeFiles/traffic_light_plugin.dir/src/traffic_light_plugin.cpp.o[0m
[5.846s] [ 41%] [32mBuilding CXX object CMakeFiles/traffic_bar_plugin.dir/src/traffic_bar_plugin.cpp.o[0m
[5.851s] [ 50%] [32mBuilding CXX object CMakeFiles/obstacles.dir/src/obstacles.cpp.o[0m
[33.301s] [ 58%] [32m[1mLinking CXX executable turtlebot3_drive[0m
[34.518s] [ 66%] [32m[1mLinking CXX shared library libobstacle2.so[0m
[34.969s] [ 75%] [32m[1mLinking CXX shared library libobstacle1.so[0m
[35.136s] [ 83%] [32m[1mLinking CXX shared library libtraffic_bar_plugin.so[0m
[35.151s] [ 91%] Built target turtlebot3_drive
[35.155s] [ 91%] [32m[1mLinking CXX shared library libtraffic_light_plugin.so[0m
[35.508s] [ 91%] Built target obstacle2
[35.620s] [ 91%] Built target obstacle1
[35.710s] [ 91%] Built target traffic_bar_plugin
[36.033s] [ 91%] Built target traffic_light_plugin
[37.652s] [100%] [32m[1mLinking CXX shared library libobstacles.so[0m
[38.170s] [100%] Built target obstacles
[38.195s] Invoked command in '/home/ros2_ws/build/turtlebot3_gazebo' returned '0': CMAKE_PREFIX_PATH=${CMAKE_PREFIX_PATH}:/home/ros2_ws/install/turtlebot3_teleop:/home/ros2_ws/install/turtlebot3_example:/opt/ros/humble /usr/bin/cmake --build /home/ros2_ws/build/turtlebot3_gazebo -- -j22 -l22
[38.203s] Invoking command in '/home/ros2_ws/build/turtlebot3_gazebo': CMAKE_PREFIX_PATH=${CMAKE_PREFIX_PATH}:/home/ros2_ws/install/turtlebot3_teleop:/home/ros2_ws/install/turtlebot3_example:/opt/ros/humble /usr/bin/cmake --install /home/ros2_ws/build/turtlebot3_gazebo
[38.213s] -- Install configuration: ""
[38.215s] -- Execute custom install script
[38.216s] -- Symlinking: /home/ros2_ws/install/turtlebot3_gazebo/lib/turtlebot3_gazebo/turtlebot3_drive
[38.232s] -- Symlinking: /home/ros2_ws/install/turtlebot3_gazebo/share/turtlebot3_gazebo//launch/empty_world.launch.py
[38.249s] -- Symlinking: /home/ros2_ws/install/turtlebot3_gazebo/share/turtlebot3_gazebo//launch/multi_robot.launch.py
[38.267s] -- Symlinking: /home/ros2_ws/install/turtlebot3_gazebo/share/turtlebot3_gazebo//launch/multi_spawn_turtlebot3.launch.py
[38.288s] -- Symlinking: /home/ros2_ws/install/turtlebot3_gazebo/share/turtlebot3_gazebo//launch/robot_state_publisher.launch.py
[38.305s] -- Symlinking: /home/ros2_ws/install/turtlebot3_gazebo/share/turtlebot3_gazebo//launch/spawn_turtlebot3.launch.py
[38.317s] -- Symlinking: /home/ros2_ws/install/turtlebot3_gazebo/share/turtlebot3_gazebo//launch/turtlebot3_autorace_2020.launch.py
[38.330s] -- Symlinking: /home/ros2_ws/install/turtlebot3_gazebo/share/turtlebot3_gazebo//launch/turtlebot3_dqn_stage1.launch.py
[38.350s] -- Symlinking: /home/ros2_ws/install/turtlebot3_gazebo/share/turtlebot3_gazebo//launch/turtlebot3_dqn_stage2.launch.py
[38.370s] -- Symlinking: /home/ros2_ws/install/turtlebot3_gazebo/share/turtlebot3_gazebo//launch/turtlebot3_dqn_stage3.launch.py
[38.390s] -- Symlinking: /home/ros2_ws/install/turtlebot3_gazebo/share/turtlebot3_gazebo//launch/turtlebot3_dqn_stage4.launch.py
[38.408s] -- Symlinking: /home/ros2_ws/install/turtlebot3_gazebo/share/turtlebot3_gazebo//launch/turtlebot3_house.launch.py
[38.424s] -- Symlinking: /home/ros2_ws/install/turtlebot3_gazebo/share/turtlebot3_gazebo//launch/turtlebot3_world.launch.py
[38.464s] -- Symlinking: /home/ros2_ws/install/turtlebot3_gazebo/share/turtlebot3_gazebo//models/turtlebot3_autorace_2020/checker/materials/checker.png
[38.481s] -- Symlinking: /home/ros2_ws/install/turtlebot3_gazebo/share/turtlebot3_gazebo//models/turtlebot3_autorace_2020/checker/materials/scripts/checker.material
[38.499s] -- Symlinking: /home/ros2_ws/install/turtlebot3_gazebo/share/turtlebot3_gazebo//models/turtlebot3_autorace_2020/checker/materials/textures/checker.png
[38.522s] -- Symlinking: /home/ros2_ws/install/turtlebot3_gazebo/share/turtlebot3_gazebo//models/turtlebot3_autorace_2020/checker/model.config
[38.548s] -- Symlinking: /home/ros2_ws/install/turtlebot3_gazebo/share/turtlebot3_gazebo//models/turtlebot3_autorace_2020/checker/model.sdf
[38.562s] -- Symlinking: /home/ros2_ws/install/turtlebot3_gazebo/share/turtlebot3_gazebo//models/turtlebot3_autorace_2020/course/materials/scripts/course.material
[38.585s] -- Symlinking: /home/ros2_ws/install/turtlebot3_gazebo/share/turtlebot3_gazebo//models/turtlebot3_autorace_2020/course/materials/textures/course.png
[38.606s] -- Symlinking: /home/ros2_ws/install/turtlebot3_gazebo/share/turtlebot3_gazebo//models/turtlebot3_autorace_2020/course/model.config
[38.632s] -- Symlinking: /home/ros2_ws/install/turtlebot3_gazebo/share/turtlebot3_gazebo//models/turtlebot3_autorace_2020/course/model.sdf
[38.646s] -- Symlinking: /home/ros2_ws/install/turtlebot3_gazebo/share/turtlebot3_gazebo//models/turtlebot3_autorace_2020/traffic_bar/materials/scripts/traffic_bar.material
[38.659s] -- Symlinking: /home/ros2_ws/install/turtlebot3_gazebo/share/turtlebot3_gazebo//models/turtlebot3_autorace_2020/traffic_bar/materials/textures/traffic_bar.png
[38.681s] -- Symlinking: /home/ros2_ws/install/turtlebot3_gazebo/share/turtlebot3_gazebo//models/turtlebot3_autorace_2020/traffic_bar/model.config
[38.696s] -- Symlinking: /home/ros2_ws/install/turtlebot3_gazebo/share/turtlebot3_gazebo//models/turtlebot3_autorace_2020/traffic_bar/model.sdf
[38.710s] -- Symlinking: /home/ros2_ws/install/turtlebot3_gazebo/share/turtlebot3_gazebo//models/turtlebot3_autorace_2020/traffic_construction/materials/scripts/traffic_construction.material
[38.724s] -- Symlinking: /home/ros2_ws/install/turtlebot3_gazebo/share/turtlebot3_gazebo//models/turtlebot3_autorace_2020/traffic_construction/materials/textures/traffic_construction.png
[38.735s] -- Symlinking: /home/ros2_ws/install/turtlebot3_gazebo/share/turtlebot3_gazebo//models/turtlebot3_autorace_2020/traffic_construction/model.config
[38.750s] -- Symlinking: /home/ros2_ws/install/turtlebot3_gazebo/share/turtlebot3_gazebo//models/turtlebot3_autorace_2020/traffic_construction/model.sdf
[38.766s] -- Symlinking: /home/ros2_ws/install/turtlebot3_gazebo/share/turtlebot3_gazebo//models/turtlebot3_autorace_2020/traffic_intersection/materials/scripts/traffic_intersection.material
[38.783s] -- Symlinking: /home/ros2_ws/install/turtlebot3_gazebo/share/turtlebot3_gazebo//models/turtlebot3_autorace_2020/traffic_intersection/materials/textures/traffic_intersection.png
[38.827s] -- Symlinking: /home/ros2_ws/install/turtlebot3_gazebo/share/turtlebot3_gazebo//models/turtlebot3_autorace_2020/traffic_intersection/model.config
[38.843s] -- Symlinking: /home/ros2_ws/install/turtlebot3_gazebo/share/turtlebot3_gazebo//models/turtlebot3_autorace_2020/traffic_intersection/model.sdf
[38.867s] -- Symlinking: /home/ros2_ws/install/turtlebot3_gazebo/share/turtlebot3_gazebo//models/turtlebot3_autorace_2020/traffic_left/materials/scripts/traffic_is_left.material
[38.916s] -- Symlinking: /home/ros2_ws/install/turtlebot3_gazebo/share/turtlebot3_gazebo//models/turtlebot3_autorace_2020/traffic_left/materials/textures/traffic_left.png
[38.935s] -- Symlinking: /home/ros2_ws/install/turtlebot3_gazebo/share/turtlebot3_gazebo//models/turtlebot3_autorace_2020/traffic_left/model.config
[38.956s] -- Symlinking: /home/ros2_ws/install/turtlebot3_gazebo/share/turtlebot3_gazebo//models/turtlebot3_autorace_2020/traffic_left/model.sdf
[38.982s] -- Symlinking: /home/ros2_ws/install/turtlebot3_gazebo/share/turtlebot3_gazebo//models/turtlebot3_autorace_2020/traffic_light/materials/scripts/traffic_light.material
[38.994s] -- Symlinking: /home/ros2_ws/install/turtlebot3_gazebo/share/turtlebot3_gazebo//models/turtlebot3_autorace_2020/traffic_light/materials/textures/traffic_light.png
[39.004s] -- Symlinking: /home/ros2_ws/install/turtlebot3_gazebo/share/turtlebot3_gazebo//models/turtlebot3_autorace_2020/traffic_light/materials/textures/traffic_light_green.png
[39.025s] -- Symlinking: /home/ros2_ws/install/turtlebot3_gazebo/share/turtlebot3_gazebo//models/turtlebot3_autorace_2020/traffic_light/materials/textures/traffic_light_red.png
[39.039s] -- Symlinking: /home/ros2_ws/install/turtlebot3_gazebo/share/turtlebot3_gazebo//models/turtlebot3_autorace_2020/traffic_light/materials/textures/traffic_light_yellow.png
[39.061s] -- Symlinking: /home/ros2_ws/install/turtlebot3_gazebo/share/turtlebot3_gazebo//models/turtlebot3_autorace_2020/traffic_light/model.config
[39.077s] -- Symlinking: /home/ros2_ws/install/turtlebot3_gazebo/share/turtlebot3_gazebo//models/turtlebot3_autorace_2020/traffic_light/model.sdf
[39.091s] -- Symlinking: /home/ros2_ws/install/turtlebot3_gazebo/share/turtlebot3_gazebo//models/turtlebot3_autorace_2020/traffic_noentry/materials/scripts/traffic_noentry.material
[39.110s] -- Symlinking: /home/ros2_ws/install/turtlebot3_gazebo/share/turtlebot3_gazebo//models/turtlebot3_autorace_2020/traffic_noentry/materials/textures/traffic_noentry.png
[39.130s] -- Symlinking: /home/ros2_ws/install/turtlebot3_gazebo/share/turtlebot3_gazebo//models/turtlebot3_autorace_2020/traffic_noentry/model.config
[39.155s] -- Symlinking: /home/ros2_ws/install/turtlebot3_gazebo/share/turtlebot3_gazebo//models/turtlebot3_autorace_2020/traffic_noentry/model.sdf
[39.175s] -- Symlinking: /home/ros2_ws/install/turtlebot3_gazebo/share/turtlebot3_gazebo//models/turtlebot3_autorace_2020/traffic_parking/materials/scripts/traffic_parking.material
[39.189s] -- Symlinking: /home/ros2_ws/install/turtlebot3_gazebo/share/turtlebot3_gazebo//models/turtlebot3_autorace_2020/traffic_parking/materials/textures/traffic_parking.png
[39.203s] -- Symlinking: /home/ros2_ws/install/turtlebot3_gazebo/share/turtlebot3_gazebo//models/turtlebot3_autorace_2020/traffic_parking/model.config
[39.217s] -- Symlinking: /home/ros2_ws/install/turtlebot3_gazebo/share/turtlebot3_gazebo//models/turtlebot3_autorace_2020/traffic_parking/model.sdf
[39.237s] -- Symlinking: /home/ros2_ws/install/turtlebot3_gazebo/share/turtlebot3_gazebo//models/turtlebot3_autorace_2020/traffic_pl_left/materials/scripts/traffic_pl_left.material
[39.257s] -- Symlinking: /home/ros2_ws/install/turtlebot3_gazebo/share/turtlebot3_gazebo//models/turtlebot3_autorace_2020/traffic_pl_left/materials/textures/traffic_pl_left.png
[39.282s] -- Symlinking: /home/ros2_ws/install/turtlebot3_gazebo/share/turtlebot3_gazebo//models/turtlebot3_autorace_2020/traffic_pl_left/model.config
[39.309s] -- Symlinking: /home/ros2_ws/install/turtlebot3_gazebo/share/turtlebot3_gazebo//models/turtlebot3_autorace_2020/traffic_pl_left/model.sdf
[39.325s] -- Symlinking: /home/ros2_ws/install/turtlebot3_gazebo/share/turtlebot3_gazebo//models/turtlebot3_autorace_2020/traffic_right/materials/scripts/traffic_right.material
[39.348s] -- Symlinking: /home/ros2_ws/install/turtlebot3_gazebo/share/turtlebot3_gazebo//models/turtlebot3_autorace_2020/traffic_right/materials/textures/traffic_right.png
[39.363s] -- Symlinking: /home/ros2_ws/install/turtlebot3_gazebo/share/turtlebot3_gazebo//models/turtlebot3_autorace_2020/traffic_right/model.config
[39.380s] -- Symlinking: /home/ros2_ws/install/turtlebot3_gazebo/share/turtlebot3_gazebo//models/turtlebot3_autorace_2020/traffic_right/model.sdf
[39.410s] -- Symlinking: /home/ros2_ws/install/turtlebot3_gazebo/share/turtlebot3_gazebo//models/turtlebot3_autorace_2020/traffic_stop/materials/scripts/traffic_stop.material
[39.436s] -- Symlinking: /home/ros2_ws/install/turtlebot3_gazebo/share/turtlebot3_gazebo//models/turtlebot3_autorace_2020/traffic_stop/materials/textures/traffic_stop.png
[39.458s] -- Symlinking: /home/ros2_ws/install/turtlebot3_gazebo/share/turtlebot3_gazebo//models/turtlebot3_autorace_2020/traffic_stop/model.config
[39.482s] -- Symlinking: /home/ros2_ws/install/turtlebot3_gazebo/share/turtlebot3_gazebo//models/turtlebot3_autorace_2020/traffic_stop/model.sdf
[39.507s] -- Symlinking: /home/ros2_ws/install/turtlebot3_gazebo/share/turtlebot3_gazebo//models/turtlebot3_autorace_2020/traffic_tunnel/materials/scripts/tunnel.material
[39.522s] -- Symlinking: /home/ros2_ws/install/turtlebot3_gazebo/share/turtlebot3_gazebo//models/turtlebot3_autorace_2020/traffic_tunnel/materials/textures/tunnel.png
[39.543s] -- Symlinking: /home/ros2_ws/install/turtlebot3_gazebo/share/turtlebot3_gazebo//models/turtlebot3_autorace_2020/traffic_tunnel/model.config
[39.556s] -- Symlinking: /home/ros2_ws/install/turtlebot3_gazebo/share/turtlebot3_gazebo//models/turtlebot3_autorace_2020/traffic_tunnel/model.sdf
[39.581s] -- Symlinking: /home/ros2_ws/install/turtlebot3_gazebo/share/turtlebot3_gazebo//models/turtlebot3_burger/model-1_4.sdf
[39.604s] -- Symlinking: /home/ros2_ws/install/turtlebot3_gazebo/share/turtlebot3_gazebo//models/turtlebot3_burger/model.config
[39.621s] -- Symlinking: /home/ros2_ws/install/turtlebot3_gazebo/share/turtlebot3_gazebo//models/turtlebot3_burger/model.sdf
[39.640s] -- Symlinking: /home/ros2_ws/install/turtlebot3_gazebo/share/turtlebot3_gazebo//models/turtlebot3_burger_cam/model-1_4.sdf
[39.657s] -- Symlinking: /home/ros2_ws/install/turtlebot3_gazebo/share/turtlebot3_gazebo//models/turtlebot3_burger_cam/model.config
[39.672s] -- Symlinking: /home/ros2_ws/install/turtlebot3_gazebo/share/turtlebot3_gazebo//models/turtlebot3_burger_cam/model.sdf
[39.693s] -- Symlinking: /home/ros2_ws/install/turtlebot3_gazebo/share/turtlebot3_gazebo//models/turtlebot3_common/meshes/bases/burger_base.stl
[39.710s] -- Symlinking: /home/ros2_ws/install/turtlebot3_gazebo/share/turtlebot3_gazebo//models/turtlebot3_common/meshes/bases/waffle_base.stl
[39.730s] -- Symlinking: /home/ros2_ws/install/turtlebot3_gazebo/share/turtlebot3_gazebo//models/turtlebot3_common/meshes/bases/waffle_pi_base.stl
[39.748s] -- Symlinking: /home/ros2_ws/install/turtlebot3_gazebo/share/turtlebot3_gazebo//models/turtlebot3_common/meshes/burger_base.dae
[39.769s] -- Symlinking: /home/ros2_ws/install/turtlebot3_gazebo/share/turtlebot3_gazebo//models/turtlebot3_common/meshes/lds.dae
[39.789s] -- Symlinking: /home/ros2_ws/install/turtlebot3_gazebo/share/turtlebot3_gazebo//models/turtlebot3_common/meshes/r200.dae
[39.808s] -- Symlinking: /home/ros2_ws/install/turtlebot3_gazebo/share/turtlebot3_gazebo//models/turtlebot3_common/meshes/sensors/astra.dae
[39.821s] -- Symlinking: /home/ros2_ws/install/turtlebot3_gazebo/share/turtlebot3_gazebo//models/turtlebot3_common/meshes/sensors/astra.jpg
[39.848s] -- Symlinking: /home/ros2_ws/install/turtlebot3_gazebo/share/turtlebot3_gazebo//models/turtlebot3_common/meshes/sensors/lds.stl
[39.880s] -- Symlinking: /home/ros2_ws/install/turtlebot3_gazebo/share/turtlebot3_gazebo//models/turtlebot3_common/meshes/sensors/r200.dae
[39.905s] -- Symlinking: /home/ros2_ws/install/turtlebot3_gazebo/share/turtlebot3_gazebo//models/turtlebot3_common/meshes/sensors/r200.jpg
[39.920s] -- Symlinking: /home/ros2_ws/install/turtlebot3_gazebo/share/turtlebot3_gazebo//models/turtlebot3_common/meshes/tire.dae
[39.934s] -- Symlinking: /home/ros2_ws/install/turtlebot3_gazebo/share/turtlebot3_gazebo//models/turtlebot3_common/meshes/waffle_base.dae
[39.961s] -- Symlinking: /home/ros2_ws/install/turtlebot3_gazebo/share/turtlebot3_gazebo//models/turtlebot3_common/meshes/waffle_pi_base.dae
[39.977s] -- Symlinking: /home/ros2_ws/install/turtlebot3_gazebo/share/turtlebot3_gazebo//models/turtlebot3_common/meshes/wheels/left_tire.stl
[40.004s] -- Symlinking: /home/ros2_ws/install/turtlebot3_gazebo/share/turtlebot3_gazebo//models/turtlebot3_common/meshes/wheels/right_tire.stl
[40.026s] -- Symlinking: /home/ros2_ws/install/turtlebot3_gazebo/share/turtlebot3_gazebo//models/turtlebot3_common/model.config
[40.045s] -- Symlinking: /home/ros2_ws/install/turtlebot3_gazebo/share/turtlebot3_gazebo//models/turtlebot3_dqn_world/goal_box/model.config
[40.062s] -- Symlinking: /home/ros2_ws/install/turtlebot3_gazebo/share/turtlebot3_gazebo//models/turtlebot3_dqn_world/goal_box/model.sdf
[40.079s] -- Symlinking: /home/ros2_ws/install/turtlebot3_gazebo/share/turtlebot3_gazebo//models/turtlebot3_dqn_world/inner_walls/model.config
[40.094s] -- Symlinking: /home/ros2_ws/install/turtlebot3_gazebo/share/turtlebot3_gazebo//models/turtlebot3_dqn_world/inner_walls/model.sdf
[40.113s] -- Symlinking: /home/ros2_ws/install/turtlebot3_gazebo/share/turtlebot3_gazebo//models/turtlebot3_dqn_world/model.config
[40.131s] -- Symlinking: /home/ros2_ws/install/turtlebot3_gazebo/share/turtlebot3_gazebo//models/turtlebot3_dqn_world/model.sdf
[40.149s] -- Symlinking: /home/ros2_ws/install/turtlebot3_gazebo/share/turtlebot3_gazebo//models/turtlebot3_dqn_world/obstacle1/model.config
[40.178s] -- Symlinking: /home/ros2_ws/install/turtlebot3_gazebo/share/turtlebot3_gazebo//models/turtlebot3_dqn_world/obstacle1/model.sdf
[40.198s] -- Symlinking: /home/ros2_ws/install/turtlebot3_gazebo/share/turtlebot3_gazebo//models/turtlebot3_dqn_world/obstacle2/model.config
[40.231s] -- Symlinking: /home/ros2_ws/install/turtlebot3_gazebo/share/turtlebot3_gazebo//models/turtlebot3_dqn_world/obstacle2/model.sdf
[40.247s] -- Symlinking: /home/ros2_ws/install/turtlebot3_gazebo/share/turtlebot3_gazebo//models/turtlebot3_dqn_world/obstacles/model.config
[40.269s] -- Symlinking: /home/ros2_ws/install/turtlebot3_gazebo/share/turtlebot3_gazebo//models/turtlebot3_dqn_world/obstacles/model.sdf
[40.285s] -- Symlinking: /home/ros2_ws/install/turtlebot3_gazebo/share/turtlebot3_gazebo//models/turtlebot3_house/model.config
[40.301s] -- Symlinking: /home/ros2_ws/install/turtlebot3_gazebo/share/turtlebot3_gazebo//models/turtlebot3_house/model.sdf
[40.320s] -- Symlinking: /home/ros2_ws/install/turtlebot3_gazebo/share/turtlebot3_gazebo//models/turtlebot3_waffle/model-1_4.sdf
[40.342s] -- Symlinking: /home/ros2_ws/install/turtlebot3_gazebo/share/turtlebot3_gazebo//models/turtlebot3_waffle/model.config
[40.365s] -- Symlinking: /home/ros2_ws/install/turtlebot3_gazebo/share/turtlebot3_gazebo//models/turtlebot3_waffle/model.sdf
[40.392s] -- Symlinking: /home/ros2_ws/install/turtlebot3_gazebo/share/turtlebot3_gazebo//models/turtlebot3_waffle_pi/model-1_4_.sdf
[40.406s] -- Symlinking: /home/ros2_ws/install/turtlebot3_gazebo/share/turtlebot3_gazebo//models/turtlebot3_waffle_pi/model.config
[40.423s] -- Symlinking: /home/ros2_ws/install/turtlebot3_gazebo/share/turtlebot3_gazebo//models/turtlebot3_waffle_pi/model.sdf
[40.437s] -- Symlinking: /home/ros2_ws/install/turtlebot3_gazebo/share/turtlebot3_gazebo//models/turtlebot3_world/meshes/hexagon.dae
[40.452s] -- Symlinking: /home/ros2_ws/install/turtlebot3_gazebo/share/turtlebot3_gazebo//models/turtlebot3_world/meshes/wall.dae
[40.472s] -- Symlinking: /home/ros2_ws/install/turtlebot3_gazebo/share/turtlebot3_gazebo//models/turtlebot3_world/model-1_4.sdf
[40.501s] -- Symlinking: /home/ros2_ws/install/turtlebot3_gazebo/share/turtlebot3_gazebo//models/turtlebot3_world/model.config
[40.516s] -- Symlinking: /home/ros2_ws/install/turtlebot3_gazebo/share/turtlebot3_gazebo//models/turtlebot3_world/model.sdf
[40.539s] -- Symlinking: /home/ros2_ws/install/turtlebot3_gazebo/share/turtlebot3_gazebo//rviz/tb3_gazebo.rviz
[40.556s] -- Symlinking: /home/ros2_ws/install/turtlebot3_gazebo/share/turtlebot3_gazebo//urdf/common_properties.urdf
[40.572s] -- Symlinking: /home/ros2_ws/install/turtlebot3_gazebo/share/turtlebot3_gazebo//urdf/turtlebot3_burger.urdf
[40.591s] -- Symlinking: /home/ros2_ws/install/turtlebot3_gazebo/share/turtlebot3_gazebo//urdf/turtlebot3_burger_cam.urdf
[40.618s] -- Symlinking: /home/ros2_ws/install/turtlebot3_gazebo/share/turtlebot3_gazebo//urdf/turtlebot3_waffle.urdf
[40.632s] -- Symlinking: /home/ros2_ws/install/turtlebot3_gazebo/share/turtlebot3_gazebo//urdf/turtlebot3_waffle_pi.urdf
[40.654s] -- Symlinking: /home/ros2_ws/install/turtlebot3_gazebo/share/turtlebot3_gazebo//worlds/empty_world.world
[40.670s] -- Symlinking: /home/ros2_ws/install/turtlebot3_gazebo/share/turtlebot3_gazebo//worlds/turtlebot3_autorace_2020.world
[40.690s] -- Symlinking: /home/ros2_ws/install/turtlebot3_gazebo/share/turtlebot3_gazebo//worlds/turtlebot3_dqn_stage1.world
[40.708s] -- Symlinking: /home/ros2_ws/install/turtlebot3_gazebo/share/turtlebot3_gazebo//worlds/turtlebot3_dqn_stage2.world
[40.733s] -- Symlinking: /home/ros2_ws/install/turtlebot3_gazebo/share/turtlebot3_gazebo//worlds/turtlebot3_dqn_stage3.world
[40.753s] -- Symlinking: /home/ros2_ws/install/turtlebot3_gazebo/share/turtlebot3_gazebo//worlds/turtlebot3_dqn_stage4.world
[40.775s] -- Symlinking: /home/ros2_ws/install/turtlebot3_gazebo/share/turtlebot3_gazebo//worlds/turtlebot3_house.world
[40.791s] -- Symlinking: /home/ros2_ws/install/turtlebot3_gazebo/share/turtlebot3_gazebo//worlds/turtlebot3_world.world
[40.806s] -- Symlinking: /home/ros2_ws/install/turtlebot3_gazebo/include//turtlebot3_gazebo/obstacle1.hpp
[40.823s] -- Symlinking: /home/ros2_ws/install/turtlebot3_gazebo/include//turtlebot3_gazebo/obstacle2.hpp
[40.841s] -- Symlinking: /home/ros2_ws/install/turtlebot3_gazebo/include//turtlebot3_gazebo/obstacles.hpp
[40.858s] -- Symlinking: /home/ros2_ws/install/turtlebot3_gazebo/include//turtlebot3_gazebo/traffic_bar_plugin.hpp
[40.878s] -- Symlinking: /home/ros2_ws/install/turtlebot3_gazebo/include//turtlebot3_gazebo/traffic_light_plugin.hpp
[40.892s] -- Symlinking: /home/ros2_ws/install/turtlebot3_gazebo/include//turtlebot3_gazebo/turtlebot3_drive.hpp
[40.906s] -- Symlinking: /home/ros2_ws/install/turtlebot3_gazebo/share/ament_index/resource_index/package_run_dependencies/turtlebot3_gazebo
[40.921s] -- Symlinking: /home/ros2_ws/install/turtlebot3_gazebo/share/ament_index/resource_index/parent_prefix_path/turtlebot3_gazebo
[40.938s] -- Symlinking: /home/ros2_ws/install/turtlebot3_gazebo/share/turtlebot3_gazebo/environment/ament_prefix_path.sh
[40.956s] -- Symlinking: /home/ros2_ws/install/turtlebot3_gazebo/share/turtlebot3_gazebo/environment/ament_prefix_path.dsv
[40.977s] -- Symlinking: /home/ros2_ws/install/turtlebot3_gazebo/share/turtlebot3_gazebo/environment/path.sh
[40.999s] -- Symlinking: /home/ros2_ws/install/turtlebot3_gazebo/share/turtlebot3_gazebo/environment/path.dsv
[41.017s] -- Symlinking: /home/ros2_ws/install/turtlebot3_gazebo/share/turtlebot3_gazebo/local_setup.bash
[41.034s] -- Symlinking: /home/ros2_ws/install/turtlebot3_gazebo/share/turtlebot3_gazebo/local_setup.sh
[41.054s] -- Symlinking: /home/ros2_ws/install/turtlebot3_gazebo/share/turtlebot3_gazebo/local_setup.zsh
[41.070s] -- Symlinking: /home/ros2_ws/install/turtlebot3_gazebo/share/turtlebot3_gazebo/local_setup.dsv
[41.084s] -- Symlinking: /home/ros2_ws/install/turtlebot3_gazebo/share/turtlebot3_gazebo/package.dsv
[41.106s] -- Symlinking: /home/ros2_ws/install/turtlebot3_gazebo/share/ament_index/resource_index/packages/turtlebot3_gazebo
[41.124s] -- Symlinking: /home/ros2_ws/install/turtlebot3_gazebo/share/turtlebot3_gazebo/cmake/ament_cmake_export_include_directories-extras.cmake
[41.141s] -- Symlinking: /home/ros2_ws/install/turtlebot3_gazebo/share/turtlebot3_gazebo/cmake/ament_cmake_export_dependencies-extras.cmake
[41.155s] -- Symlinking: /home/ros2_ws/install/turtlebot3_gazebo/share/turtlebot3_gazebo/cmake/turtlebot3_gazeboConfig.cmake
[41.172s] -- Symlinking: /home/ros2_ws/install/turtlebot3_gazebo/share/turtlebot3_gazebo/cmake/turtlebot3_gazeboConfig-version.cmake
[41.192s] -- Symlinking: /home/ros2_ws/install/turtlebot3_gazebo/share/turtlebot3_gazebo/package.xml
[41.215s] Invoked command in '/home/ros2_ws/build/turtlebot3_gazebo' returned '0': CMAKE_PREFIX_PATH=${CMAKE_PREFIX_PATH}:/home/ros2_ws/install/turtlebot3_teleop:/home/ros2_ws/install/turtlebot3_example:/opt/ros/humble /usr/bin/cmake --install /home/ros2_ws/build/turtlebot3_gazebo
