[0.096s] Invoking command in '/home/ros2_ws/build/turtlebot3_node': CMAKE_PREFIX_PATH=/home/ros2_ws/install/turtlebot3_msgs:/home/ros2_ws/install/dynamixel_sdk:/home/ros2_ws/install/workshop_msgs:/home/ros2_ws/install/task7:/home/ros2_ws/install/task6:/home/ros2_ws/install/task5:/home/ros2_ws/install/task4:/home/ros2_ws/install/task3:/home/ros2_ws/install/task2:/home/ros2_ws/install/task1:/home/ros2_ws/install/r2d2_description:/home/ros2_ws/install/turtlebot3:/home/ros2_ws/install/turtlebot3_simulations:/home/ros2_ws/install/turtlebot3_bringup:/home/ros2_ws/install/turtlebot3_node:/home/ros2_ws/install/turtlebot3_navigation2:/home/ros2_ws/install/turtlebot3_fake_node:/home/ros2_ws/install/turtlebot3_manipulation_gazebo:/home/ros2_ws/install/turtlebot3_gazebo:/home/ros2_ws/install/turtlebot3_description:/home/ros2_ws/install/turtlebot3_cartographer:/home/ros2_ws/install/dynamixel_sdk_examples:/home/ros2_ws/install/dynamixel_sdk_custom_interfaces:/home/ros2_ws/install/turtlebot3_teleop:/home/ros2_ws/install/turtlebot3_example:/opt/ros/humble LD_LIBRARY_PATH=/home/ros2_ws/install/turtlebot3_msgs/lib:/home/ros2_ws/install/dynamixel_sdk/lib:/home/ros2_ws/install/workshop_msgs/lib:/home/ros2_ws/install/dynamixel_sdk_custom_interfaces/lib:/usr/lib/x86_64-linux-gnu/gazebo-11/plugins:/opt/ros/humble/opt/rviz_ogre_vendor/lib:/opt/ros/humble/lib/x86_64-linux-gnu:/opt/ros/humble/lib /usr/bin/cmake /home/ros2_ws/src/turtlebot3/turtlebot3_node -DAMENT_CMAKE_SYMLINK_INSTALL=1 -DCMAKE_INSTALL_PREFIX=/home/ros2_ws/install/turtlebot3_node
[0.622s] -- The C compiler identification is GNU 11.4.0
[0.622s] -- The CXX compiler identification is GNU 11.4.0
[0.622s] -- Detecting C compiler ABI info
[0.684s] -- Detecting C compiler ABI info - done
[0.694s] -- Check for working C compiler: /usr/bin/cc - skipped
[0.695s] -- Detecting C compile features
[0.695s] -- Detecting C compile features - done
[0.701s] -- Detecting CXX compiler ABI info
[1.009s] -- Detecting CXX compiler ABI info - done
[1.024s] -- Check for working CXX compiler: /usr/bin/c++ - skipped
[1.024s] -- Detecting CXX compile features
[1.024s] -- Detecting CXX compile features - done
[1.029s] -- Found ament_cmake: 1.3.11 (/opt/ros/humble/share/ament_cmake/cmake)
[1.409s] -- Found Python3: /usr/bin/python3 (found version "3.10.12") found components: Interpreter 
[1.608s] -- Override CMake install command with custom implementation using symlinks instead of copying resources
[1.682s] -- Found dynamixel_sdk: 3.8.4 (/home/ros2_ws/install/dynamixel_sdk/share/dynamixel_sdk/cmake)
[1.689s] -- Found geometry_msgs: 4.9.0 (/opt/ros/humble/share/geometry_msgs/cmake)
[1.788s] -- Found rosidl_generator_c: 3.1.6 (/opt/ros/humble/share/rosidl_generator_c/cmake)
[1.801s] -- Found rosidl_adapter: 3.1.6 (/opt/ros/humble/share/rosidl_adapter/cmake)
[1.820s] -- Found rosidl_generator_cpp: 3.1.6 (/opt/ros/humble/share/rosidl_generator_cpp/cmake)
[1.851s] -- Using all available rosidl_typesupport_c: rosidl_typesupport_fastrtps_c;rosidl_typesupport_introspection_c
[1.899s] -- Using all available rosidl_typesupport_cpp: rosidl_typesupport_fastrtps_cpp;rosidl_typesupport_introspection_cpp
[2.031s] -- Found message_filters: 4.3.7 (/opt/ros/humble/share/message_filters/cmake)
[2.138s] -- Found rmw_implementation_cmake: 6.1.2 (/opt/ros/humble/share/rmw_implementation_cmake/cmake)
[2.146s] -- Found rmw_fastrtps_cpp: 6.2.7 (/opt/ros/humble/share/rmw_fastrtps_cpp/cmake)
[2.400s] -- Found OpenSSL: /usr/lib/x86_64-linux-gnu/libcrypto.so (found version "3.0.2")  
[2.453s] -- Found FastRTPS: /opt/ros/humble/include  
[2.583s] -- Using RMW implementation 'rmw_fastrtps_cpp' as default
[2.614s] -- Looking for pthread.h
[2.859s] -- Looking for pthread.h - found
[2.861s] -- Performing Test CMAKE_HAVE_LIBC_PTHREAD
[3.063s] -- Performing Test CMAKE_HAVE_LIBC_PTHREAD - Success
[3.064s] -- Found Threads: TRUE  
[3.145s] -- Found nav_msgs: 4.9.0 (/opt/ros/humble/share/nav_msgs/cmake)
[3.173s] -- Found sensor_msgs: 4.9.0 (/opt/ros/humble/share/sensor_msgs/cmake)
[3.218s] -- Found std_srvs: 4.9.0 (/opt/ros/humble/share/std_srvs/cmake)
[3.243s] -- Found tf2: 0.25.13 (/opt/ros/humble/share/tf2/cmake)
[3.272s] -- Found tf2_ros: 0.25.13 (/opt/ros/humble/share/tf2_ros/cmake)
[3.558s] -- Found turtlebot3_msgs: 2.4.0 (/home/ros2_ws/install/turtlebot3_msgs/share/turtlebot3_msgs/cmake)
[3.783s] -- Configuring done
[3.817s] -- Generating done
[3.834s] -- Build files have been written to: /home/ros2_ws/build/turtlebot3_node
[3.859s] Invoked command in '/home/ros2_ws/build/turtlebot3_node' returned '0': CMAKE_PREFIX_PATH=/home/ros2_ws/install/turtlebot3_msgs:/home/ros2_ws/install/dynamixel_sdk:/home/ros2_ws/install/workshop_msgs:/home/ros2_ws/install/task7:/home/ros2_ws/install/task6:/home/ros2_ws/install/task5:/home/ros2_ws/install/task4:/home/ros2_ws/install/task3:/home/ros2_ws/install/task2:/home/ros2_ws/install/task1:/home/ros2_ws/install/r2d2_description:/home/ros2_ws/install/turtlebot3:/home/ros2_ws/install/turtlebot3_simulations:/home/ros2_ws/install/turtlebot3_bringup:/home/ros2_ws/install/turtlebot3_node:/home/ros2_ws/install/turtlebot3_navigation2:/home/ros2_ws/install/turtlebot3_fake_node:/home/ros2_ws/install/turtlebot3_manipulation_gazebo:/home/ros2_ws/install/turtlebot3_gazebo:/home/ros2_ws/install/turtlebot3_description:/home/ros2_ws/install/turtlebot3_cartographer:/home/ros2_ws/install/dynamixel_sdk_examples:/home/ros2_ws/install/dynamixel_sdk_custom_interfaces:/home/ros2_ws/install/turtlebot3_teleop:/home/ros2_ws/install/turtlebot3_example:/opt/ros/humble LD_LIBRARY_PATH=/home/ros2_ws/install/turtlebot3_msgs/lib:/home/ros2_ws/install/dynamixel_sdk/lib:/home/ros2_ws/install/workshop_msgs/lib:/home/ros2_ws/install/dynamixel_sdk_custom_interfaces/lib:/usr/lib/x86_64-linux-gnu/gazebo-11/plugins:/opt/ros/humble/opt/rviz_ogre_vendor/lib:/opt/ros/humble/lib/x86_64-linux-gnu:/opt/ros/humble/lib /usr/bin/cmake /home/ros2_ws/src/turtlebot3/turtlebot3_node -DAMENT_CMAKE_SYMLINK_INSTALL=1 -DCMAKE_INSTALL_PREFIX=/home/ros2_ws/install/turtlebot3_node
[3.860s] Invoking command in '/home/ros2_ws/build/turtlebot3_node': CMAKE_PREFIX_PATH=/home/ros2_ws/install/turtlebot3_msgs:/home/ros2_ws/install/dynamixel_sdk:/home/ros2_ws/install/workshop_msgs:/home/ros2_ws/install/task7:/home/ros2_ws/install/task6:/home/ros2_ws/install/task5:/home/ros2_ws/install/task4:/home/ros2_ws/install/task3:/home/ros2_ws/install/task2:/home/ros2_ws/install/task1:/home/ros2_ws/install/r2d2_description:/home/ros2_ws/install/turtlebot3:/home/ros2_ws/install/turtlebot3_simulations:/home/ros2_ws/install/turtlebot3_bringup:/home/ros2_ws/install/turtlebot3_node:/home/ros2_ws/install/turtlebot3_navigation2:/home/ros2_ws/install/turtlebot3_fake_node:/home/ros2_ws/install/turtlebot3_manipulation_gazebo:/home/ros2_ws/install/turtlebot3_gazebo:/home/ros2_ws/install/turtlebot3_description:/home/ros2_ws/install/turtlebot3_cartographer:/home/ros2_ws/install/dynamixel_sdk_examples:/home/ros2_ws/install/dynamixel_sdk_custom_interfaces:/home/ros2_ws/install/turtlebot3_teleop:/home/ros2_ws/install/turtlebot3_example:/opt/ros/humble LD_LIBRARY_PATH=/home/ros2_ws/install/turtlebot3_msgs/lib:/home/ros2_ws/install/dynamixel_sdk/lib:/home/ros2_ws/install/workshop_msgs/lib:/home/ros2_ws/install/dynamixel_sdk_custom_interfaces/lib:/usr/lib/x86_64-linux-gnu/gazebo-11/plugins:/opt/ros/humble/opt/rviz_ogre_vendor/lib:/opt/ros/humble/lib/x86_64-linux-gnu:/opt/ros/humble/lib /usr/bin/cmake --build /home/ros2_ws/build/turtlebot3_node -- -j22 -l22
[4.033s] [  7%] [32mBuilding CXX object CMakeFiles/turtlebot3_node_lib.dir/src/devices/sound.cpp.o[0m
[4.033s] [ 14%] [32mBuilding CXX object CMakeFiles/turtlebot3_node_lib.dir/src/diff_drive_controller.cpp.o[0m
[4.034s] [ 21%] [32mBuilding CXX object CMakeFiles/turtlebot3_node_lib.dir/src/dynamixel_sdk_wrapper.cpp.o[0m
[4.039s] [ 28%] [32mBuilding CXX object CMakeFiles/turtlebot3_node_lib.dir/src/odometry.cpp.o[0m
[4.050s] [ 35%] [32mBuilding CXX object CMakeFiles/turtlebot3_node_lib.dir/src/turtlebot3.cpp.o[0m
[4.055s] [ 42%] [32mBuilding CXX object CMakeFiles/turtlebot3_node_lib.dir/src/devices/motor_power.cpp.o[0m
[4.073s] [ 50%] [32mBuilding CXX object CMakeFiles/turtlebot3_node_lib.dir/src/devices/reset.cpp.o[0m
[4.120s] [ 57%] [32mBuilding CXX object CMakeFiles/turtlebot3_node_lib.dir/src/sensors/battery_state.cpp.o[0m
[38.263s] [ 64%] [32mBuilding CXX object CMakeFiles/turtlebot3_node_lib.dir/src/sensors/sensor_state.cpp.o[0m
[45.916s] [ 71%] [32mBuilding CXX object CMakeFiles/turtlebot3_node_lib.dir/src/sensors/joint_state.cpp.o[0m
[52.979s] [ 78%] [32mBuilding CXX object CMakeFiles/turtlebot3_node_lib.dir/src/sensors/imu.cpp.o[0m
[61.096s] [ 85%] [32m[1mLinking CXX static library libturtlebot3_node_lib.a[0m
[61.840s] [ 85%] Built target turtlebot3_node_lib
[61.872s] [ 92%] [32mBuilding CXX object CMakeFiles/turtlebot3_ros.dir/src/node_main.cpp.o[0m
[68.287s] [100%] [32m[1mLinking CXX executable turtlebot3_ros[0m
[72.263s] [100%] Built target turtlebot3_ros
[72.283s] Invoked command in '/home/ros2_ws/build/turtlebot3_node' returned '0': CMAKE_PREFIX_PATH=/home/ros2_ws/install/turtlebot3_msgs:/home/ros2_ws/install/dynamixel_sdk:/home/ros2_ws/install/workshop_msgs:/home/ros2_ws/install/task7:/home/ros2_ws/install/task6:/home/ros2_ws/install/task5:/home/ros2_ws/install/task4:/home/ros2_ws/install/task3:/home/ros2_ws/install/task2:/home/ros2_ws/install/task1:/home/ros2_ws/install/r2d2_description:/home/ros2_ws/install/turtlebot3:/home/ros2_ws/install/turtlebot3_simulations:/home/ros2_ws/install/turtlebot3_bringup:/home/ros2_ws/install/turtlebot3_node:/home/ros2_ws/install/turtlebot3_navigation2:/home/ros2_ws/install/turtlebot3_fake_node:/home/ros2_ws/install/turtlebot3_manipulation_gazebo:/home/ros2_ws/install/turtlebot3_gazebo:/home/ros2_ws/install/turtlebot3_description:/home/ros2_ws/install/turtlebot3_cartographer:/home/ros2_ws/install/dynamixel_sdk_examples:/home/ros2_ws/install/dynamixel_sdk_custom_interfaces:/home/ros2_ws/install/turtlebot3_teleop:/home/ros2_ws/install/turtlebot3_example:/opt/ros/humble LD_LIBRARY_PATH=/home/ros2_ws/install/turtlebot3_msgs/lib:/home/ros2_ws/install/dynamixel_sdk/lib:/home/ros2_ws/install/workshop_msgs/lib:/home/ros2_ws/install/dynamixel_sdk_custom_interfaces/lib:/usr/lib/x86_64-linux-gnu/gazebo-11/plugins:/opt/ros/humble/opt/rviz_ogre_vendor/lib:/opt/ros/humble/lib/x86_64-linux-gnu:/opt/ros/humble/lib /usr/bin/cmake --build /home/ros2_ws/build/turtlebot3_node -- -j22 -l22
[72.286s] Invoking command in '/home/ros2_ws/build/turtlebot3_node': CMAKE_PREFIX_PATH=/home/ros2_ws/install/turtlebot3_msgs:/home/ros2_ws/install/dynamixel_sdk:/home/ros2_ws/install/workshop_msgs:/home/ros2_ws/install/task7:/home/ros2_ws/install/task6:/home/ros2_ws/install/task5:/home/ros2_ws/install/task4:/home/ros2_ws/install/task3:/home/ros2_ws/install/task2:/home/ros2_ws/install/task1:/home/ros2_ws/install/r2d2_description:/home/ros2_ws/install/turtlebot3:/home/ros2_ws/install/turtlebot3_simulations:/home/ros2_ws/install/turtlebot3_bringup:/home/ros2_ws/install/turtlebot3_node:/home/ros2_ws/install/turtlebot3_navigation2:/home/ros2_ws/install/turtlebot3_fake_node:/home/ros2_ws/install/turtlebot3_manipulation_gazebo:/home/ros2_ws/install/turtlebot3_gazebo:/home/ros2_ws/install/turtlebot3_description:/home/ros2_ws/install/turtlebot3_cartographer:/home/ros2_ws/install/dynamixel_sdk_examples:/home/ros2_ws/install/dynamixel_sdk_custom_interfaces:/home/ros2_ws/install/turtlebot3_teleop:/home/ros2_ws/install/turtlebot3_example:/opt/ros/humble LD_LIBRARY_PATH=/home/ros2_ws/install/turtlebot3_msgs/lib:/home/ros2_ws/install/dynamixel_sdk/lib:/home/ros2_ws/install/workshop_msgs/lib:/home/ros2_ws/install/dynamixel_sdk_custom_interfaces/lib:/usr/lib/x86_64-linux-gnu/gazebo-11/plugins:/opt/ros/humble/opt/rviz_ogre_vendor/lib:/opt/ros/humble/lib/x86_64-linux-gnu:/opt/ros/humble/lib /usr/bin/cmake --install /home/ros2_ws/build/turtlebot3_node
[72.297s] -- Install configuration: ""
[72.298s] -- Execute custom install script
[72.300s] -- Symlinking: /home/ros2_ws/install/turtlebot3_node/share/turtlebot3_node/param/burger.yaml
[72.317s] -- Symlinking: /home/ros2_ws/install/turtlebot3_node/share/turtlebot3_node/param/waffle.yaml
[72.333s] -- Symlinking: /home/ros2_ws/install/turtlebot3_node/share/turtlebot3_node/param/waffle_pi.yaml
[72.348s] -- Symlinking: /home/ros2_ws/install/turtlebot3_node/lib/turtlebot3_node/turtlebot3_ros
[72.361s] -- Symlinking: /home/ros2_ws/install/turtlebot3_node/share/ament_index/resource_index/package_run_dependencies/turtlebot3_node
[72.376s] -- Symlinking: /home/ros2_ws/install/turtlebot3_node/share/ament_index/resource_index/parent_prefix_path/turtlebot3_node
[72.396s] -- Symlinking: /home/ros2_ws/install/turtlebot3_node/share/turtlebot3_node/environment/ament_prefix_path.sh
[72.411s] -- Symlinking: /home/ros2_ws/install/turtlebot3_node/share/turtlebot3_node/environment/ament_prefix_path.dsv
[72.425s] -- Symlinking: /home/ros2_ws/install/turtlebot3_node/share/turtlebot3_node/environment/path.sh
[72.441s] -- Symlinking: /home/ros2_ws/install/turtlebot3_node/share/turtlebot3_node/environment/path.dsv
[72.452s] -- Symlinking: /home/ros2_ws/install/turtlebot3_node/share/turtlebot3_node/local_setup.bash
[72.466s] -- Symlinking: /home/ros2_ws/install/turtlebot3_node/share/turtlebot3_node/local_setup.sh
[72.486s] -- Symlinking: /home/ros2_ws/install/turtlebot3_node/share/turtlebot3_node/local_setup.zsh
[72.508s] -- Symlinking: /home/ros2_ws/install/turtlebot3_node/share/turtlebot3_node/local_setup.dsv
[72.521s] -- Symlinking: /home/ros2_ws/install/turtlebot3_node/share/turtlebot3_node/package.dsv
[72.540s] -- Symlinking: /home/ros2_ws/install/turtlebot3_node/share/ament_index/resource_index/packages/turtlebot3_node
[72.553s] -- Symlinking: /home/ros2_ws/install/turtlebot3_node/share/turtlebot3_node/cmake/ament_cmake_export_dependencies-extras.cmake
[72.566s] -- Symlinking: /home/ros2_ws/install/turtlebot3_node/share/turtlebot3_node/cmake/ament_cmake_export_include_directories-extras.cmake
[72.587s] -- Symlinking: /home/ros2_ws/install/turtlebot3_node/share/turtlebot3_node/cmake/turtlebot3_nodeConfig.cmake
[72.603s] -- Symlinking: /home/ros2_ws/install/turtlebot3_node/share/turtlebot3_node/cmake/turtlebot3_nodeConfig-version.cmake
[72.616s] -- Symlinking: /home/ros2_ws/install/turtlebot3_node/share/turtlebot3_node/package.xml
[72.637s] Invoked command in '/home/ros2_ws/build/turtlebot3_node' returned '0': CMAKE_PREFIX_PATH=/home/ros2_ws/install/turtlebot3_msgs:/home/ros2_ws/install/dynamixel_sdk:/home/ros2_ws/install/workshop_msgs:/home/ros2_ws/install/task7:/home/ros2_ws/install/task6:/home/ros2_ws/install/task5:/home/ros2_ws/install/task4:/home/ros2_ws/install/task3:/home/ros2_ws/install/task2:/home/ros2_ws/install/task1:/home/ros2_ws/install/r2d2_description:/home/ros2_ws/install/turtlebot3:/home/ros2_ws/install/turtlebot3_simulations:/home/ros2_ws/install/turtlebot3_bringup:/home/ros2_ws/install/turtlebot3_node:/home/ros2_ws/install/turtlebot3_navigation2:/home/ros2_ws/install/turtlebot3_fake_node:/home/ros2_ws/install/turtlebot3_manipulation_gazebo:/home/ros2_ws/install/turtlebot3_gazebo:/home/ros2_ws/install/turtlebot3_description:/home/ros2_ws/install/turtlebot3_cartographer:/home/ros2_ws/install/dynamixel_sdk_examples:/home/ros2_ws/install/dynamixel_sdk_custom_interfaces:/home/ros2_ws/install/turtlebot3_teleop:/home/ros2_ws/install/turtlebot3_example:/opt/ros/humble LD_LIBRARY_PATH=/home/ros2_ws/install/turtlebot3_msgs/lib:/home/ros2_ws/install/dynamixel_sdk/lib:/home/ros2_ws/install/workshop_msgs/lib:/home/ros2_ws/install/dynamixel_sdk_custom_interfaces/lib:/usr/lib/x86_64-linux-gnu/gazebo-11/plugins:/opt/ros/humble/opt/rviz_ogre_vendor/lib:/opt/ros/humble/lib/x86_64-linux-gnu:/opt/ros/humble/lib /usr/bin/cmake --install /home/ros2_ws/build/turtlebot3_node
