[0.065s] Invoking command in '/home/ros2_ws/build/turtlebot3_description': CMAKE_PREFIX_PATH=${CMAKE_PREFIX_PATH}:/home/ros2_ws/install/turtlebot3_teleop:/home/ros2_ws/install/turtlebot3_example:/opt/ros/humble /usr/bin/cmake /home/ros2_ws/src/turtlebot3/turtlebot3_description -DAMENT_CMAKE_SYMLINK_INSTALL=1 -DCMAKE_INSTALL_PREFIX=/home/ros2_ws/install/turtlebot3_description
[0.551s] -- The C compiler identification is GNU 11.4.0
[0.551s] -- The CXX compiler identification is GNU 11.4.0
[0.551s] -- Detecting C compiler ABI info
[0.552s] -- Detecting C compiler ABI info - done
[0.552s] -- Check for working C compiler: /usr/bin/cc - skipped
[0.552s] -- Detecting C compile features
[0.552s] -- Detecting C compile features - done
[0.552s] -- Detecting CXX compiler ABI info
[0.680s] -- Detecting CXX compiler ABI info - done
[0.690s] -- Check for working CXX compiler: /usr/bin/c++ - skipped
[0.690s] -- Detecting CXX compile features
[0.692s] -- Detecting CXX compile features - done
[0.698s] -- Found ament_cmake: 1.3.11 (/opt/ros/humble/share/ament_cmake/cmake)
[1.001s] -- Found Python3: /usr/bin/python3 (found version "3.10.12") found components: Interpreter 
[1.106s] -- Override CMake install command with custom implementation using symlinks instead of copying resources
[1.151s] -- Found urdf: 2.6.1 (/opt/ros/humble/share/urdf/cmake)
[1.436s] -- Configuring done
[1.440s] -- Generating done
[1.445s] -- Build files have been written to: /home/ros2_ws/build/turtlebot3_description
[1.469s] Invoked command in '/home/ros2_ws/build/turtlebot3_description' returned '0': CMAKE_PREFIX_PATH=${CMAKE_PREFIX_PATH}:/home/ros2_ws/install/turtlebot3_teleop:/home/ros2_ws/install/turtlebot3_example:/opt/ros/humble /usr/bin/cmake /home/ros2_ws/src/turtlebot3/turtlebot3_description -DAMENT_CMAKE_SYMLINK_INSTALL=1 -DCMAKE_INSTALL_PREFIX=/home/ros2_ws/install/turtlebot3_description
[1.470s] Invoking command in '/home/ros2_ws/build/turtlebot3_description': CMAKE_PREFIX_PATH=${CMAKE_PREFIX_PATH}:/home/ros2_ws/install/turtlebot3_teleop:/home/ros2_ws/install/turtlebot3_example:/opt/ros/humble /usr/bin/cmake --build /home/ros2_ws/build/turtlebot3_description -- -j22 -l22
[1.601s] Invoked command in '/home/ros2_ws/build/turtlebot3_description' returned '0': CMAKE_PREFIX_PATH=${CMAKE_PREFIX_PATH}:/home/ros2_ws/install/turtlebot3_teleop:/home/ros2_ws/install/turtlebot3_example:/opt/ros/humble /usr/bin/cmake --build /home/ros2_ws/build/turtlebot3_description -- -j22 -l22
[1.602s] Invoking command in '/home/ros2_ws/build/turtlebot3_description': CMAKE_PREFIX_PATH=${CMAKE_PREFIX_PATH}:/home/ros2_ws/install/turtlebot3_teleop:/home/ros2_ws/install/turtlebot3_example:/opt/ros/humble /usr/bin/cmake --install /home/ros2_ws/build/turtlebot3_description
[1.620s] -- Install configuration: ""
[1.621s] -- Execute custom install script
[1.622s] -- Symlinking: /home/ros2_ws/install/turtlebot3_description/share/turtlebot3_description/meshes/bases/burger_base.stl
[1.640s] -- Symlinking: /home/ros2_ws/install/turtlebot3_description/share/turtlebot3_description/meshes/bases/waffle_base.stl
[1.657s] -- Symlinking: /home/ros2_ws/install/turtlebot3_description/share/turtlebot3_description/meshes/bases/waffle_pi_base.stl
[1.672s] -- Symlinking: /home/ros2_ws/install/turtlebot3_description/share/turtlebot3_description/meshes/sensors/astra.dae
[1.689s] -- Symlinking: /home/ros2_ws/install/turtlebot3_description/share/turtlebot3_description/meshes/sensors/astra.jpg
[1.726s] -- Symlinking: /home/ros2_ws/install/turtlebot3_description/share/turtlebot3_description/meshes/sensors/lds.stl
[1.748s] -- Symlinking: /home/ros2_ws/install/turtlebot3_description/share/turtlebot3_description/meshes/sensors/r200.dae
[1.782s] -- Symlinking: /home/ros2_ws/install/turtlebot3_description/share/turtlebot3_description/meshes/sensors/r200.jpg
[1.826s] -- Symlinking: /home/ros2_ws/install/turtlebot3_description/share/turtlebot3_description/meshes/wheels/left_tire.stl
[1.859s] -- Symlinking: /home/ros2_ws/install/turtlebot3_description/share/turtlebot3_description/meshes/wheels/right_tire.stl
[1.880s] -- Symlinking: /home/ros2_ws/install/turtlebot3_description/share/turtlebot3_description/rviz/model.rviz
[1.899s] -- Symlinking: /home/ros2_ws/install/turtlebot3_description/share/turtlebot3_description/urdf/common_properties.urdf
[1.914s] -- Symlinking: /home/ros2_ws/install/turtlebot3_description/share/turtlebot3_description/urdf/turtlebot3_burger.urdf
[1.935s] -- Symlinking: /home/ros2_ws/install/turtlebot3_description/share/turtlebot3_description/urdf/turtlebot3_waffle.urdf
[1.953s] -- Symlinking: /home/ros2_ws/install/turtlebot3_description/share/turtlebot3_description/urdf/turtlebot3_waffle_pi.urdf
[1.968s] -- Symlinking: /home/ros2_ws/install/turtlebot3_description/share/ament_index/resource_index/package_run_dependencies/turtlebot3_description
[1.998s] -- Symlinking: /home/ros2_ws/install/turtlebot3_description/share/ament_index/resource_index/parent_prefix_path/turtlebot3_description
[2.020s] -- Symlinking: /home/ros2_ws/install/turtlebot3_description/share/turtlebot3_description/environment/ament_prefix_path.sh
[2.061s] -- Symlinking: /home/ros2_ws/install/turtlebot3_description/share/turtlebot3_description/environment/ament_prefix_path.dsv
[2.104s] -- Symlinking: /home/ros2_ws/install/turtlebot3_description/share/turtlebot3_description/environment/path.sh
[2.119s] -- Symlinking: /home/ros2_ws/install/turtlebot3_description/share/turtlebot3_description/environment/path.dsv
[2.183s] -- Symlinking: /home/ros2_ws/install/turtlebot3_description/share/turtlebot3_description/local_setup.bash
[2.188s] -- Symlinking: /home/ros2_ws/install/turtlebot3_description/share/turtlebot3_description/local_setup.sh
[2.227s] -- Symlinking: /home/ros2_ws/install/turtlebot3_description/share/turtlebot3_description/local_setup.zsh
[2.240s] -- Symlinking: /home/ros2_ws/install/turtlebot3_description/share/turtlebot3_description/local_setup.dsv
[2.256s] -- Symlinking: /home/ros2_ws/install/turtlebot3_description/share/turtlebot3_description/package.dsv
[2.270s] -- Symlinking: /home/ros2_ws/install/turtlebot3_description/share/ament_index/resource_index/packages/turtlebot3_description
[2.292s] -- Symlinking: /home/ros2_ws/install/turtlebot3_description/share/turtlebot3_description/cmake/turtlebot3_descriptionConfig.cmake
[2.304s] -- Symlinking: /home/ros2_ws/install/turtlebot3_description/share/turtlebot3_description/cmake/turtlebot3_descriptionConfig-version.cmake
[2.354s] -- Symlinking: /home/ros2_ws/install/turtlebot3_description/share/turtlebot3_description/package.xml
[2.384s] Invoked command in '/home/ros2_ws/build/turtlebot3_description' returned '0': CMAKE_PREFIX_PATH=${CMAKE_PREFIX_PATH}:/home/ros2_ws/install/turtlebot3_teleop:/home/ros2_ws/install/turtlebot3_example:/opt/ros/humble /usr/bin/cmake --install /home/ros2_ws/build/turtlebot3_description
