[0.049s] Invoking command in '/home/ros2_ws/build/turtlebot3_node': AMENT_PREFIX_PATH=/home/ros2_ws/install/turtlebot3_msgs:/home/ros2_ws/install/dynamixel_sdk CMAKE_PREFIX_PATH=/home/ros2_ws/install/turtlebot3_msgs:/home/ros2_ws/install/dynamixel_sdk LD_LIBRARY_PATH=/home/ros2_ws/install/turtlebot3_msgs/lib:/home/ros2_ws/install/dynamixel_sdk/lib PYTHONPATH=/home/ros2_ws/install/turtlebot3_msgs/local/lib/python3.10/dist-packages:/home/ros2_ws/install/dynamixel_sdk/local/lib/python3.10/dist-packages /usr/bin/cmake --build /home/ros2_ws/build/turtlebot3_node -- -j22 -l22
[0.270s] [ 85%] Built target turtlebot3_node_lib
[0.270s] [100%] Built target turtlebot3_ros
[0.278s] Invoked command in '/home/ros2_ws/build/turtlebot3_node' returned '0': AMENT_PREFIX_PATH=/home/ros2_ws/install/turtlebot3_msgs:/home/ros2_ws/install/dynamixel_sdk CMAKE_PREFIX_PATH=/home/ros2_ws/install/turtlebot3_msgs:/home/ros2_ws/install/dynamixel_sdk LD_LIBRARY_PATH=/home/ros2_ws/install/turtlebot3_msgs/lib:/home/ros2_ws/install/dynamixel_sdk/lib PYTHONPATH=/home/ros2_ws/install/turtlebot3_msgs/local/lib/python3.10/dist-packages:/home/ros2_ws/install/dynamixel_sdk/local/lib/python3.10/dist-packages /usr/bin/cmake --build /home/ros2_ws/build/turtlebot3_node -- -j22 -l22
[0.280s] Invoking command in '/home/ros2_ws/build/turtlebot3_node': AMENT_PREFIX_PATH=/home/ros2_ws/install/turtlebot3_msgs:/home/ros2_ws/install/dynamixel_sdk CMAKE_PREFIX_PATH=/home/ros2_ws/install/turtlebot3_msgs:/home/ros2_ws/install/dynamixel_sdk LD_LIBRARY_PATH=/home/ros2_ws/install/turtlebot3_msgs/lib:/home/ros2_ws/install/dynamixel_sdk/lib PYTHONPATH=/home/ros2_ws/install/turtlebot3_msgs/local/lib/python3.10/dist-packages:/home/ros2_ws/install/dynamixel_sdk/local/lib/python3.10/dist-packages /usr/bin/cmake --install /home/ros2_ws/build/turtlebot3_node
[0.292s] -- Install configuration: ""
[0.292s] -- Execute custom install script
[0.293s] -- Up-to-date symlink: /home/ros2_ws/install/turtlebot3_node/share/turtlebot3_node/param/burger.yaml
[0.294s] -- Up-to-date symlink: /home/ros2_ws/install/turtlebot3_node/share/turtlebot3_node/param/waffle.yaml
[0.294s] -- Up-to-date symlink: /home/ros2_ws/install/turtlebot3_node/share/turtlebot3_node/param/waffle_pi.yaml
[0.294s] -- Up-to-date symlink: /home/ros2_ws/install/turtlebot3_node/lib/turtlebot3_node/turtlebot3_ros
[0.294s] -- Up-to-date symlink: /home/ros2_ws/install/turtlebot3_node/share/ament_index/resource_index/package_run_dependencies/turtlebot3_node
[0.294s] -- Up-to-date symlink: /home/ros2_ws/install/turtlebot3_node/share/ament_index/resource_index/parent_prefix_path/turtlebot3_node
[0.295s] -- Up-to-date symlink: /home/ros2_ws/install/turtlebot3_node/share/turtlebot3_node/environment/ament_prefix_path.sh
[0.295s] -- Up-to-date symlink: /home/ros2_ws/install/turtlebot3_node/share/turtlebot3_node/environment/ament_prefix_path.dsv
[0.295s] -- Up-to-date symlink: /home/ros2_ws/install/turtlebot3_node/share/turtlebot3_node/environment/path.sh
[0.295s] -- Up-to-date symlink: /home/ros2_ws/install/turtlebot3_node/share/turtlebot3_node/environment/path.dsv
[0.296s] -- Up-to-date symlink: /home/ros2_ws/install/turtlebot3_node/share/turtlebot3_node/local_setup.bash
[0.296s] -- Up-to-date symlink: /home/ros2_ws/install/turtlebot3_node/share/turtlebot3_node/local_setup.sh
[0.296s] -- Up-to-date symlink: /home/ros2_ws/install/turtlebot3_node/share/turtlebot3_node/local_setup.zsh
[0.297s] -- Up-to-date symlink: /home/ros2_ws/install/turtlebot3_node/share/turtlebot3_node/local_setup.dsv
[0.297s] -- Symlinking: /home/ros2_ws/install/turtlebot3_node/share/turtlebot3_node/package.dsv
[0.309s] -- Up-to-date symlink: /home/ros2_ws/install/turtlebot3_node/share/ament_index/resource_index/packages/turtlebot3_node
[0.311s] -- Up-to-date symlink: /home/ros2_ws/install/turtlebot3_node/share/turtlebot3_node/cmake/ament_cmake_export_dependencies-extras.cmake
[0.311s] -- Up-to-date symlink: /home/ros2_ws/install/turtlebot3_node/share/turtlebot3_node/cmake/ament_cmake_export_include_directories-extras.cmake
[0.311s] -- Up-to-date symlink: /home/ros2_ws/install/turtlebot3_node/share/turtlebot3_node/cmake/turtlebot3_nodeConfig.cmake
[0.311s] -- Up-to-date symlink: /home/ros2_ws/install/turtlebot3_node/share/turtlebot3_node/cmake/turtlebot3_nodeConfig-version.cmake
[0.311s] -- Up-to-date symlink: /home/ros2_ws/install/turtlebot3_node/share/turtlebot3_node/package.xml
[0.328s] Invoked command in '/home/ros2_ws/build/turtlebot3_node' returned '0': AMENT_PREFIX_PATH=/home/ros2_ws/install/turtlebot3_msgs:/home/ros2_ws/install/dynamixel_sdk CMAKE_PREFIX_PATH=/home/ros2_ws/install/turtlebot3_msgs:/home/ros2_ws/install/dynamixel_sdk LD_LIBRARY_PATH=/home/ros2_ws/install/turtlebot3_msgs/lib:/home/ros2_ws/install/dynamixel_sdk/lib PYTHONPATH=/home/ros2_ws/install/turtlebot3_msgs/local/lib/python3.10/dist-packages:/home/ros2_ws/install/dynamixel_sdk/local/lib/python3.10/dist-packages /usr/bin/cmake --install /home/ros2_ws/build/turtlebot3_node
