[0.046s] Invoking command in '/home/ros2_ws/build/dynamixel_sdk_examples': CMAKE_PREFIX_PATH=/home/ros2_ws/install/dynamixel_sdk_custom_interfaces:/home/ros2_ws/install/dynamixel_sdk:/home/ros2_ws/install/workshop_msgs:/home/ros2_ws/install/task7:/home/ros2_ws/install/task6:/home/ros2_ws/install/task5:/home/ros2_ws/install/task4:/home/ros2_ws/install/task3:/home/ros2_ws/install/task2:/home/ros2_ws/install/task1:/home/ros2_ws/install/r2d2_description:/home/ros2_ws/install/turtlebot3:/home/ros2_ws/install/turtlebot3_simulations:/home/ros2_ws/install/turtlebot3_bringup:/home/ros2_ws/install/turtlebot3_node:/home/ros2_ws/install/turtlebot3_navigation2:/home/ros2_ws/install/turtlebot3_fake_node:/home/ros2_ws/install/turtlebot3_msgs:/home/ros2_ws/install/turtlebot3_manipulation_gazebo:/home/ros2_ws/install/turtlebot3_gazebo:/home/ros2_ws/install/turtlebot3_description:/home/ros2_ws/install/turtlebot3_cartographer:/home/ros2_ws/install/dynamixel_sdk_examples:/home/ros2_ws/install/turtlebot3_teleop:/home/ros2_ws/install/turtlebot3_example:/opt/ros/humble LD_LIBRARY_PATH=/home/ros2_ws/install/dynamixel_sdk_custom_interfaces/lib:/home/ros2_ws/install/dynamixel_sdk/lib:/home/ros2_ws/install/workshop_msgs/lib:/home/ros2_ws/install/turtlebot3_msgs/lib:/usr/lib/x86_64-linux-gnu/gazebo-11/plugins:/opt/ros/humble/opt/rviz_ogre_vendor/lib:/opt/ros/humble/lib/x86_64-linux-gnu:/opt/ros/humble/lib /usr/bin/cmake /home/ros2_ws/src/DynamixelSDK/ros/dynamixel_sdk_examples -DAMENT_CMAKE_SYMLINK_INSTALL=1 -DCMAKE_INSTALL_PREFIX=/home/ros2_ws/install/dynamixel_sdk_examples
[0.224s] -- The C compiler identification is GNU 11.4.0
[0.368s] -- The CXX compiler identification is GNU 11.4.0
[0.383s] -- Detecting C compiler ABI info
[0.641s] -- Detecting C compiler ABI info - done
[0.654s] -- Check for working C compiler: /usr/bin/cc - skipped
[0.654s] -- Detecting C compile features
[0.654s] -- Detecting C compile features - done
[0.659s] -- Detecting CXX compiler ABI info
[0.864s] -- Detecting CXX compiler ABI info - done
[0.876s] -- Check for working CXX compiler: /usr/bin/c++ - skipped
[0.876s] -- Detecting CXX compile features
[0.876s] -- Detecting CXX compile features - done
[0.879s] -- Found ament_cmake: 1.3.11 (/opt/ros/humble/share/ament_cmake/cmake)
[1.224s] -- Found Python3: /usr/bin/python3 (found version "3.10.12") found components: Interpreter 
[1.403s] -- Override CMake install command with custom implementation using symlinks instead of copying resources
[1.460s] -- Found dynamixel_sdk: 3.8.4 (/home/ros2_ws/install/dynamixel_sdk/share/dynamixel_sdk/cmake)
[1.464s] -- Found dynamixel_sdk_custom_interfaces: 3.8.4 (/home/ros2_ws/install/dynamixel_sdk_custom_interfaces/share/dynamixel_sdk_custom_interfaces/cmake)
[1.570s] -- Found rosidl_generator_c: 3.1.6 (/opt/ros/humble/share/rosidl_generator_c/cmake)
[1.589s] -- Found rosidl_adapter: 3.1.6 (/opt/ros/humble/share/rosidl_adapter/cmake)
[1.608s] -- Found rosidl_generator_cpp: 3.1.6 (/opt/ros/humble/share/rosidl_generator_cpp/cmake)
[1.636s] -- Using all available rosidl_typesupport_c: rosidl_typesupport_fastrtps_c;rosidl_typesupport_introspection_c
[1.682s] -- Using all available rosidl_typesupport_cpp: rosidl_typesupport_fastrtps_cpp;rosidl_typesupport_introspection_cpp
[1.763s] -- Found rclcpp: 16.0.12 (/opt/ros/humble/share/rclcpp/cmake)
[1.860s] -- Found rmw_implementation_cmake: 6.1.2 (/opt/ros/humble/share/rmw_implementation_cmake/cmake)
[1.870s] -- Found rmw_fastrtps_cpp: 6.2.7 (/opt/ros/humble/share/rmw_fastrtps_cpp/cmake)
[2.140s] -- Found OpenSSL: /usr/lib/x86_64-linux-gnu/libcrypto.so (found version "3.0.2")  
[2.247s] -- Found FastRTPS: /opt/ros/humble/include  
[2.393s] -- Using RMW implementation 'rmw_fastrtps_cpp' as default
[2.416s] -- Looking for pthread.h
[2.739s] -- Looking for pthread.h - found
[2.739s] -- Performing Test CMAKE_HAVE_LIBC_PTHREAD
[2.908s] -- Performing Test CMAKE_HAVE_LIBC_PTHREAD - Success
[2.911s] -- Found Threads: TRUE  
[3.044s] -- Found rclpy: 3.3.16 (/opt/ros/humble/share/rclpy/cmake)
[3.049s] -- Found ament_lint_auto: 0.12.12 (/opt/ros/humble/share/ament_lint_auto/cmake)
[3.347s] -- Added test 'copyright' to check source files copyright and LICENSE
[3.351s] -- Added test 'cppcheck' to perform static code analysis on C / C++ code
[3.351s] -- Configured cppcheck include dirs: /home/ros2_ws/src/DynamixelSDK/ros/dynamixel_sdk_examples/include
[3.352s] -- Configured cppcheck exclude dirs and/or files: 
[3.354s] -- Added test 'cpplint' to check C / C++ code against the Google style
[3.355s] -- Configured cpplint exclude dirs and/or files: 
[3.356s] -- Added test 'flake8' to check Python code syntax and style conventions
[3.356s] -- Added test 'lint_cmake' to check CMake code style
[3.356s] -- Added test 'pep257' to check Python code against some of the docstring style conventions in PEP 257
[3.358s] -- Added test 'uncrustify' to check C / C++ code style
[3.359s] -- Configured uncrustify additional arguments: 
[3.359s] -- Added test 'xmllint' to check XML markup files
[3.362s] -- Configuring done
[3.380s] -- Generating done
[3.385s] -- Build files have been written to: /home/ros2_ws/build/dynamixel_sdk_examples
[3.414s] Invoked command in '/home/ros2_ws/build/dynamixel_sdk_examples' returned '0': CMAKE_PREFIX_PATH=/home/ros2_ws/install/dynamixel_sdk_custom_interfaces:/home/ros2_ws/install/dynamixel_sdk:/home/ros2_ws/install/workshop_msgs:/home/ros2_ws/install/task7:/home/ros2_ws/install/task6:/home/ros2_ws/install/task5:/home/ros2_ws/install/task4:/home/ros2_ws/install/task3:/home/ros2_ws/install/task2:/home/ros2_ws/install/task1:/home/ros2_ws/install/r2d2_description:/home/ros2_ws/install/turtlebot3:/home/ros2_ws/install/turtlebot3_simulations:/home/ros2_ws/install/turtlebot3_bringup:/home/ros2_ws/install/turtlebot3_node:/home/ros2_ws/install/turtlebot3_navigation2:/home/ros2_ws/install/turtlebot3_fake_node:/home/ros2_ws/install/turtlebot3_msgs:/home/ros2_ws/install/turtlebot3_manipulation_gazebo:/home/ros2_ws/install/turtlebot3_gazebo:/home/ros2_ws/install/turtlebot3_description:/home/ros2_ws/install/turtlebot3_cartographer:/home/ros2_ws/install/dynamixel_sdk_examples:/home/ros2_ws/install/turtlebot3_teleop:/home/ros2_ws/install/turtlebot3_example:/opt/ros/humble LD_LIBRARY_PATH=/home/ros2_ws/install/dynamixel_sdk_custom_interfaces/lib:/home/ros2_ws/install/dynamixel_sdk/lib:/home/ros2_ws/install/workshop_msgs/lib:/home/ros2_ws/install/turtlebot3_msgs/lib:/usr/lib/x86_64-linux-gnu/gazebo-11/plugins:/opt/ros/humble/opt/rviz_ogre_vendor/lib:/opt/ros/humble/lib/x86_64-linux-gnu:/opt/ros/humble/lib /usr/bin/cmake /home/ros2_ws/src/DynamixelSDK/ros/dynamixel_sdk_examples -DAMENT_CMAKE_SYMLINK_INSTALL=1 -DCMAKE_INSTALL_PREFIX=/home/ros2_ws/install/dynamixel_sdk_examples
[3.415s] Invoking command in '/home/ros2_ws/build/dynamixel_sdk_examples': CMAKE_PREFIX_PATH=/home/ros2_ws/install/dynamixel_sdk_custom_interfaces:/home/ros2_ws/install/dynamixel_sdk:/home/ros2_ws/install/workshop_msgs:/home/ros2_ws/install/task7:/home/ros2_ws/install/task6:/home/ros2_ws/install/task5:/home/ros2_ws/install/task4:/home/ros2_ws/install/task3:/home/ros2_ws/install/task2:/home/ros2_ws/install/task1:/home/ros2_ws/install/r2d2_description:/home/ros2_ws/install/turtlebot3:/home/ros2_ws/install/turtlebot3_simulations:/home/ros2_ws/install/turtlebot3_bringup:/home/ros2_ws/install/turtlebot3_node:/home/ros2_ws/install/turtlebot3_navigation2:/home/ros2_ws/install/turtlebot3_fake_node:/home/ros2_ws/install/turtlebot3_msgs:/home/ros2_ws/install/turtlebot3_manipulation_gazebo:/home/ros2_ws/install/turtlebot3_gazebo:/home/ros2_ws/install/turtlebot3_description:/home/ros2_ws/install/turtlebot3_cartographer:/home/ros2_ws/install/dynamixel_sdk_examples:/home/ros2_ws/install/turtlebot3_teleop:/home/ros2_ws/install/turtlebot3_example:/opt/ros/humble LD_LIBRARY_PATH=/home/ros2_ws/install/dynamixel_sdk_custom_interfaces/lib:/home/ros2_ws/install/dynamixel_sdk/lib:/home/ros2_ws/install/workshop_msgs/lib:/home/ros2_ws/install/turtlebot3_msgs/lib:/usr/lib/x86_64-linux-gnu/gazebo-11/plugins:/opt/ros/humble/opt/rviz_ogre_vendor/lib:/opt/ros/humble/lib/x86_64-linux-gnu:/opt/ros/humble/lib /usr/bin/cmake --build /home/ros2_ws/build/dynamixel_sdk_examples -- -j22 -l22
[3.580s] [ 50%] [32mBuilding CXX object CMakeFiles/read_write_node.dir/src/read_write_node.cpp.o[0m
[25.748s] [100%] [32m[1mLinking CXX executable read_write_node[0m
[26.521s] [100%] Built target read_write_node
[26.571s] Invoked command in '/home/ros2_ws/build/dynamixel_sdk_examples' returned '0': CMAKE_PREFIX_PATH=/home/ros2_ws/install/dynamixel_sdk_custom_interfaces:/home/ros2_ws/install/dynamixel_sdk:/home/ros2_ws/install/workshop_msgs:/home/ros2_ws/install/task7:/home/ros2_ws/install/task6:/home/ros2_ws/install/task5:/home/ros2_ws/install/task4:/home/ros2_ws/install/task3:/home/ros2_ws/install/task2:/home/ros2_ws/install/task1:/home/ros2_ws/install/r2d2_description:/home/ros2_ws/install/turtlebot3:/home/ros2_ws/install/turtlebot3_simulations:/home/ros2_ws/install/turtlebot3_bringup:/home/ros2_ws/install/turtlebot3_node:/home/ros2_ws/install/turtlebot3_navigation2:/home/ros2_ws/install/turtlebot3_fake_node:/home/ros2_ws/install/turtlebot3_msgs:/home/ros2_ws/install/turtlebot3_manipulation_gazebo:/home/ros2_ws/install/turtlebot3_gazebo:/home/ros2_ws/install/turtlebot3_description:/home/ros2_ws/install/turtlebot3_cartographer:/home/ros2_ws/install/dynamixel_sdk_examples:/home/ros2_ws/install/turtlebot3_teleop:/home/ros2_ws/install/turtlebot3_example:/opt/ros/humble LD_LIBRARY_PATH=/home/ros2_ws/install/dynamixel_sdk_custom_interfaces/lib:/home/ros2_ws/install/dynamixel_sdk/lib:/home/ros2_ws/install/workshop_msgs/lib:/home/ros2_ws/install/turtlebot3_msgs/lib:/usr/lib/x86_64-linux-gnu/gazebo-11/plugins:/opt/ros/humble/opt/rviz_ogre_vendor/lib:/opt/ros/humble/lib/x86_64-linux-gnu:/opt/ros/humble/lib /usr/bin/cmake --build /home/ros2_ws/build/dynamixel_sdk_examples -- -j22 -l22
[26.577s] Invoking command in '/home/ros2_ws/build/dynamixel_sdk_examples': CMAKE_PREFIX_PATH=/home/ros2_ws/install/dynamixel_sdk_custom_interfaces:/home/ros2_ws/install/dynamixel_sdk:/home/ros2_ws/install/workshop_msgs:/home/ros2_ws/install/task7:/home/ros2_ws/install/task6:/home/ros2_ws/install/task5:/home/ros2_ws/install/task4:/home/ros2_ws/install/task3:/home/ros2_ws/install/task2:/home/ros2_ws/install/task1:/home/ros2_ws/install/r2d2_description:/home/ros2_ws/install/turtlebot3:/home/ros2_ws/install/turtlebot3_simulations:/home/ros2_ws/install/turtlebot3_bringup:/home/ros2_ws/install/turtlebot3_node:/home/ros2_ws/install/turtlebot3_navigation2:/home/ros2_ws/install/turtlebot3_fake_node:/home/ros2_ws/install/turtlebot3_msgs:/home/ros2_ws/install/turtlebot3_manipulation_gazebo:/home/ros2_ws/install/turtlebot3_gazebo:/home/ros2_ws/install/turtlebot3_description:/home/ros2_ws/install/turtlebot3_cartographer:/home/ros2_ws/install/dynamixel_sdk_examples:/home/ros2_ws/install/turtlebot3_teleop:/home/ros2_ws/install/turtlebot3_example:/opt/ros/humble LD_LIBRARY_PATH=/home/ros2_ws/install/dynamixel_sdk_custom_interfaces/lib:/home/ros2_ws/install/dynamixel_sdk/lib:/home/ros2_ws/install/workshop_msgs/lib:/home/ros2_ws/install/turtlebot3_msgs/lib:/usr/lib/x86_64-linux-gnu/gazebo-11/plugins:/opt/ros/humble/opt/rviz_ogre_vendor/lib:/opt/ros/humble/lib/x86_64-linux-gnu:/opt/ros/humble/lib /usr/bin/cmake --install /home/ros2_ws/build/dynamixel_sdk_examples
[26.596s] -- Install configuration: ""
[26.596s] -- Execute custom install script
[26.598s] -- Symlinking: /home/ros2_ws/install/dynamixel_sdk_examples/lib/dynamixel_sdk_examples/read_write_node
[26.612s] -- Symlinking: /home/ros2_ws/install/dynamixel_sdk_examples/lib/dynamixel_sdk_examples/read_write_node.py
[26.624s] -- Symlinking: /home/ros2_ws/install/dynamixel_sdk_examples/share/ament_index/resource_index/package_run_dependencies/dynamixel_sdk_examples
[26.641s] -- Symlinking: /home/ros2_ws/install/dynamixel_sdk_examples/share/ament_index/resource_index/parent_prefix_path/dynamixel_sdk_examples
[26.670s] -- Symlinking: /home/ros2_ws/install/dynamixel_sdk_examples/share/dynamixel_sdk_examples/environment/ament_prefix_path.sh
[26.686s] -- Symlinking: /home/ros2_ws/install/dynamixel_sdk_examples/share/dynamixel_sdk_examples/environment/ament_prefix_path.dsv
[26.715s] -- Symlinking: /home/ros2_ws/install/dynamixel_sdk_examples/share/dynamixel_sdk_examples/environment/path.sh
[26.731s] -- Symlinking: /home/ros2_ws/install/dynamixel_sdk_examples/share/dynamixel_sdk_examples/environment/path.dsv
[26.744s] -- Symlinking: /home/ros2_ws/install/dynamixel_sdk_examples/share/dynamixel_sdk_examples/local_setup.bash
[26.760s] -- Symlinking: /home/ros2_ws/install/dynamixel_sdk_examples/share/dynamixel_sdk_examples/local_setup.sh
[26.774s] -- Symlinking: /home/ros2_ws/install/dynamixel_sdk_examples/share/dynamixel_sdk_examples/local_setup.zsh
[26.789s] -- Symlinking: /home/ros2_ws/install/dynamixel_sdk_examples/share/dynamixel_sdk_examples/local_setup.dsv
[26.809s] -- Symlinking: /home/ros2_ws/install/dynamixel_sdk_examples/share/dynamixel_sdk_examples/package.dsv
[26.824s] -- Symlinking: /home/ros2_ws/install/dynamixel_sdk_examples/share/ament_index/resource_index/packages/dynamixel_sdk_examples
[26.843s] -- Symlinking: /home/ros2_ws/install/dynamixel_sdk_examples/share/dynamixel_sdk_examples/cmake/dynamixel_sdk_examplesConfig.cmake
[26.859s] -- Symlinking: /home/ros2_ws/install/dynamixel_sdk_examples/share/dynamixel_sdk_examples/cmake/dynamixel_sdk_examplesConfig-version.cmake
[26.873s] -- Symlinking: /home/ros2_ws/install/dynamixel_sdk_examples/share/dynamixel_sdk_examples/package.xml
[26.912s] Invoked command in '/home/ros2_ws/build/dynamixel_sdk_examples' returned '0': CMAKE_PREFIX_PATH=/home/ros2_ws/install/dynamixel_sdk_custom_interfaces:/home/ros2_ws/install/dynamixel_sdk:/home/ros2_ws/install/workshop_msgs:/home/ros2_ws/install/task7:/home/ros2_ws/install/task6:/home/ros2_ws/install/task5:/home/ros2_ws/install/task4:/home/ros2_ws/install/task3:/home/ros2_ws/install/task2:/home/ros2_ws/install/task1:/home/ros2_ws/install/r2d2_description:/home/ros2_ws/install/turtlebot3:/home/ros2_ws/install/turtlebot3_simulations:/home/ros2_ws/install/turtlebot3_bringup:/home/ros2_ws/install/turtlebot3_node:/home/ros2_ws/install/turtlebot3_navigation2:/home/ros2_ws/install/turtlebot3_fake_node:/home/ros2_ws/install/turtlebot3_msgs:/home/ros2_ws/install/turtlebot3_manipulation_gazebo:/home/ros2_ws/install/turtlebot3_gazebo:/home/ros2_ws/install/turtlebot3_description:/home/ros2_ws/install/turtlebot3_cartographer:/home/ros2_ws/install/dynamixel_sdk_examples:/home/ros2_ws/install/turtlebot3_teleop:/home/ros2_ws/install/turtlebot3_example:/opt/ros/humble LD_LIBRARY_PATH=/home/ros2_ws/install/dynamixel_sdk_custom_interfaces/lib:/home/ros2_ws/install/dynamixel_sdk/lib:/home/ros2_ws/install/workshop_msgs/lib:/home/ros2_ws/install/turtlebot3_msgs/lib:/usr/lib/x86_64-linux-gnu/gazebo-11/plugins:/opt/ros/humble/opt/rviz_ogre_vendor/lib:/opt/ros/humble/lib/x86_64-linux-gnu:/opt/ros/humble/lib /usr/bin/cmake --install /home/ros2_ws/build/dynamixel_sdk_examples
