[0.675s] Invoking command in '/home/ros2_ws/build/turtlebot3_example': AMENT_PREFIX_PATH=/home/ros2_ws/install/turtlebot3_msgs CMAKE_PREFIX_PATH=/home/ros2_ws/install/turtlebot3_msgs LD_LIBRARY_PATH=/home/ros2_ws/install/turtlebot3_msgs/lib PYTHONPATH=/home/ros2_ws/build/turtlebot3_example/prefix_override:/usr/lib/python3/dist-packages/colcon_core/task/python/colcon_distutils_commands:/home/ros2_ws/install/turtlebot3_example/lib/python3.10/site-packages:/home/ros2_ws/install/turtlebot3_msgs/local/lib/python3.10/dist-packages /usr/bin/python3 -W ignore:setup.py install is deprecated -W ignore:easy_install command is deprecated setup.py develop --editable --build-directory /home/ros2_ws/build/turtlebot3_example/build --no-deps symlink_data
[1.047s] running develop
[1.143s] running egg_info
[1.144s] writing turtlebot3_example.egg-info/PKG-INFO
[1.144s] writing dependency_links to turtlebot3_example.egg-info/dependency_links.txt
[1.144s] writing entry points to turtlebot3_example.egg-info/entry_points.txt
[1.144s] writing requirements to turtlebot3_example.egg-info/requires.txt
[1.144s] writing top-level names to turtlebot3_example.egg-info/top_level.txt
[1.159s] reading manifest file 'turtlebot3_example.egg-info/SOURCES.txt'
[1.163s] writing manifest file 'turtlebot3_example.egg-info/SOURCES.txt'
[1.169s] running build_ext
[1.170s] Creating /home/ros2_ws/install/turtlebot3_example/lib/python3.10/site-packages/turtlebot3-example.egg-link (link to .)
[1.174s] Installing turtlebot3_absolute_move script to /home/ros2_ws/install/turtlebot3_example/lib/turtlebot3_example
[1.175s] Installing turtlebot3_interactive_marker script to /home/ros2_ws/install/turtlebot3_example/lib/turtlebot3_example
[1.177s] Installing turtlebot3_obstacle_detection script to /home/ros2_ws/install/turtlebot3_example/lib/turtlebot3_example
[1.177s] Installing turtlebot3_patrol_client script to /home/ros2_ws/install/turtlebot3_example/lib/turtlebot3_example
[1.177s] Installing turtlebot3_patrol_server script to /home/ros2_ws/install/turtlebot3_example/lib/turtlebot3_example
[1.178s] Installing turtlebot3_relative_move script to /home/ros2_ws/install/turtlebot3_example/lib/turtlebot3_example
[1.179s] 
[1.179s] Installed /home/ros2_ws/build/turtlebot3_example
[1.180s] running symlink_data
[1.235s] Invoked command in '/home/ros2_ws/build/turtlebot3_example' returned '0': AMENT_PREFIX_PATH=/home/ros2_ws/install/turtlebot3_msgs CMAKE_PREFIX_PATH=/home/ros2_ws/install/turtlebot3_msgs LD_LIBRARY_PATH=/home/ros2_ws/install/turtlebot3_msgs/lib PYTHONPATH=/home/ros2_ws/build/turtlebot3_example/prefix_override:/usr/lib/python3/dist-packages/colcon_core/task/python/colcon_distutils_commands:/home/ros2_ws/install/turtlebot3_example/lib/python3.10/site-packages:/home/ros2_ws/install/turtlebot3_msgs/local/lib/python3.10/dist-packages /usr/bin/python3 -W ignore:setup.py install is deprecated -W ignore:easy_install command is deprecated setup.py develop --editable --build-directory /home/ros2_ws/build/turtlebot3_example/build --no-deps symlink_data
