[0.070s] Invoking command in '/home/ros2_ws/build/dynamixel_sdk': CMAKE_PREFIX_PATH=${CMAKE_PREFIX_PATH}:/home/ros2_ws/install/turtlebot3_teleop:/home/ros2_ws/install/turtlebot3_example:/opt/ros/humble /usr/bin/cmake --build /home/ros2_ws/build/dynamixel_sdk -- -j22 -l22
[0.568s] [100%] Built target dynamixel_sdk
[0.568s] [100%] Built target ament_cmake_python_symlink_dynamixel_sdk
[0.568s] running egg_info
[0.568s] writing dynamixel_sdk.egg-info/PKG-INFO
[0.568s] writing dependency_links to dynamixel_sdk.egg-info/dependency_links.txt
[0.568s] writing top-level names to dynamixel_sdk.egg-info/top_level.txt
[0.568s] reading manifest file 'dynamixel_sdk.egg-info/SOURCES.txt'
[0.568s] writing manifest file 'dynamixel_sdk.egg-info/SOURCES.txt'
[0.568s] [100%] Built target ament_cmake_python_build_dynamixel_sdk_egg
[0.591s] Invoked command in '/home/ros2_ws/build/dynamixel_sdk' returned '0': CMAKE_PREFIX_PATH=${CMAKE_PREFIX_PATH}:/home/ros2_ws/install/turtlebot3_teleop:/home/ros2_ws/install/turtlebot3_example:/opt/ros/humble /usr/bin/cmake --build /home/ros2_ws/build/dynamixel_sdk -- -j22 -l22
[0.611s] Invoking command in '/home/ros2_ws/build/dynamixel_sdk': CMAKE_PREFIX_PATH=${CMAKE_PREFIX_PATH}:/home/ros2_ws/install/turtlebot3_teleop:/home/ros2_ws/install/turtlebot3_example:/opt/ros/humble /usr/bin/cmake --install /home/ros2_ws/build/dynamixel_sdk
[0.635s] -- Install configuration: ""
[0.635s] -- Execute custom install script
[0.636s] -- Up-to-date symlink: /home/ros2_ws/install/dynamixel_sdk/include//dynamixel_sdk/dynamixel_sdk.h
[0.636s] -- Up-to-date symlink: /home/ros2_ws/install/dynamixel_sdk/include//dynamixel_sdk/group_bulk_read.h
[0.636s] -- Up-to-date symlink: /home/ros2_ws/install/dynamixel_sdk/include//dynamixel_sdk/group_bulk_write.h
[0.636s] -- Up-to-date symlink: /home/ros2_ws/install/dynamixel_sdk/include//dynamixel_sdk/group_fast_bulk_read.h
[0.636s] -- Up-to-date symlink: /home/ros2_ws/install/dynamixel_sdk/include//dynamixel_sdk/group_fast_sync_read.h
[0.636s] -- Up-to-date symlink: /home/ros2_ws/install/dynamixel_sdk/include//dynamixel_sdk/group_handler.h
[0.636s] -- Up-to-date symlink: /home/ros2_ws/install/dynamixel_sdk/include//dynamixel_sdk/group_sync_read.h
[0.636s] -- Up-to-date symlink: /home/ros2_ws/install/dynamixel_sdk/include//dynamixel_sdk/group_sync_write.h
[0.636s] -- Up-to-date symlink: /home/ros2_ws/install/dynamixel_sdk/include//dynamixel_sdk/packet_handler.h
[0.637s] -- Up-to-date symlink: /home/ros2_ws/install/dynamixel_sdk/include//dynamixel_sdk/port_handler.h
[0.637s] -- Up-to-date symlink: /home/ros2_ws/install/dynamixel_sdk/include//dynamixel_sdk/port_handler_arduino.h
[0.638s] -- Up-to-date symlink: /home/ros2_ws/install/dynamixel_sdk/include//dynamixel_sdk/port_handler_linux.h
[0.639s] -- Up-to-date symlink: /home/ros2_ws/install/dynamixel_sdk/include//dynamixel_sdk/port_handler_mac.h
[0.639s] -- Up-to-date symlink: /home/ros2_ws/install/dynamixel_sdk/include//dynamixel_sdk/port_handler_windows.h
[0.639s] -- Up-to-date symlink: /home/ros2_ws/install/dynamixel_sdk/include//dynamixel_sdk/protocol1_packet_handler.h
[0.639s] -- Up-to-date symlink: /home/ros2_ws/install/dynamixel_sdk/include//dynamixel_sdk/protocol2_packet_handler.h
[0.639s] -- Up-to-date symlink: /home/ros2_ws/install/dynamixel_sdk/share/dynamixel_sdk/environment/pythonpath.sh
[0.639s] -- Up-to-date symlink: /home/ros2_ws/install/dynamixel_sdk/share/dynamixel_sdk/environment/pythonpath.dsv
[0.639s] -- Up-to-date symlink: /home/ros2_ws/install/dynamixel_sdk/local/lib/python3.10/dist-packages/dynamixel_sdk-3.8.4-py3.10.egg-info/PKG-INFO
[0.639s] -- Up-to-date symlink: /home/ros2_ws/install/dynamixel_sdk/local/lib/python3.10/dist-packages/dynamixel_sdk-3.8.4-py3.10.egg-info/SOURCES.txt
[0.639s] -- Up-to-date symlink: /home/ros2_ws/install/dynamixel_sdk/local/lib/python3.10/dist-packages/dynamixel_sdk-3.8.4-py3.10.egg-info/dependency_links.txt
[0.640s] -- Up-to-date symlink: /home/ros2_ws/install/dynamixel_sdk/local/lib/python3.10/dist-packages/dynamixel_sdk-3.8.4-py3.10.egg-info/top_level.txt
[0.640s] -- Up-to-date symlink: /home/ros2_ws/install/dynamixel_sdk/local/lib/python3.10/dist-packages/dynamixel_sdk/__init__.py
[0.640s] -- Up-to-date symlink: /home/ros2_ws/install/dynamixel_sdk/local/lib/python3.10/dist-packages/dynamixel_sdk/group_bulk_read.cpp
[0.640s] -- Up-to-date symlink: /home/ros2_ws/install/dynamixel_sdk/local/lib/python3.10/dist-packages/dynamixel_sdk/group_bulk_read.py
[0.640s] -- Up-to-date symlink: /home/ros2_ws/install/dynamixel_sdk/local/lib/python3.10/dist-packages/dynamixel_sdk/group_bulk_write.cpp
[0.640s] -- Up-to-date symlink: /home/ros2_ws/install/dynamixel_sdk/local/lib/python3.10/dist-packages/dynamixel_sdk/group_bulk_write.py
[0.640s] -- Up-to-date symlink: /home/ros2_ws/install/dynamixel_sdk/local/lib/python3.10/dist-packages/dynamixel_sdk/group_fast_bulk_read.cpp
[0.640s] -- Up-to-date symlink: /home/ros2_ws/install/dynamixel_sdk/local/lib/python3.10/dist-packages/dynamixel_sdk/group_fast_sync_read.cpp
[0.640s] -- Up-to-date symlink: /home/ros2_ws/install/dynamixel_sdk/local/lib/python3.10/dist-packages/dynamixel_sdk/group_handler.cpp
[0.640s] -- Up-to-date symlink: /home/ros2_ws/install/dynamixel_sdk/local/lib/python3.10/dist-packages/dynamixel_sdk/group_sync_read.cpp
[0.641s] -- Up-to-date symlink: /home/ros2_ws/install/dynamixel_sdk/local/lib/python3.10/dist-packages/dynamixel_sdk/group_sync_read.py
[0.647s] -- Up-to-date symlink: /home/ros2_ws/install/dynamixel_sdk/local/lib/python3.10/dist-packages/dynamixel_sdk/group_sync_write.cpp
[0.647s] -- Up-to-date symlink: /home/ros2_ws/install/dynamixel_sdk/local/lib/python3.10/dist-packages/dynamixel_sdk/group_sync_write.py
[0.648s] -- Up-to-date symlink: /home/ros2_ws/install/dynamixel_sdk/local/lib/python3.10/dist-packages/dynamixel_sdk/packet_handler.cpp
[0.649s] -- Up-to-date symlink: /home/ros2_ws/install/dynamixel_sdk/local/lib/python3.10/dist-packages/dynamixel_sdk/packet_handler.py
[0.649s] -- Up-to-date symlink: /home/ros2_ws/install/dynamixel_sdk/local/lib/python3.10/dist-packages/dynamixel_sdk/port_handler.cpp
[0.649s] -- Up-to-date symlink: /home/ros2_ws/install/dynamixel_sdk/local/lib/python3.10/dist-packages/dynamixel_sdk/port_handler.py
[0.649s] -- Up-to-date symlink: /home/ros2_ws/install/dynamixel_sdk/local/lib/python3.10/dist-packages/dynamixel_sdk/port_handler_arduino.cpp
[0.650s] -- Up-to-date symlink: /home/ros2_ws/install/dynamixel_sdk/local/lib/python3.10/dist-packages/dynamixel_sdk/port_handler_linux.cpp
[0.651s] -- Up-to-date symlink: /home/ros2_ws/install/dynamixel_sdk/local/lib/python3.10/dist-packages/dynamixel_sdk/port_handler_mac.cpp
[0.651s] -- Up-to-date symlink: /home/ros2_ws/install/dynamixel_sdk/local/lib/python3.10/dist-packages/dynamixel_sdk/port_handler_windows.cpp
[0.651s] -- Up-to-date symlink: /home/ros2_ws/install/dynamixel_sdk/local/lib/python3.10/dist-packages/dynamixel_sdk/protocol1_packet_handler.cpp
[0.652s] -- Up-to-date symlink: /home/ros2_ws/install/dynamixel_sdk/local/lib/python3.10/dist-packages/dynamixel_sdk/protocol1_packet_handler.py
[0.656s] -- Up-to-date symlink: /home/ros2_ws/install/dynamixel_sdk/local/lib/python3.10/dist-packages/dynamixel_sdk/protocol2_packet_handler.cpp
[0.656s] -- Up-to-date symlink: /home/ros2_ws/install/dynamixel_sdk/local/lib/python3.10/dist-packages/dynamixel_sdk/protocol2_packet_handler.py
[0.656s] -- Up-to-date symlink: /home/ros2_ws/install/dynamixel_sdk/local/lib/python3.10/dist-packages/dynamixel_sdk/robotis_def.py
[0.657s] -- Up-to-date symlink: /home/ros2_ws/install/dynamixel_sdk/share/dynamixel_sdk/environment/library_path.sh
[0.657s] -- Up-to-date symlink: /home/ros2_ws/install/dynamixel_sdk/share/dynamixel_sdk/environment/library_path.dsv
[0.657s] -- Up-to-date symlink: /home/ros2_ws/install/dynamixel_sdk/share/ament_index/resource_index/package_run_dependencies/dynamixel_sdk
[0.657s] -- Up-to-date symlink: /home/ros2_ws/install/dynamixel_sdk/share/ament_index/resource_index/parent_prefix_path/dynamixel_sdk
[0.657s] -- Up-to-date symlink: /home/ros2_ws/install/dynamixel_sdk/share/dynamixel_sdk/environment/ament_prefix_path.sh
[0.657s] -- Up-to-date symlink: /home/ros2_ws/install/dynamixel_sdk/share/dynamixel_sdk/environment/ament_prefix_path.dsv
[0.657s] -- Up-to-date symlink: /home/ros2_ws/install/dynamixel_sdk/share/dynamixel_sdk/environment/path.sh
[0.659s] -- Up-to-date symlink: /home/ros2_ws/install/dynamixel_sdk/share/dynamixel_sdk/environment/path.dsv
[0.659s] -- Up-to-date symlink: /home/ros2_ws/install/dynamixel_sdk/share/dynamixel_sdk/local_setup.bash
[0.659s] -- Up-to-date symlink: /home/ros2_ws/install/dynamixel_sdk/share/dynamixel_sdk/local_setup.sh
[0.660s] -- Up-to-date symlink: /home/ros2_ws/install/dynamixel_sdk/share/dynamixel_sdk/local_setup.zsh
[0.661s] -- Up-to-date symlink: /home/ros2_ws/install/dynamixel_sdk/share/dynamixel_sdk/local_setup.dsv
[0.661s] -- Symlinking: /home/ros2_ws/install/dynamixel_sdk/share/dynamixel_sdk/package.dsv
[0.670s] -- Up-to-date symlink: /home/ros2_ws/install/dynamixel_sdk/share/ament_index/resource_index/packages/dynamixel_sdk
[0.671s] -- Up-to-date symlink: /home/ros2_ws/install/dynamixel_sdk/share/dynamixel_sdk/cmake/ament_cmake_export_targets-extras.cmake
[0.671s] -- Up-to-date symlink: /home/ros2_ws/install/dynamixel_sdk/share/dynamixel_sdk/cmake/ament_cmake_export_include_directories-extras.cmake
[0.672s] -- Up-to-date symlink: /home/ros2_ws/install/dynamixel_sdk/share/dynamixel_sdk/cmake/ament_cmake_export_libraries-extras.cmake
[0.672s] -- Up-to-date symlink: /home/ros2_ws/install/dynamixel_sdk/share/dynamixel_sdk/cmake/dynamixel_sdkConfig.cmake
[0.672s] -- Up-to-date symlink: /home/ros2_ws/install/dynamixel_sdk/share/dynamixel_sdk/cmake/dynamixel_sdkConfig-version.cmake
[0.672s] -- Up-to-date symlink: /home/ros2_ws/install/dynamixel_sdk/share/dynamixel_sdk/package.xml
[0.672s] -- Up-to-date: /home/ros2_ws/install/dynamixel_sdk/lib/libdynamixel_sdk.so
[0.693s] Listing '/home/ros2_ws/install/dynamixel_sdk/local/lib/python3.10/dist-packages/dynamixel_sdk'...
[0.693s] -- Up-to-date: /home/ros2_ws/install/dynamixel_sdk/share/dynamixel_sdk/cmake/dynamixel_sdkExport.cmake
[0.693s] -- Up-to-date: /home/ros2_ws/install/dynamixel_sdk/share/dynamixel_sdk/cmake/dynamixel_sdkExport-noconfig.cmake
[0.794s] Invoked command in '/home/ros2_ws/build/dynamixel_sdk' returned '0': CMAKE_PREFIX_PATH=${CMAKE_PREFIX_PATH}:/home/ros2_ws/install/turtlebot3_teleop:/home/ros2_ws/install/turtlebot3_example:/opt/ros/humble /usr/bin/cmake --install /home/ros2_ws/build/dynamixel_sdk
