[0.031s] Invoking command in '/home/ros2_ws/build/turtlebot3_bringup': CMAKE_PREFIX_PATH=/home/ros2_ws/install/turtlebot3_node:/home/ros2_ws/install/turtlebot3_msgs:/home/ros2_ws/install/turtlebot3_description:/home/ros2_ws/install/dynamixel_sdk:/home/ros2_ws/install/workshop_msgs:/home/ros2_ws/install/task7:/home/ros2_ws/install/task6:/home/ros2_ws/install/task5:/home/ros2_ws/install/task4:/home/ros2_ws/install/task3:/home/ros2_ws/install/task2:/home/ros2_ws/install/task1:/home/ros2_ws/install/r2d2_description:/home/ros2_ws/install/turtlebot3:/home/ros2_ws/install/turtlebot3_simulations:/home/ros2_ws/install/turtlebot3_bringup:/home/ros2_ws/install/turtlebot3_navigation2:/home/ros2_ws/install/turtlebot3_fake_node:/home/ros2_ws/install/turtlebot3_manipulation_gazebo:/home/ros2_ws/install/turtlebot3_gazebo:/home/ros2_ws/install/turtlebot3_cartographer:/home/ros2_ws/install/dynamixel_sdk_examples:/home/ros2_ws/install/dynamixel_sdk_custom_interfaces:/home/ros2_ws/install/turtlebot3_teleop:/home/ros2_ws/install/turtlebot3_example:/opt/ros/humble LD_LIBRARY_PATH=/home/ros2_ws/install/turtlebot3_msgs/lib:/home/ros2_ws/install/dynamixel_sdk/lib:/home/ros2_ws/install/workshop_msgs/lib:/home/ros2_ws/install/dynamixel_sdk_custom_interfaces/lib:/usr/lib/x86_64-linux-gnu/gazebo-11/plugins:/opt/ros/humble/opt/rviz_ogre_vendor/lib:/opt/ros/humble/lib/x86_64-linux-gnu:/opt/ros/humble/lib /usr/bin/cmake /home/ros2_ws/src/turtlebot3/turtlebot3_bringup -DAMENT_CMAKE_SYMLINK_INSTALL=1 -DCMAKE_INSTALL_PREFIX=/home/ros2_ws/install/turtlebot3_bringup
[0.118s] -- The C compiler identification is GNU 11.4.0
[0.202s] -- The CXX compiler identification is GNU 11.4.0
[0.217s] -- Detecting C compiler ABI info
[0.340s] -- Detecting C compiler ABI info - done
[0.347s] -- Check for working C compiler: /usr/bin/cc - skipped
[0.348s] -- Detecting C compile features
[0.348s] -- Detecting C compile features - done
[0.352s] -- Detecting CXX compiler ABI info
[0.475s] -- Detecting CXX compiler ABI info - done
[0.484s] -- Check for working CXX compiler: /usr/bin/c++ - skipped
[0.485s] -- Detecting CXX compile features
[0.486s] -- Detecting CXX compile features - done
[0.490s] -- Found ament_cmake: 1.3.11 (/opt/ros/humble/share/ament_cmake/cmake)
[0.732s] -- Found Python3: /usr/bin/python3 (found version "3.10.12") found components: Interpreter 
[0.826s] -- Override CMake install command with custom implementation using symlinks instead of copying resources
[0.986s] -- Configuring done
[0.992s] -- Generating done
[0.993s] -- Build files have been written to: /home/ros2_ws/build/turtlebot3_bringup
[1.000s] Invoked command in '/home/ros2_ws/build/turtlebot3_bringup' returned '0': CMAKE_PREFIX_PATH=/home/ros2_ws/install/turtlebot3_node:/home/ros2_ws/install/turtlebot3_msgs:/home/ros2_ws/install/turtlebot3_description:/home/ros2_ws/install/dynamixel_sdk:/home/ros2_ws/install/workshop_msgs:/home/ros2_ws/install/task7:/home/ros2_ws/install/task6:/home/ros2_ws/install/task5:/home/ros2_ws/install/task4:/home/ros2_ws/install/task3:/home/ros2_ws/install/task2:/home/ros2_ws/install/task1:/home/ros2_ws/install/r2d2_description:/home/ros2_ws/install/turtlebot3:/home/ros2_ws/install/turtlebot3_simulations:/home/ros2_ws/install/turtlebot3_bringup:/home/ros2_ws/install/turtlebot3_navigation2:/home/ros2_ws/install/turtlebot3_fake_node:/home/ros2_ws/install/turtlebot3_manipulation_gazebo:/home/ros2_ws/install/turtlebot3_gazebo:/home/ros2_ws/install/turtlebot3_cartographer:/home/ros2_ws/install/dynamixel_sdk_examples:/home/ros2_ws/install/dynamixel_sdk_custom_interfaces:/home/ros2_ws/install/turtlebot3_teleop:/home/ros2_ws/install/turtlebot3_example:/opt/ros/humble LD_LIBRARY_PATH=/home/ros2_ws/install/turtlebot3_msgs/lib:/home/ros2_ws/install/dynamixel_sdk/lib:/home/ros2_ws/install/workshop_msgs/lib:/home/ros2_ws/install/dynamixel_sdk_custom_interfaces/lib:/usr/lib/x86_64-linux-gnu/gazebo-11/plugins:/opt/ros/humble/opt/rviz_ogre_vendor/lib:/opt/ros/humble/lib/x86_64-linux-gnu:/opt/ros/humble/lib /usr/bin/cmake /home/ros2_ws/src/turtlebot3/turtlebot3_bringup -DAMENT_CMAKE_SYMLINK_INSTALL=1 -DCMAKE_INSTALL_PREFIX=/home/ros2_ws/install/turtlebot3_bringup
[1.002s] Invoking command in '/home/ros2_ws/build/turtlebot3_bringup': CMAKE_PREFIX_PATH=/home/ros2_ws/install/turtlebot3_node:/home/ros2_ws/install/turtlebot3_msgs:/home/ros2_ws/install/turtlebot3_description:/home/ros2_ws/install/dynamixel_sdk:/home/ros2_ws/install/workshop_msgs:/home/ros2_ws/install/task7:/home/ros2_ws/install/task6:/home/ros2_ws/install/task5:/home/ros2_ws/install/task4:/home/ros2_ws/install/task3:/home/ros2_ws/install/task2:/home/ros2_ws/install/task1:/home/ros2_ws/install/r2d2_description:/home/ros2_ws/install/turtlebot3:/home/ros2_ws/install/turtlebot3_simulations:/home/ros2_ws/install/turtlebot3_bringup:/home/ros2_ws/install/turtlebot3_navigation2:/home/ros2_ws/install/turtlebot3_fake_node:/home/ros2_ws/install/turtlebot3_manipulation_gazebo:/home/ros2_ws/install/turtlebot3_gazebo:/home/ros2_ws/install/turtlebot3_cartographer:/home/ros2_ws/install/dynamixel_sdk_examples:/home/ros2_ws/install/dynamixel_sdk_custom_interfaces:/home/ros2_ws/install/turtlebot3_teleop:/home/ros2_ws/install/turtlebot3_example:/opt/ros/humble LD_LIBRARY_PATH=/home/ros2_ws/install/turtlebot3_msgs/lib:/home/ros2_ws/install/dynamixel_sdk/lib:/home/ros2_ws/install/workshop_msgs/lib:/home/ros2_ws/install/dynamixel_sdk_custom_interfaces/lib:/usr/lib/x86_64-linux-gnu/gazebo-11/plugins:/opt/ros/humble/opt/rviz_ogre_vendor/lib:/opt/ros/humble/lib/x86_64-linux-gnu:/opt/ros/humble/lib /usr/bin/cmake --build /home/ros2_ws/build/turtlebot3_bringup -- -j22 -l22
[1.066s] Invoked command in '/home/ros2_ws/build/turtlebot3_bringup' returned '0': CMAKE_PREFIX_PATH=/home/ros2_ws/install/turtlebot3_node:/home/ros2_ws/install/turtlebot3_msgs:/home/ros2_ws/install/turtlebot3_description:/home/ros2_ws/install/dynamixel_sdk:/home/ros2_ws/install/workshop_msgs:/home/ros2_ws/install/task7:/home/ros2_ws/install/task6:/home/ros2_ws/install/task5:/home/ros2_ws/install/task4:/home/ros2_ws/install/task3:/home/ros2_ws/install/task2:/home/ros2_ws/install/task1:/home/ros2_ws/install/r2d2_description:/home/ros2_ws/install/turtlebot3:/home/ros2_ws/install/turtlebot3_simulations:/home/ros2_ws/install/turtlebot3_bringup:/home/ros2_ws/install/turtlebot3_navigation2:/home/ros2_ws/install/turtlebot3_fake_node:/home/ros2_ws/install/turtlebot3_manipulation_gazebo:/home/ros2_ws/install/turtlebot3_gazebo:/home/ros2_ws/install/turtlebot3_cartographer:/home/ros2_ws/install/dynamixel_sdk_examples:/home/ros2_ws/install/dynamixel_sdk_custom_interfaces:/home/ros2_ws/install/turtlebot3_teleop:/home/ros2_ws/install/turtlebot3_example:/opt/ros/humble LD_LIBRARY_PATH=/home/ros2_ws/install/turtlebot3_msgs/lib:/home/ros2_ws/install/dynamixel_sdk/lib:/home/ros2_ws/install/workshop_msgs/lib:/home/ros2_ws/install/dynamixel_sdk_custom_interfaces/lib:/usr/lib/x86_64-linux-gnu/gazebo-11/plugins:/opt/ros/humble/opt/rviz_ogre_vendor/lib:/opt/ros/humble/lib/x86_64-linux-gnu:/opt/ros/humble/lib /usr/bin/cmake --build /home/ros2_ws/build/turtlebot3_bringup -- -j22 -l22
[1.070s] Invoking command in '/home/ros2_ws/build/turtlebot3_bringup': CMAKE_PREFIX_PATH=/home/ros2_ws/install/turtlebot3_node:/home/ros2_ws/install/turtlebot3_msgs:/home/ros2_ws/install/turtlebot3_description:/home/ros2_ws/install/dynamixel_sdk:/home/ros2_ws/install/workshop_msgs:/home/ros2_ws/install/task7:/home/ros2_ws/install/task6:/home/ros2_ws/install/task5:/home/ros2_ws/install/task4:/home/ros2_ws/install/task3:/home/ros2_ws/install/task2:/home/ros2_ws/install/task1:/home/ros2_ws/install/r2d2_description:/home/ros2_ws/install/turtlebot3:/home/ros2_ws/install/turtlebot3_simulations:/home/ros2_ws/install/turtlebot3_bringup:/home/ros2_ws/install/turtlebot3_navigation2:/home/ros2_ws/install/turtlebot3_fake_node:/home/ros2_ws/install/turtlebot3_manipulation_gazebo:/home/ros2_ws/install/turtlebot3_gazebo:/home/ros2_ws/install/turtlebot3_cartographer:/home/ros2_ws/install/dynamixel_sdk_examples:/home/ros2_ws/install/dynamixel_sdk_custom_interfaces:/home/ros2_ws/install/turtlebot3_teleop:/home/ros2_ws/install/turtlebot3_example:/opt/ros/humble LD_LIBRARY_PATH=/home/ros2_ws/install/turtlebot3_msgs/lib:/home/ros2_ws/install/dynamixel_sdk/lib:/home/ros2_ws/install/workshop_msgs/lib:/home/ros2_ws/install/dynamixel_sdk_custom_interfaces/lib:/usr/lib/x86_64-linux-gnu/gazebo-11/plugins:/opt/ros/humble/opt/rviz_ogre_vendor/lib:/opt/ros/humble/lib/x86_64-linux-gnu:/opt/ros/humble/lib /usr/bin/cmake --install /home/ros2_ws/build/turtlebot3_bringup
[1.087s] -- Install configuration: ""
[1.087s] -- Execute custom install script
[1.088s] -- Symlinking: /home/ros2_ws/install/turtlebot3_bringup/share/turtlebot3_bringup/launch/camera.launch.py
[1.102s] -- Symlinking: /home/ros2_ws/install/turtlebot3_bringup/share/turtlebot3_bringup/launch/robot.launch.py
[1.121s] -- Symlinking: /home/ros2_ws/install/turtlebot3_bringup/share/turtlebot3_bringup/launch/rviz2.launch.py
[1.133s] -- Symlinking: /home/ros2_ws/install/turtlebot3_bringup/share/turtlebot3_bringup/launch/turtlebot3_state_publisher.launch.py
[1.147s] -- Symlinking: /home/ros2_ws/install/turtlebot3_bringup/share/turtlebot3_bringup/param/burger.yaml
[1.159s] -- Symlinking: /home/ros2_ws/install/turtlebot3_bringup/share/turtlebot3_bringup/param/humble/burger.yaml
[1.170s] -- Symlinking: /home/ros2_ws/install/turtlebot3_bringup/share/turtlebot3_bringup/param/humble/waffle.yaml
[1.185s] -- Symlinking: /home/ros2_ws/install/turtlebot3_bringup/share/turtlebot3_bringup/param/humble/waffle_pi.yaml
[1.203s] -- Symlinking: /home/ros2_ws/install/turtlebot3_bringup/share/turtlebot3_bringup/param/waffle.yaml
[1.222s] -- Symlinking: /home/ros2_ws/install/turtlebot3_bringup/share/turtlebot3_bringup/param/waffle_pi.yaml
[1.237s] -- Symlinking: /home/ros2_ws/install/turtlebot3_bringup/share/turtlebot3_bringup/script/99-turtlebot3-cdc.rules
[1.252s] -- Symlinking: /home/ros2_ws/install/turtlebot3_bringup/share/turtlebot3_bringup/script/create_udev_rules
[1.265s] -- Symlinking: /home/ros2_ws/install/turtlebot3_bringup/share/ament_index/resource_index/package_run_dependencies/turtlebot3_bringup
[1.278s] -- Symlinking: /home/ros2_ws/install/turtlebot3_bringup/share/ament_index/resource_index/parent_prefix_path/turtlebot3_bringup
[1.296s] -- Symlinking: /home/ros2_ws/install/turtlebot3_bringup/share/turtlebot3_bringup/environment/ament_prefix_path.sh
[1.314s] -- Symlinking: /home/ros2_ws/install/turtlebot3_bringup/share/turtlebot3_bringup/environment/ament_prefix_path.dsv
[1.332s] -- Symlinking: /home/ros2_ws/install/turtlebot3_bringup/share/turtlebot3_bringup/environment/path.sh
[1.351s] -- Symlinking: /home/ros2_ws/install/turtlebot3_bringup/share/turtlebot3_bringup/environment/path.dsv
[1.363s] -- Symlinking: /home/ros2_ws/install/turtlebot3_bringup/share/turtlebot3_bringup/local_setup.bash
[1.375s] -- Symlinking: /home/ros2_ws/install/turtlebot3_bringup/share/turtlebot3_bringup/local_setup.sh
[1.394s] -- Symlinking: /home/ros2_ws/install/turtlebot3_bringup/share/turtlebot3_bringup/local_setup.zsh
[1.414s] -- Symlinking: /home/ros2_ws/install/turtlebot3_bringup/share/turtlebot3_bringup/local_setup.dsv
[1.433s] -- Symlinking: /home/ros2_ws/install/turtlebot3_bringup/share/turtlebot3_bringup/package.dsv
[1.452s] -- Symlinking: /home/ros2_ws/install/turtlebot3_bringup/share/ament_index/resource_index/packages/turtlebot3_bringup
[1.466s] -- Symlinking: /home/ros2_ws/install/turtlebot3_bringup/share/turtlebot3_bringup/cmake/turtlebot3_bringupConfig.cmake
[1.483s] -- Symlinking: /home/ros2_ws/install/turtlebot3_bringup/share/turtlebot3_bringup/cmake/turtlebot3_bringupConfig-version.cmake
[1.497s] -- Symlinking: /home/ros2_ws/install/turtlebot3_bringup/share/turtlebot3_bringup/package.xml
[1.519s] Invoked command in '/home/ros2_ws/build/turtlebot3_bringup' returned '0': CMAKE_PREFIX_PATH=/home/ros2_ws/install/turtlebot3_node:/home/ros2_ws/install/turtlebot3_msgs:/home/ros2_ws/install/turtlebot3_description:/home/ros2_ws/install/dynamixel_sdk:/home/ros2_ws/install/workshop_msgs:/home/ros2_ws/install/task7:/home/ros2_ws/install/task6:/home/ros2_ws/install/task5:/home/ros2_ws/install/task4:/home/ros2_ws/install/task3:/home/ros2_ws/install/task2:/home/ros2_ws/install/task1:/home/ros2_ws/install/r2d2_description:/home/ros2_ws/install/turtlebot3:/home/ros2_ws/install/turtlebot3_simulations:/home/ros2_ws/install/turtlebot3_bringup:/home/ros2_ws/install/turtlebot3_navigation2:/home/ros2_ws/install/turtlebot3_fake_node:/home/ros2_ws/install/turtlebot3_manipulation_gazebo:/home/ros2_ws/install/turtlebot3_gazebo:/home/ros2_ws/install/turtlebot3_cartographer:/home/ros2_ws/install/dynamixel_sdk_examples:/home/ros2_ws/install/dynamixel_sdk_custom_interfaces:/home/ros2_ws/install/turtlebot3_teleop:/home/ros2_ws/install/turtlebot3_example:/opt/ros/humble LD_LIBRARY_PATH=/home/ros2_ws/install/turtlebot3_msgs/lib:/home/ros2_ws/install/dynamixel_sdk/lib:/home/ros2_ws/install/workshop_msgs/lib:/home/ros2_ws/install/dynamixel_sdk_custom_interfaces/lib:/usr/lib/x86_64-linux-gnu/gazebo-11/plugins:/opt/ros/humble/opt/rviz_ogre_vendor/lib:/opt/ros/humble/lib/x86_64-linux-gnu:/opt/ros/humble/lib /usr/bin/cmake --install /home/ros2_ws/build/turtlebot3_bringup
