[0.841s] Invoking command in '/home/ros2_ws/build/turtlebot3_example': CMAKE_PREFIX_PATH=/home/ros2_ws/install/turtlebot3_msgs:/home/ros2_ws/install/turtlebot3:/home/ros2_ws/install/turtlebot3_simulations:/home/ros2_ws/install/turtlebot3_bringup:/home/ros2_ws/install/turtlebot3_node:/home/ros2_ws/install/turtlebot3_navigation2:/home/ros2_ws/install/turtlebot3_fake_node:/home/ros2_ws/install/turtlebot3_manipulation_gazebo:/home/ros2_ws/install/turtlebot3_gazebo:/home/ros2_ws/install/turtlebot3_description:/home/ros2_ws/install/turtlebot3_cartographer:/home/ros2_ws/install/dynamixel_sdk_examples:/home/ros2_ws/install/dynamixel_sdk_custom_interfaces:/home/ros2_ws/install/dynamixel_sdk PYTHONPATH=/home/ros2_ws/build/turtlebot3_example/prefix_override:/usr/lib/python3/dist-packages/colcon_core/task/python/colcon_distutils_commands:/home/ros2_ws/install/turtlebot3_example/lib/python3.10/site-packages:${PYTHONPATH} /usr/bin/python3 -W ignore:setup.py install is deprecated -W ignore:easy_install command is deprecated setup.py develop --editable --build-directory /home/ros2_ws/build/turtlebot3_example/build --no-deps symlink_data
[1.131s] running develop
[1.265s] running egg_info
[1.265s] writing turtlebot3_example.egg-info/PKG-INFO
[1.266s] writing dependency_links to turtlebot3_example.egg-info/dependency_links.txt
[1.266s] writing entry points to turtlebot3_example.egg-info/entry_points.txt
[1.266s] writing requirements to turtlebot3_example.egg-info/requires.txt
[1.266s] writing top-level names to turtlebot3_example.egg-info/top_level.txt
[1.269s] reading manifest file 'turtlebot3_example.egg-info/SOURCES.txt'
[1.269s] writing manifest file 'turtlebot3_example.egg-info/SOURCES.txt'
[1.271s] running build_ext
[1.272s] Creating /home/ros2_ws/install/turtlebot3_example/lib/python3.10/site-packages/turtlebot3-example.egg-link (link to .)
[1.273s] Installing turtlebot3_absolute_move script to /home/ros2_ws/install/turtlebot3_example/lib/turtlebot3_example
[1.273s] Installing turtlebot3_interactive_marker script to /home/ros2_ws/install/turtlebot3_example/lib/turtlebot3_example
[1.273s] Installing turtlebot3_obstacle_detection script to /home/ros2_ws/install/turtlebot3_example/lib/turtlebot3_example
[1.273s] Installing turtlebot3_patrol_client script to /home/ros2_ws/install/turtlebot3_example/lib/turtlebot3_example
[1.273s] Installing turtlebot3_patrol_server script to /home/ros2_ws/install/turtlebot3_example/lib/turtlebot3_example
[1.273s] Installing turtlebot3_relative_move script to /home/ros2_ws/install/turtlebot3_example/lib/turtlebot3_example
[1.274s] 
[1.274s] Installed /home/ros2_ws/build/turtlebot3_example
[1.274s] running symlink_data
[1.313s] Invoked command in '/home/ros2_ws/build/turtlebot3_example' returned '0': CMAKE_PREFIX_PATH=/home/ros2_ws/install/turtlebot3_msgs:/home/ros2_ws/install/turtlebot3:/home/ros2_ws/install/turtlebot3_simulations:/home/ros2_ws/install/turtlebot3_bringup:/home/ros2_ws/install/turtlebot3_node:/home/ros2_ws/install/turtlebot3_navigation2:/home/ros2_ws/install/turtlebot3_fake_node:/home/ros2_ws/install/turtlebot3_manipulation_gazebo:/home/ros2_ws/install/turtlebot3_gazebo:/home/ros2_ws/install/turtlebot3_description:/home/ros2_ws/install/turtlebot3_cartographer:/home/ros2_ws/install/dynamixel_sdk_examples:/home/ros2_ws/install/dynamixel_sdk_custom_interfaces:/home/ros2_ws/install/dynamixel_sdk PYTHONPATH=/home/ros2_ws/build/turtlebot3_example/prefix_override:/usr/lib/python3/dist-packages/colcon_core/task/python/colcon_distutils_commands:/home/ros2_ws/install/turtlebot3_example/lib/python3.10/site-packages:${PYTHONPATH} /usr/bin/python3 -W ignore:setup.py install is deprecated -W ignore:easy_install command is deprecated setup.py develop --editable --build-directory /home/ros2_ws/build/turtlebot3_example/build --no-deps symlink_data
