[1.182s] Invoking command in '/home/ros2_ws/build/turtlebot3_teleop': PYTHONPATH=/home/ros2_ws/build/turtlebot3_teleop/prefix_override:/usr/lib/python3/dist-packages/colcon_core/task/python/colcon_distutils_commands:/home/ros2_ws/install/turtlebot3_teleop/lib/python3.10/site-packages:${PYTHONPATH} /usr/bin/python3 -W ignore:setup.py install is deprecated -W ignore:easy_install command is deprecated setup.py develop --editable --build-directory /home/ros2_ws/build/turtlebot3_teleop/build --no-deps symlink_data
[1.605s] running develop
[1.765s] running egg_info
[1.765s] creating turtlebot3_teleop.egg-info
[1.768s] writing turtlebot3_teleop.egg-info/PKG-INFO
[1.768s] writing dependency_links to turtlebot3_teleop.egg-info/dependency_links.txt
[1.768s] writing entry points to turtlebot3_teleop.egg-info/entry_points.txt
[1.769s] writing requirements to turtlebot3_teleop.egg-info/requires.txt
[1.769s] writing top-level names to turtlebot3_teleop.egg-info/top_level.txt
[1.769s] writing manifest file 'turtlebot3_teleop.egg-info/SOURCES.txt'
[1.771s] reading manifest file 'turtlebot3_teleop.egg-info/SOURCES.txt'
[1.772s] writing manifest file 'turtlebot3_teleop.egg-info/SOURCES.txt'
[1.776s] running build_ext
[1.777s] Creating /home/ros2_ws/install/turtlebot3_teleop/lib/python3.10/site-packages/turtlebot3-teleop.egg-link (link to .)
[1.778s] Installing teleop_keyboard script to /home/ros2_ws/install/turtlebot3_teleop/lib/turtlebot3_teleop
[1.779s] 
[1.779s] Installed /home/ros2_ws/build/turtlebot3_teleop
[1.779s] running symlink_data
[1.793s] creating /home/ros2_ws/install/turtlebot3_teleop/share/ament_index
[1.794s] creating /home/ros2_ws/install/turtlebot3_teleop/share/ament_index/resource_index
[1.794s] creating /home/ros2_ws/install/turtlebot3_teleop/share/ament_index/resource_index/packages
[1.794s] symbolically linking /home/ros2_ws/build/turtlebot3_teleop/resource/turtlebot3_teleop -> /home/ros2_ws/install/turtlebot3_teleop/share/ament_index/resource_index/packages
[1.794s] symbolically linking /home/ros2_ws/build/turtlebot3_teleop/package.xml -> /home/ros2_ws/install/turtlebot3_teleop/share/turtlebot3_teleop
[1.911s] Invoked command in '/home/ros2_ws/build/turtlebot3_teleop' returned '0': PYTHONPATH=/home/ros2_ws/build/turtlebot3_teleop/prefix_override:/usr/lib/python3/dist-packages/colcon_core/task/python/colcon_distutils_commands:/home/ros2_ws/install/turtlebot3_teleop/lib/python3.10/site-packages:${PYTHONPATH} /usr/bin/python3 -W ignore:setup.py install is deprecated -W ignore:easy_install command is deprecated setup.py develop --editable --build-directory /home/ros2_ws/build/turtlebot3_teleop/build --no-deps symlink_data
