[0.056s] Invoking command in '/home/ros2_ws/build/dynamixel_sdk_examples': AMENT_PREFIX_PATH=/home/ros2_ws/install/dynamixel_sdk_custom_interfaces:/home/ros2_ws/install/dynamixel_sdk CMAKE_PREFIX_PATH=/home/ros2_ws/install/dynamixel_sdk_custom_interfaces:/home/ros2_ws/install/dynamixel_sdk LD_LIBRARY_PATH=/home/ros2_ws/install/dynamixel_sdk_custom_interfaces/lib:/home/ros2_ws/install/dynamixel_sdk/lib PYTHONPATH=/home/ros2_ws/install/dynamixel_sdk_custom_interfaces/local/lib/python3.10/dist-packages:/home/ros2_ws/install/dynamixel_sdk/local/lib/python3.10/dist-packages /usr/bin/cmake --build /home/ros2_ws/build/dynamixel_sdk_examples -- -j22 -l22
[0.125s] [35m[1mConsolidate compiler generated dependencies of target read_write_node[0m
[0.155s] [100%] Built target read_write_node
[0.300s] Invoked command in '/home/ros2_ws/build/dynamixel_sdk_examples' returned '0': AMENT_PREFIX_PATH=/home/ros2_ws/install/dynamixel_sdk_custom_interfaces:/home/ros2_ws/install/dynamixel_sdk CMAKE_PREFIX_PATH=/home/ros2_ws/install/dynamixel_sdk_custom_interfaces:/home/ros2_ws/install/dynamixel_sdk LD_LIBRARY_PATH=/home/ros2_ws/install/dynamixel_sdk_custom_interfaces/lib:/home/ros2_ws/install/dynamixel_sdk/lib PYTHONPATH=/home/ros2_ws/install/dynamixel_sdk_custom_interfaces/local/lib/python3.10/dist-packages:/home/ros2_ws/install/dynamixel_sdk/local/lib/python3.10/dist-packages /usr/bin/cmake --build /home/ros2_ws/build/dynamixel_sdk_examples -- -j22 -l22
[0.301s] Invoking command in '/home/ros2_ws/build/dynamixel_sdk_examples': AMENT_PREFIX_PATH=/home/ros2_ws/install/dynamixel_sdk_custom_interfaces:/home/ros2_ws/install/dynamixel_sdk CMAKE_PREFIX_PATH=/home/ros2_ws/install/dynamixel_sdk_custom_interfaces:/home/ros2_ws/install/dynamixel_sdk LD_LIBRARY_PATH=/home/ros2_ws/install/dynamixel_sdk_custom_interfaces/lib:/home/ros2_ws/install/dynamixel_sdk/lib PYTHONPATH=/home/ros2_ws/install/dynamixel_sdk_custom_interfaces/local/lib/python3.10/dist-packages:/home/ros2_ws/install/dynamixel_sdk/local/lib/python3.10/dist-packages /usr/bin/cmake --install /home/ros2_ws/build/dynamixel_sdk_examples
[0.316s] -- Install configuration: ""
[0.317s] -- Execute custom install script
[0.317s] -- Up-to-date symlink: /home/ros2_ws/install/dynamixel_sdk_examples/lib/dynamixel_sdk_examples/read_write_node
[0.318s] -- Up-to-date symlink: /home/ros2_ws/install/dynamixel_sdk_examples/lib/dynamixel_sdk_examples/read_write_node.py
[0.318s] -- Up-to-date symlink: /home/ros2_ws/install/dynamixel_sdk_examples/share/ament_index/resource_index/package_run_dependencies/dynamixel_sdk_examples
[0.318s] -- Up-to-date symlink: /home/ros2_ws/install/dynamixel_sdk_examples/share/ament_index/resource_index/parent_prefix_path/dynamixel_sdk_examples
[0.318s] -- Up-to-date symlink: /home/ros2_ws/install/dynamixel_sdk_examples/share/dynamixel_sdk_examples/environment/ament_prefix_path.sh
[0.318s] -- Up-to-date symlink: /home/ros2_ws/install/dynamixel_sdk_examples/share/dynamixel_sdk_examples/environment/ament_prefix_path.dsv
[0.318s] -- Up-to-date symlink: /home/ros2_ws/install/dynamixel_sdk_examples/share/dynamixel_sdk_examples/environment/path.sh
[0.319s] -- Up-to-date symlink: /home/ros2_ws/install/dynamixel_sdk_examples/share/dynamixel_sdk_examples/environment/path.dsv
[0.319s] -- Up-to-date symlink: /home/ros2_ws/install/dynamixel_sdk_examples/share/dynamixel_sdk_examples/local_setup.bash
[0.319s] -- Up-to-date symlink: /home/ros2_ws/install/dynamixel_sdk_examples/share/dynamixel_sdk_examples/local_setup.sh
[0.319s] -- Up-to-date symlink: /home/ros2_ws/install/dynamixel_sdk_examples/share/dynamixel_sdk_examples/local_setup.zsh
[0.319s] -- Up-to-date symlink: /home/ros2_ws/install/dynamixel_sdk_examples/share/dynamixel_sdk_examples/local_setup.dsv
[0.319s] -- Symlinking: /home/ros2_ws/install/dynamixel_sdk_examples/share/dynamixel_sdk_examples/package.dsv
[0.332s] -- Up-to-date symlink: /home/ros2_ws/install/dynamixel_sdk_examples/share/ament_index/resource_index/packages/dynamixel_sdk_examples
[0.332s] -- Up-to-date symlink: /home/ros2_ws/install/dynamixel_sdk_examples/share/dynamixel_sdk_examples/cmake/dynamixel_sdk_examplesConfig.cmake
[0.333s] -- Up-to-date symlink: /home/ros2_ws/install/dynamixel_sdk_examples/share/dynamixel_sdk_examples/cmake/dynamixel_sdk_examplesConfig-version.cmake
[0.333s] -- Up-to-date symlink: /home/ros2_ws/install/dynamixel_sdk_examples/share/dynamixel_sdk_examples/package.xml
[0.370s] Invoked command in '/home/ros2_ws/build/dynamixel_sdk_examples' returned '0': AMENT_PREFIX_PATH=/home/ros2_ws/install/dynamixel_sdk_custom_interfaces:/home/ros2_ws/install/dynamixel_sdk CMAKE_PREFIX_PATH=/home/ros2_ws/install/dynamixel_sdk_custom_interfaces:/home/ros2_ws/install/dynamixel_sdk LD_LIBRARY_PATH=/home/ros2_ws/install/dynamixel_sdk_custom_interfaces/lib:/home/ros2_ws/install/dynamixel_sdk/lib PYTHONPATH=/home/ros2_ws/install/dynamixel_sdk_custom_interfaces/local/lib/python3.10/dist-packages:/home/ros2_ws/install/dynamixel_sdk/local/lib/python3.10/dist-packages /usr/bin/cmake --install /home/ros2_ws/build/dynamixel_sdk_examples
