[0.043s] Invoking command in '/home/ros2_ws/build/dynamixel_sdk_examples': CMAKE_PREFIX_PATH=/home/ros2_ws/install/dynamixel_sdk_custom_interfaces:/home/ros2_ws/install/dynamixel_sdk:/home/ros2_ws/install/turtlebot3:/home/ros2_ws/install/turtlebot3_simulations:/home/ros2_ws/install/turtlebot3_bringup:/home/ros2_ws/install/turtlebot3_node:/home/ros2_ws/install/turtlebot3_navigation2:/home/ros2_ws/install/turtlebot3_fake_node:/home/ros2_ws/install/turtlebot3_msgs:/home/ros2_ws/install/turtlebot3_manipulation_gazebo:/home/ros2_ws/install/turtlebot3_gazebo:/home/ros2_ws/install/turtlebot3_description:/home/ros2_ws/install/turtlebot3_cartographer:/home/ros2_ws/install/dynamixel_sdk_examples:/home/ros2_ws/install/turtlebot3_teleop:/home/ros2_ws/install/turtlebot3_example:/opt/ros/humble LD_LIBRARY_PATH=/home/ros2_ws/install/dynamixel_sdk_custom_interfaces/lib:/home/ros2_ws/install/dynamixel_sdk/lib:/home/ros2_ws/install/turtlebot3_msgs/lib:/usr/lib/x86_64-linux-gnu/gazebo-11/plugins:/opt/ros/humble/opt/rviz_ogre_vendor/lib:/opt/ros/humble/lib/x86_64-linux-gnu:/opt/ros/humble/lib /usr/bin/cmake --build /home/ros2_ws/build/dynamixel_sdk_examples -- -j22 -l22
[0.141s] [100%] Built target read_write_node
[0.184s] Invoked command in '/home/ros2_ws/build/dynamixel_sdk_examples' returned '0': CMAKE_PREFIX_PATH=/home/ros2_ws/install/dynamixel_sdk_custom_interfaces:/home/ros2_ws/install/dynamixel_sdk:/home/ros2_ws/install/turtlebot3:/home/ros2_ws/install/turtlebot3_simulations:/home/ros2_ws/install/turtlebot3_bringup:/home/ros2_ws/install/turtlebot3_node:/home/ros2_ws/install/turtlebot3_navigation2:/home/ros2_ws/install/turtlebot3_fake_node:/home/ros2_ws/install/turtlebot3_msgs:/home/ros2_ws/install/turtlebot3_manipulation_gazebo:/home/ros2_ws/install/turtlebot3_gazebo:/home/ros2_ws/install/turtlebot3_description:/home/ros2_ws/install/turtlebot3_cartographer:/home/ros2_ws/install/dynamixel_sdk_examples:/home/ros2_ws/install/turtlebot3_teleop:/home/ros2_ws/install/turtlebot3_example:/opt/ros/humble LD_LIBRARY_PATH=/home/ros2_ws/install/dynamixel_sdk_custom_interfaces/lib:/home/ros2_ws/install/dynamixel_sdk/lib:/home/ros2_ws/install/turtlebot3_msgs/lib:/usr/lib/x86_64-linux-gnu/gazebo-11/plugins:/opt/ros/humble/opt/rviz_ogre_vendor/lib:/opt/ros/humble/lib/x86_64-linux-gnu:/opt/ros/humble/lib /usr/bin/cmake --build /home/ros2_ws/build/dynamixel_sdk_examples -- -j22 -l22
[0.188s] Invoking command in '/home/ros2_ws/build/dynamixel_sdk_examples': CMAKE_PREFIX_PATH=/home/ros2_ws/install/dynamixel_sdk_custom_interfaces:/home/ros2_ws/install/dynamixel_sdk:/home/ros2_ws/install/turtlebot3:/home/ros2_ws/install/turtlebot3_simulations:/home/ros2_ws/install/turtlebot3_bringup:/home/ros2_ws/install/turtlebot3_node:/home/ros2_ws/install/turtlebot3_navigation2:/home/ros2_ws/install/turtlebot3_fake_node:/home/ros2_ws/install/turtlebot3_msgs:/home/ros2_ws/install/turtlebot3_manipulation_gazebo:/home/ros2_ws/install/turtlebot3_gazebo:/home/ros2_ws/install/turtlebot3_description:/home/ros2_ws/install/turtlebot3_cartographer:/home/ros2_ws/install/dynamixel_sdk_examples:/home/ros2_ws/install/turtlebot3_teleop:/home/ros2_ws/install/turtlebot3_example:/opt/ros/humble LD_LIBRARY_PATH=/home/ros2_ws/install/dynamixel_sdk_custom_interfaces/lib:/home/ros2_ws/install/dynamixel_sdk/lib:/home/ros2_ws/install/turtlebot3_msgs/lib:/usr/lib/x86_64-linux-gnu/gazebo-11/plugins:/opt/ros/humble/opt/rviz_ogre_vendor/lib:/opt/ros/humble/lib/x86_64-linux-gnu:/opt/ros/humble/lib /usr/bin/cmake --install /home/ros2_ws/build/dynamixel_sdk_examples
[0.201s] -- Install configuration: ""
[0.201s] -- Execute custom install script
[0.201s] -- Up-to-date symlink: /home/ros2_ws/install/dynamixel_sdk_examples/lib/dynamixel_sdk_examples/read_write_node
[0.202s] -- Up-to-date symlink: /home/ros2_ws/install/dynamixel_sdk_examples/lib/dynamixel_sdk_examples/read_write_node.py
[0.202s] -- Up-to-date symlink: /home/ros2_ws/install/dynamixel_sdk_examples/share/ament_index/resource_index/package_run_dependencies/dynamixel_sdk_examples
[0.202s] -- Up-to-date symlink: /home/ros2_ws/install/dynamixel_sdk_examples/share/ament_index/resource_index/parent_prefix_path/dynamixel_sdk_examples
[0.202s] -- Up-to-date symlink: /home/ros2_ws/install/dynamixel_sdk_examples/share/dynamixel_sdk_examples/environment/ament_prefix_path.sh
[0.203s] -- Up-to-date symlink: /home/ros2_ws/install/dynamixel_sdk_examples/share/dynamixel_sdk_examples/environment/ament_prefix_path.dsv
[0.204s] -- Up-to-date symlink: /home/ros2_ws/install/dynamixel_sdk_examples/share/dynamixel_sdk_examples/environment/path.sh
[0.204s] -- Up-to-date symlink: /home/ros2_ws/install/dynamixel_sdk_examples/share/dynamixel_sdk_examples/environment/path.dsv
[0.204s] -- Up-to-date symlink: /home/ros2_ws/install/dynamixel_sdk_examples/share/dynamixel_sdk_examples/local_setup.bash
[0.204s] -- Up-to-date symlink: /home/ros2_ws/install/dynamixel_sdk_examples/share/dynamixel_sdk_examples/local_setup.sh
[0.205s] -- Up-to-date symlink: /home/ros2_ws/install/dynamixel_sdk_examples/share/dynamixel_sdk_examples/local_setup.zsh
[0.205s] -- Up-to-date symlink: /home/ros2_ws/install/dynamixel_sdk_examples/share/dynamixel_sdk_examples/local_setup.dsv
[0.205s] -- Symlinking: /home/ros2_ws/install/dynamixel_sdk_examples/share/dynamixel_sdk_examples/package.dsv
[0.227s] -- Up-to-date symlink: /home/ros2_ws/install/dynamixel_sdk_examples/share/ament_index/resource_index/packages/dynamixel_sdk_examples
[0.227s] -- Up-to-date symlink: /home/ros2_ws/install/dynamixel_sdk_examples/share/dynamixel_sdk_examples/cmake/dynamixel_sdk_examplesConfig.cmake
[0.227s] -- Up-to-date symlink: /home/ros2_ws/install/dynamixel_sdk_examples/share/dynamixel_sdk_examples/cmake/dynamixel_sdk_examplesConfig-version.cmake
[0.227s] -- Up-to-date symlink: /home/ros2_ws/install/dynamixel_sdk_examples/share/dynamixel_sdk_examples/package.xml
[0.232s] Invoked command in '/home/ros2_ws/build/dynamixel_sdk_examples' returned '0': CMAKE_PREFIX_PATH=/home/ros2_ws/install/dynamixel_sdk_custom_interfaces:/home/ros2_ws/install/dynamixel_sdk:/home/ros2_ws/install/turtlebot3:/home/ros2_ws/install/turtlebot3_simulations:/home/ros2_ws/install/turtlebot3_bringup:/home/ros2_ws/install/turtlebot3_node:/home/ros2_ws/install/turtlebot3_navigation2:/home/ros2_ws/install/turtlebot3_fake_node:/home/ros2_ws/install/turtlebot3_msgs:/home/ros2_ws/install/turtlebot3_manipulation_gazebo:/home/ros2_ws/install/turtlebot3_gazebo:/home/ros2_ws/install/turtlebot3_description:/home/ros2_ws/install/turtlebot3_cartographer:/home/ros2_ws/install/dynamixel_sdk_examples:/home/ros2_ws/install/turtlebot3_teleop:/home/ros2_ws/install/turtlebot3_example:/opt/ros/humble LD_LIBRARY_PATH=/home/ros2_ws/install/dynamixel_sdk_custom_interfaces/lib:/home/ros2_ws/install/dynamixel_sdk/lib:/home/ros2_ws/install/turtlebot3_msgs/lib:/usr/lib/x86_64-linux-gnu/gazebo-11/plugins:/opt/ros/humble/opt/rviz_ogre_vendor/lib:/opt/ros/humble/lib/x86_64-linux-gnu:/opt/ros/humble/lib /usr/bin/cmake --install /home/ros2_ws/build/dynamixel_sdk_examples
