[0.048s] Invoking command in '/home/ros2_ws/build/turtlebot3_node': CMAKE_PREFIX_PATH=/home/ros2_ws/install/turtlebot3_msgs:/home/ros2_ws/install/dynamixel_sdk:/home/ros2_ws/install/turtlebot3:/home/ros2_ws/install/turtlebot3_simulations:/home/ros2_ws/install/turtlebot3_bringup:/home/ros2_ws/install/turtlebot3_node:/home/ros2_ws/install/turtlebot3_navigation2:/home/ros2_ws/install/turtlebot3_fake_node:/home/ros2_ws/install/turtlebot3_manipulation_gazebo:/home/ros2_ws/install/turtlebot3_gazebo:/home/ros2_ws/install/turtlebot3_description:/home/ros2_ws/install/turtlebot3_cartographer:/home/ros2_ws/install/dynamixel_sdk_examples:/home/ros2_ws/install/dynamixel_sdk_custom_interfaces:/home/ros2_ws/install/turtlebot3_teleop:/home/ros2_ws/install/turtlebot3_example:/opt/ros/humble LD_LIBRARY_PATH=/home/ros2_ws/install/turtlebot3_msgs/lib:/home/ros2_ws/install/dynamixel_sdk/lib:/home/ros2_ws/install/dynamixel_sdk_custom_interfaces/lib:/usr/lib/x86_64-linux-gnu/gazebo-11/plugins:/opt/ros/humble/opt/rviz_ogre_vendor/lib:/opt/ros/humble/lib/x86_64-linux-gnu:/opt/ros/humble/lib /usr/bin/cmake --build /home/ros2_ws/build/turtlebot3_node -- -j22 -l22
[0.391s] [ 85%] Built target turtlebot3_node_lib
[0.392s] [100%] Built target turtlebot3_ros
[0.398s] Invoked command in '/home/ros2_ws/build/turtlebot3_node' returned '0': CMAKE_PREFIX_PATH=/home/ros2_ws/install/turtlebot3_msgs:/home/ros2_ws/install/dynamixel_sdk:/home/ros2_ws/install/turtlebot3:/home/ros2_ws/install/turtlebot3_simulations:/home/ros2_ws/install/turtlebot3_bringup:/home/ros2_ws/install/turtlebot3_node:/home/ros2_ws/install/turtlebot3_navigation2:/home/ros2_ws/install/turtlebot3_fake_node:/home/ros2_ws/install/turtlebot3_manipulation_gazebo:/home/ros2_ws/install/turtlebot3_gazebo:/home/ros2_ws/install/turtlebot3_description:/home/ros2_ws/install/turtlebot3_cartographer:/home/ros2_ws/install/dynamixel_sdk_examples:/home/ros2_ws/install/dynamixel_sdk_custom_interfaces:/home/ros2_ws/install/turtlebot3_teleop:/home/ros2_ws/install/turtlebot3_example:/opt/ros/humble LD_LIBRARY_PATH=/home/ros2_ws/install/turtlebot3_msgs/lib:/home/ros2_ws/install/dynamixel_sdk/lib:/home/ros2_ws/install/dynamixel_sdk_custom_interfaces/lib:/usr/lib/x86_64-linux-gnu/gazebo-11/plugins:/opt/ros/humble/opt/rviz_ogre_vendor/lib:/opt/ros/humble/lib/x86_64-linux-gnu:/opt/ros/humble/lib /usr/bin/cmake --build /home/ros2_ws/build/turtlebot3_node -- -j22 -l22
[0.401s] Invoking command in '/home/ros2_ws/build/turtlebot3_node': CMAKE_PREFIX_PATH=/home/ros2_ws/install/turtlebot3_msgs:/home/ros2_ws/install/dynamixel_sdk:/home/ros2_ws/install/turtlebot3:/home/ros2_ws/install/turtlebot3_simulations:/home/ros2_ws/install/turtlebot3_bringup:/home/ros2_ws/install/turtlebot3_node:/home/ros2_ws/install/turtlebot3_navigation2:/home/ros2_ws/install/turtlebot3_fake_node:/home/ros2_ws/install/turtlebot3_manipulation_gazebo:/home/ros2_ws/install/turtlebot3_gazebo:/home/ros2_ws/install/turtlebot3_description:/home/ros2_ws/install/turtlebot3_cartographer:/home/ros2_ws/install/dynamixel_sdk_examples:/home/ros2_ws/install/dynamixel_sdk_custom_interfaces:/home/ros2_ws/install/turtlebot3_teleop:/home/ros2_ws/install/turtlebot3_example:/opt/ros/humble LD_LIBRARY_PATH=/home/ros2_ws/install/turtlebot3_msgs/lib:/home/ros2_ws/install/dynamixel_sdk/lib:/home/ros2_ws/install/dynamixel_sdk_custom_interfaces/lib:/usr/lib/x86_64-linux-gnu/gazebo-11/plugins:/opt/ros/humble/opt/rviz_ogre_vendor/lib:/opt/ros/humble/lib/x86_64-linux-gnu:/opt/ros/humble/lib /usr/bin/cmake --install /home/ros2_ws/build/turtlebot3_node
[0.451s] -- Install configuration: ""
[0.452s] -- Execute custom install script
[0.452s] -- Up-to-date symlink: /home/ros2_ws/install/turtlebot3_node/share/turtlebot3_node/param/burger.yaml
[0.452s] -- Up-to-date symlink: /home/ros2_ws/install/turtlebot3_node/share/turtlebot3_node/param/waffle.yaml
[0.452s] -- Up-to-date symlink: /home/ros2_ws/install/turtlebot3_node/share/turtlebot3_node/param/waffle_pi.yaml
[0.452s] -- Up-to-date symlink: /home/ros2_ws/install/turtlebot3_node/lib/turtlebot3_node/turtlebot3_ros
[0.453s] -- Up-to-date symlink: /home/ros2_ws/install/turtlebot3_node/share/ament_index/resource_index/package_run_dependencies/turtlebot3_node
[0.453s] -- Up-to-date symlink: /home/ros2_ws/install/turtlebot3_node/share/ament_index/resource_index/parent_prefix_path/turtlebot3_node
[0.453s] -- Up-to-date symlink: /home/ros2_ws/install/turtlebot3_node/share/turtlebot3_node/environment/ament_prefix_path.sh
[0.453s] -- Up-to-date symlink: /home/ros2_ws/install/turtlebot3_node/share/turtlebot3_node/environment/ament_prefix_path.dsv
[0.453s] -- Up-to-date symlink: /home/ros2_ws/install/turtlebot3_node/share/turtlebot3_node/environment/path.sh
[0.454s] -- Up-to-date symlink: /home/ros2_ws/install/turtlebot3_node/share/turtlebot3_node/environment/path.dsv
[0.454s] -- Up-to-date symlink: /home/ros2_ws/install/turtlebot3_node/share/turtlebot3_node/local_setup.bash
[0.454s] -- Up-to-date symlink: /home/ros2_ws/install/turtlebot3_node/share/turtlebot3_node/local_setup.sh
[0.454s] -- Up-to-date symlink: /home/ros2_ws/install/turtlebot3_node/share/turtlebot3_node/local_setup.zsh
[0.454s] -- Up-to-date symlink: /home/ros2_ws/install/turtlebot3_node/share/turtlebot3_node/local_setup.dsv
[0.454s] -- Symlinking: /home/ros2_ws/install/turtlebot3_node/share/turtlebot3_node/package.dsv
[0.454s] -- Up-to-date symlink: /home/ros2_ws/install/turtlebot3_node/share/ament_index/resource_index/packages/turtlebot3_node
[0.454s] -- Up-to-date symlink: /home/ros2_ws/install/turtlebot3_node/share/turtlebot3_node/cmake/ament_cmake_export_dependencies-extras.cmake
[0.454s] -- Up-to-date symlink: /home/ros2_ws/install/turtlebot3_node/share/turtlebot3_node/cmake/ament_cmake_export_include_directories-extras.cmake
[0.455s] -- Up-to-date symlink: /home/ros2_ws/install/turtlebot3_node/share/turtlebot3_node/cmake/turtlebot3_nodeConfig.cmake
[0.455s] -- Up-to-date symlink: /home/ros2_ws/install/turtlebot3_node/share/turtlebot3_node/cmake/turtlebot3_nodeConfig-version.cmake
[0.455s] -- Up-to-date symlink: /home/ros2_ws/install/turtlebot3_node/share/turtlebot3_node/package.xml
[0.471s] Invoked command in '/home/ros2_ws/build/turtlebot3_node' returned '0': CMAKE_PREFIX_PATH=/home/ros2_ws/install/turtlebot3_msgs:/home/ros2_ws/install/dynamixel_sdk:/home/ros2_ws/install/turtlebot3:/home/ros2_ws/install/turtlebot3_simulations:/home/ros2_ws/install/turtlebot3_bringup:/home/ros2_ws/install/turtlebot3_node:/home/ros2_ws/install/turtlebot3_navigation2:/home/ros2_ws/install/turtlebot3_fake_node:/home/ros2_ws/install/turtlebot3_manipulation_gazebo:/home/ros2_ws/install/turtlebot3_gazebo:/home/ros2_ws/install/turtlebot3_description:/home/ros2_ws/install/turtlebot3_cartographer:/home/ros2_ws/install/dynamixel_sdk_examples:/home/ros2_ws/install/dynamixel_sdk_custom_interfaces:/home/ros2_ws/install/turtlebot3_teleop:/home/ros2_ws/install/turtlebot3_example:/opt/ros/humble LD_LIBRARY_PATH=/home/ros2_ws/install/turtlebot3_msgs/lib:/home/ros2_ws/install/dynamixel_sdk/lib:/home/ros2_ws/install/dynamixel_sdk_custom_interfaces/lib:/usr/lib/x86_64-linux-gnu/gazebo-11/plugins:/opt/ros/humble/opt/rviz_ogre_vendor/lib:/opt/ros/humble/lib/x86_64-linux-gnu:/opt/ros/humble/lib /usr/bin/cmake --install /home/ros2_ws/build/turtlebot3_node
