[0.556s] Invoking command in '/home/ros2_ws/build/turtlebot3_fake_node': CMAKE_PREFIX_PATH=/home/ros2_ws/install/turtlebot3_msgs:/home/ros2_ws/install/workshop_msgs:/home/ros2_ws/install/task7:/home/ros2_ws/install/task6:/home/ros2_ws/install/task5:/home/ros2_ws/install/task4:/home/ros2_ws/install/task3:/home/ros2_ws/install/task2:/home/ros2_ws/install/task1:/home/ros2_ws/install/r2d2_description:/home/ros2_ws/install/turtlebot3:/home/ros2_ws/install/turtlebot3_simulations:/home/ros2_ws/install/turtlebot3_bringup:/home/ros2_ws/install/turtlebot3_node:/home/ros2_ws/install/turtlebot3_navigation2:/home/ros2_ws/install/turtlebot3_fake_node:/home/ros2_ws/install/turtlebot3_manipulation_gazebo:/home/ros2_ws/install/turtlebot3_gazebo:/home/ros2_ws/install/turtlebot3_description:/home/ros2_ws/install/turtlebot3_cartographer:/home/ros2_ws/install/dynamixel_sdk_examples:/home/ros2_ws/install/dynamixel_sdk_custom_interfaces:/home/ros2_ws/install/dynamixel_sdk:/home/ros2_ws/install/turtlebot3_teleop:/home/ros2_ws/install/turtlebot3_example:/opt/ros/humble LD_LIBRARY_PATH=/home/ros2_ws/install/turtlebot3_msgs/lib:/home/ros2_ws/install/workshop_msgs/lib:/home/ros2_ws/install/dynamixel_sdk_custom_interfaces/lib:/home/ros2_ws/install/dynamixel_sdk/lib:/usr/lib/x86_64-linux-gnu/gazebo-11/plugins:/opt/ros/humble/opt/rviz_ogre_vendor/lib:/opt/ros/humble/lib/x86_64-linux-gnu:/opt/ros/humble/lib /usr/bin/cmake /home/ros2_ws/src/turtlebot3_simulations/turtlebot3_fake_node -DAMENT_CMAKE_SYMLINK_INSTALL=1 -DCMAKE_INSTALL_PREFIX=/home/ros2_ws/install/turtlebot3_fake_node
[0.757s] -- The C compiler identification is GNU 11.4.0
[0.928s] -- The CXX compiler identification is GNU 11.4.0
[0.950s] -- Detecting C compiler ABI info
[1.249s] -- Detecting C compiler ABI info - done
[1.263s] -- Check for working C compiler: /usr/bin/cc - skipped
[1.263s] -- Detecting C compile features
[1.264s] -- Detecting C compile features - done
[1.272s] -- Detecting CXX compiler ABI info
[1.565s] -- Detecting CXX compiler ABI info - done
[1.583s] -- Check for working CXX compiler: /usr/bin/c++ - skipped
[1.583s] -- Detecting CXX compile features
[1.584s] -- Detecting CXX compile features - done
[1.590s] -- Found ament_cmake: 1.3.11 (/opt/ros/humble/share/ament_cmake/cmake)
[1.947s] -- Found Python3: /usr/bin/python3 (found version "3.10.12") found components: Interpreter 
[2.160s] -- Override CMake install command with custom implementation using symlinks instead of copying resources
[2.245s] -- Found geometry_msgs: 4.9.0 (/opt/ros/humble/share/geometry_msgs/cmake)
[2.320s] -- Found rosidl_generator_c: 3.1.6 (/opt/ros/humble/share/rosidl_generator_c/cmake)
[2.330s] -- Found rosidl_adapter: 3.1.6 (/opt/ros/humble/share/rosidl_adapter/cmake)
[2.344s] -- Found rosidl_generator_cpp: 3.1.6 (/opt/ros/humble/share/rosidl_generator_cpp/cmake)
[2.366s] -- Using all available rosidl_typesupport_c: rosidl_typesupport_fastrtps_c;rosidl_typesupport_introspection_c
[2.409s] -- Using all available rosidl_typesupport_cpp: rosidl_typesupport_fastrtps_cpp;rosidl_typesupport_introspection_cpp
[2.484s] -- Found nav_msgs: 4.9.0 (/opt/ros/humble/share/nav_msgs/cmake)
[2.519s] -- Found rclcpp: 16.0.12 (/opt/ros/humble/share/rclcpp/cmake)
[2.594s] -- Found rmw_implementation_cmake: 6.1.2 (/opt/ros/humble/share/rmw_implementation_cmake/cmake)
[2.600s] -- Found rmw_fastrtps_cpp: 6.2.7 (/opt/ros/humble/share/rmw_fastrtps_cpp/cmake)
[2.898s] -- Found OpenSSL: /usr/lib/x86_64-linux-gnu/libcrypto.so (found version "3.0.2")  
[2.972s] -- Found FastRTPS: /opt/ros/humble/include  
[3.113s] -- Using RMW implementation 'rmw_fastrtps_cpp' as default
[3.156s] -- Looking for pthread.h
[3.307s] -- Looking for pthread.h - found
[3.309s] -- Performing Test CMAKE_HAVE_LIBC_PTHREAD
[3.533s] -- Performing Test CMAKE_HAVE_LIBC_PTHREAD - Success
[3.538s] -- Found Threads: TRUE  
[3.634s] -- Found sensor_msgs: 4.9.0 (/opt/ros/humble/share/sensor_msgs/cmake)
[3.680s] -- Found tf2: 0.25.13 (/opt/ros/humble/share/tf2/cmake)
[3.701s] -- Found tf2_msgs: 0.25.13 (/opt/ros/humble/share/tf2_msgs/cmake)
[3.775s] -- Found turtlebot3_msgs: 2.4.0 (/home/ros2_ws/install/turtlebot3_msgs/share/turtlebot3_msgs/cmake)
[3.985s] -- Configuring done
[4.036s] -- Generating done
[4.061s] -- Build files have been written to: /home/ros2_ws/build/turtlebot3_fake_node
[4.115s] Invoked command in '/home/ros2_ws/build/turtlebot3_fake_node' returned '0': CMAKE_PREFIX_PATH=/home/ros2_ws/install/turtlebot3_msgs:/home/ros2_ws/install/workshop_msgs:/home/ros2_ws/install/task7:/home/ros2_ws/install/task6:/home/ros2_ws/install/task5:/home/ros2_ws/install/task4:/home/ros2_ws/install/task3:/home/ros2_ws/install/task2:/home/ros2_ws/install/task1:/home/ros2_ws/install/r2d2_description:/home/ros2_ws/install/turtlebot3:/home/ros2_ws/install/turtlebot3_simulations:/home/ros2_ws/install/turtlebot3_bringup:/home/ros2_ws/install/turtlebot3_node:/home/ros2_ws/install/turtlebot3_navigation2:/home/ros2_ws/install/turtlebot3_fake_node:/home/ros2_ws/install/turtlebot3_manipulation_gazebo:/home/ros2_ws/install/turtlebot3_gazebo:/home/ros2_ws/install/turtlebot3_description:/home/ros2_ws/install/turtlebot3_cartographer:/home/ros2_ws/install/dynamixel_sdk_examples:/home/ros2_ws/install/dynamixel_sdk_custom_interfaces:/home/ros2_ws/install/dynamixel_sdk:/home/ros2_ws/install/turtlebot3_teleop:/home/ros2_ws/install/turtlebot3_example:/opt/ros/humble LD_LIBRARY_PATH=/home/ros2_ws/install/turtlebot3_msgs/lib:/home/ros2_ws/install/workshop_msgs/lib:/home/ros2_ws/install/dynamixel_sdk_custom_interfaces/lib:/home/ros2_ws/install/dynamixel_sdk/lib:/usr/lib/x86_64-linux-gnu/gazebo-11/plugins:/opt/ros/humble/opt/rviz_ogre_vendor/lib:/opt/ros/humble/lib/x86_64-linux-gnu:/opt/ros/humble/lib /usr/bin/cmake /home/ros2_ws/src/turtlebot3_simulations/turtlebot3_fake_node -DAMENT_CMAKE_SYMLINK_INSTALL=1 -DCMAKE_INSTALL_PREFIX=/home/ros2_ws/install/turtlebot3_fake_node
[4.115s] Invoking command in '/home/ros2_ws/build/turtlebot3_fake_node': CMAKE_PREFIX_PATH=/home/ros2_ws/install/turtlebot3_msgs:/home/ros2_ws/install/workshop_msgs:/home/ros2_ws/install/task7:/home/ros2_ws/install/task6:/home/ros2_ws/install/task5:/home/ros2_ws/install/task4:/home/ros2_ws/install/task3:/home/ros2_ws/install/task2:/home/ros2_ws/install/task1:/home/ros2_ws/install/r2d2_description:/home/ros2_ws/install/turtlebot3:/home/ros2_ws/install/turtlebot3_simulations:/home/ros2_ws/install/turtlebot3_bringup:/home/ros2_ws/install/turtlebot3_node:/home/ros2_ws/install/turtlebot3_navigation2:/home/ros2_ws/install/turtlebot3_fake_node:/home/ros2_ws/install/turtlebot3_manipulation_gazebo:/home/ros2_ws/install/turtlebot3_gazebo:/home/ros2_ws/install/turtlebot3_description:/home/ros2_ws/install/turtlebot3_cartographer:/home/ros2_ws/install/dynamixel_sdk_examples:/home/ros2_ws/install/dynamixel_sdk_custom_interfaces:/home/ros2_ws/install/dynamixel_sdk:/home/ros2_ws/install/turtlebot3_teleop:/home/ros2_ws/install/turtlebot3_example:/opt/ros/humble LD_LIBRARY_PATH=/home/ros2_ws/install/turtlebot3_msgs/lib:/home/ros2_ws/install/workshop_msgs/lib:/home/ros2_ws/install/dynamixel_sdk_custom_interfaces/lib:/home/ros2_ws/install/dynamixel_sdk/lib:/usr/lib/x86_64-linux-gnu/gazebo-11/plugins:/opt/ros/humble/opt/rviz_ogre_vendor/lib:/opt/ros/humble/lib/x86_64-linux-gnu:/opt/ros/humble/lib /usr/bin/cmake --build /home/ros2_ws/build/turtlebot3_fake_node -- -j22 -l22
[4.371s] [ 50%] [32mBuilding CXX object CMakeFiles/turtlebot3_fake_node.dir/src/turtlebot3_fake_node.cpp.o[0m
[28.210s] [100%] [32m[1mLinking CXX executable turtlebot3_fake_node[0m
[29.149s] [100%] Built target turtlebot3_fake_node
[29.173s] Invoked command in '/home/ros2_ws/build/turtlebot3_fake_node' returned '0': CMAKE_PREFIX_PATH=/home/ros2_ws/install/turtlebot3_msgs:/home/ros2_ws/install/workshop_msgs:/home/ros2_ws/install/task7:/home/ros2_ws/install/task6:/home/ros2_ws/install/task5:/home/ros2_ws/install/task4:/home/ros2_ws/install/task3:/home/ros2_ws/install/task2:/home/ros2_ws/install/task1:/home/ros2_ws/install/r2d2_description:/home/ros2_ws/install/turtlebot3:/home/ros2_ws/install/turtlebot3_simulations:/home/ros2_ws/install/turtlebot3_bringup:/home/ros2_ws/install/turtlebot3_node:/home/ros2_ws/install/turtlebot3_navigation2:/home/ros2_ws/install/turtlebot3_fake_node:/home/ros2_ws/install/turtlebot3_manipulation_gazebo:/home/ros2_ws/install/turtlebot3_gazebo:/home/ros2_ws/install/turtlebot3_description:/home/ros2_ws/install/turtlebot3_cartographer:/home/ros2_ws/install/dynamixel_sdk_examples:/home/ros2_ws/install/dynamixel_sdk_custom_interfaces:/home/ros2_ws/install/dynamixel_sdk:/home/ros2_ws/install/turtlebot3_teleop:/home/ros2_ws/install/turtlebot3_example:/opt/ros/humble LD_LIBRARY_PATH=/home/ros2_ws/install/turtlebot3_msgs/lib:/home/ros2_ws/install/workshop_msgs/lib:/home/ros2_ws/install/dynamixel_sdk_custom_interfaces/lib:/home/ros2_ws/install/dynamixel_sdk/lib:/usr/lib/x86_64-linux-gnu/gazebo-11/plugins:/opt/ros/humble/opt/rviz_ogre_vendor/lib:/opt/ros/humble/lib/x86_64-linux-gnu:/opt/ros/humble/lib /usr/bin/cmake --build /home/ros2_ws/build/turtlebot3_fake_node -- -j22 -l22
[29.176s] Invoking command in '/home/ros2_ws/build/turtlebot3_fake_node': CMAKE_PREFIX_PATH=/home/ros2_ws/install/turtlebot3_msgs:/home/ros2_ws/install/workshop_msgs:/home/ros2_ws/install/task7:/home/ros2_ws/install/task6:/home/ros2_ws/install/task5:/home/ros2_ws/install/task4:/home/ros2_ws/install/task3:/home/ros2_ws/install/task2:/home/ros2_ws/install/task1:/home/ros2_ws/install/r2d2_description:/home/ros2_ws/install/turtlebot3:/home/ros2_ws/install/turtlebot3_simulations:/home/ros2_ws/install/turtlebot3_bringup:/home/ros2_ws/install/turtlebot3_node:/home/ros2_ws/install/turtlebot3_navigation2:/home/ros2_ws/install/turtlebot3_fake_node:/home/ros2_ws/install/turtlebot3_manipulation_gazebo:/home/ros2_ws/install/turtlebot3_gazebo:/home/ros2_ws/install/turtlebot3_description:/home/ros2_ws/install/turtlebot3_cartographer:/home/ros2_ws/install/dynamixel_sdk_examples:/home/ros2_ws/install/dynamixel_sdk_custom_interfaces:/home/ros2_ws/install/dynamixel_sdk:/home/ros2_ws/install/turtlebot3_teleop:/home/ros2_ws/install/turtlebot3_example:/opt/ros/humble LD_LIBRARY_PATH=/home/ros2_ws/install/turtlebot3_msgs/lib:/home/ros2_ws/install/workshop_msgs/lib:/home/ros2_ws/install/dynamixel_sdk_custom_interfaces/lib:/home/ros2_ws/install/dynamixel_sdk/lib:/usr/lib/x86_64-linux-gnu/gazebo-11/plugins:/opt/ros/humble/opt/rviz_ogre_vendor/lib:/opt/ros/humble/lib/x86_64-linux-gnu:/opt/ros/humble/lib /usr/bin/cmake --install /home/ros2_ws/build/turtlebot3_fake_node
[29.191s] -- Install configuration: ""
[29.192s] -- Execute custom install script
[29.195s] -- Symlinking: /home/ros2_ws/install/turtlebot3_fake_node/lib/turtlebot3_fake_node/turtlebot3_fake_node
[29.218s] -- Symlinking: /home/ros2_ws/install/turtlebot3_fake_node/share/turtlebot3_fake_node/launch/rviz2.launch.py
[29.239s] -- Symlinking: /home/ros2_ws/install/turtlebot3_fake_node/share/turtlebot3_fake_node/launch/turtlebot3_fake_node.launch.py
[29.258s] -- Symlinking: /home/ros2_ws/install/turtlebot3_fake_node/share/turtlebot3_fake_node/param/burger.yaml
[29.271s] -- Symlinking: /home/ros2_ws/install/turtlebot3_fake_node/share/turtlebot3_fake_node/param/waffle.yaml
[29.290s] -- Symlinking: /home/ros2_ws/install/turtlebot3_fake_node/share/turtlebot3_fake_node/param/waffle_pi.yaml
[29.310s] -- Symlinking: /home/ros2_ws/install/turtlebot3_fake_node/include//turtlebot3_fake_node/turtlebot3_fake_node.hpp
[29.326s] -- Symlinking: /home/ros2_ws/install/turtlebot3_fake_node/share/ament_index/resource_index/package_run_dependencies/turtlebot3_fake_node
[29.343s] -- Symlinking: /home/ros2_ws/install/turtlebot3_fake_node/share/ament_index/resource_index/parent_prefix_path/turtlebot3_fake_node
[29.364s] -- Symlinking: /home/ros2_ws/install/turtlebot3_fake_node/share/turtlebot3_fake_node/environment/ament_prefix_path.sh
[29.380s] -- Symlinking: /home/ros2_ws/install/turtlebot3_fake_node/share/turtlebot3_fake_node/environment/ament_prefix_path.dsv
[29.394s] -- Symlinking: /home/ros2_ws/install/turtlebot3_fake_node/share/turtlebot3_fake_node/environment/path.sh
[29.410s] -- Symlinking: /home/ros2_ws/install/turtlebot3_fake_node/share/turtlebot3_fake_node/environment/path.dsv
[29.426s] -- Symlinking: /home/ros2_ws/install/turtlebot3_fake_node/share/turtlebot3_fake_node/local_setup.bash
[29.446s] -- Symlinking: /home/ros2_ws/install/turtlebot3_fake_node/share/turtlebot3_fake_node/local_setup.sh
[29.467s] -- Symlinking: /home/ros2_ws/install/turtlebot3_fake_node/share/turtlebot3_fake_node/local_setup.zsh
[29.486s] -- Symlinking: /home/ros2_ws/install/turtlebot3_fake_node/share/turtlebot3_fake_node/local_setup.dsv
[29.501s] -- Symlinking: /home/ros2_ws/install/turtlebot3_fake_node/share/turtlebot3_fake_node/package.dsv
[29.519s] -- Symlinking: /home/ros2_ws/install/turtlebot3_fake_node/share/ament_index/resource_index/packages/turtlebot3_fake_node
[29.534s] -- Symlinking: /home/ros2_ws/install/turtlebot3_fake_node/share/turtlebot3_fake_node/cmake/ament_cmake_export_include_directories-extras.cmake
[29.551s] -- Symlinking: /home/ros2_ws/install/turtlebot3_fake_node/share/turtlebot3_fake_node/cmake/ament_cmake_export_dependencies-extras.cmake
[29.568s] -- Symlinking: /home/ros2_ws/install/turtlebot3_fake_node/share/turtlebot3_fake_node/cmake/turtlebot3_fake_nodeConfig.cmake
[29.580s] -- Symlinking: /home/ros2_ws/install/turtlebot3_fake_node/share/turtlebot3_fake_node/cmake/turtlebot3_fake_nodeConfig-version.cmake
[29.596s] -- Symlinking: /home/ros2_ws/install/turtlebot3_fake_node/share/turtlebot3_fake_node/package.xml
[29.614s] Invoked command in '/home/ros2_ws/build/turtlebot3_fake_node' returned '0': CMAKE_PREFIX_PATH=/home/ros2_ws/install/turtlebot3_msgs:/home/ros2_ws/install/workshop_msgs:/home/ros2_ws/install/task7:/home/ros2_ws/install/task6:/home/ros2_ws/install/task5:/home/ros2_ws/install/task4:/home/ros2_ws/install/task3:/home/ros2_ws/install/task2:/home/ros2_ws/install/task1:/home/ros2_ws/install/r2d2_description:/home/ros2_ws/install/turtlebot3:/home/ros2_ws/install/turtlebot3_simulations:/home/ros2_ws/install/turtlebot3_bringup:/home/ros2_ws/install/turtlebot3_node:/home/ros2_ws/install/turtlebot3_navigation2:/home/ros2_ws/install/turtlebot3_fake_node:/home/ros2_ws/install/turtlebot3_manipulation_gazebo:/home/ros2_ws/install/turtlebot3_gazebo:/home/ros2_ws/install/turtlebot3_description:/home/ros2_ws/install/turtlebot3_cartographer:/home/ros2_ws/install/dynamixel_sdk_examples:/home/ros2_ws/install/dynamixel_sdk_custom_interfaces:/home/ros2_ws/install/dynamixel_sdk:/home/ros2_ws/install/turtlebot3_teleop:/home/ros2_ws/install/turtlebot3_example:/opt/ros/humble LD_LIBRARY_PATH=/home/ros2_ws/install/turtlebot3_msgs/lib:/home/ros2_ws/install/workshop_msgs/lib:/home/ros2_ws/install/dynamixel_sdk_custom_interfaces/lib:/home/ros2_ws/install/dynamixel_sdk/lib:/usr/lib/x86_64-linux-gnu/gazebo-11/plugins:/opt/ros/humble/opt/rviz_ogre_vendor/lib:/opt/ros/humble/lib/x86_64-linux-gnu:/opt/ros/humble/lib /usr/bin/cmake --install /home/ros2_ws/build/turtlebot3_fake_node
