[0.034s] Invoking command in '/home/ros2_ws/build/turtlebot3_simulations': CMAKE_PREFIX_PATH=/home/ros2_ws/install/turtlebot3_fake_node:/home/ros2_ws/install/turtlebot3_msgs:/home/ros2_ws/install/turtlebot3_gazebo:/home/ros2_ws/install/workshop_msgs:/home/ros2_ws/install/task7:/home/ros2_ws/install/task6:/home/ros2_ws/install/task5:/home/ros2_ws/install/task4:/home/ros2_ws/install/task3:/home/ros2_ws/install/task2:/home/ros2_ws/install/task1:/home/ros2_ws/install/r2d2_description:/home/ros2_ws/install/turtlebot3:/home/ros2_ws/install/turtlebot3_simulations:/home/ros2_ws/install/turtlebot3_bringup:/home/ros2_ws/install/turtlebot3_node:/home/ros2_ws/install/turtlebot3_navigation2:/home/ros2_ws/install/turtlebot3_manipulation_gazebo:/home/ros2_ws/install/turtlebot3_description:/home/ros2_ws/install/turtlebot3_cartographer:/home/ros2_ws/install/dynamixel_sdk_examples:/home/ros2_ws/install/dynamixel_sdk_custom_interfaces:/home/ros2_ws/install/dynamixel_sdk:/home/ros2_ws/install/turtlebot3_teleop:/home/ros2_ws/install/turtlebot3_example:/opt/ros/humble LD_LIBRARY_PATH=/home/ros2_ws/install/turtlebot3_msgs/lib:/home/ros2_ws/install/workshop_msgs/lib:/home/ros2_ws/install/dynamixel_sdk_custom_interfaces/lib:/home/ros2_ws/install/dynamixel_sdk/lib:/usr/lib/x86_64-linux-gnu/gazebo-11/plugins:/opt/ros/humble/opt/rviz_ogre_vendor/lib:/opt/ros/humble/lib/x86_64-linux-gnu:/opt/ros/humble/lib /usr/bin/cmake /home/ros2_ws/src/turtlebot3_simulations/turtlebot3_simulations -DAMENT_CMAKE_SYMLINK_INSTALL=1 -DCMAKE_INSTALL_PREFIX=/home/ros2_ws/install/turtlebot3_simulations
[0.197s] -- The C compiler identification is GNU 11.4.0
[0.301s] -- The CXX compiler identification is GNU 11.4.0
[0.318s] -- Detecting C compiler ABI info
[0.465s] -- Detecting C compiler ABI info - done
[0.476s] -- Check for working C compiler: /usr/bin/cc - skipped
[0.476s] -- Detecting C compile features
[0.477s] -- Detecting C compile features - done
[0.484s] -- Detecting CXX compiler ABI info
[0.630s] -- Detecting CXX compiler ABI info - done
[0.642s] -- Check for working CXX compiler: /usr/bin/c++ - skipped
[0.642s] -- Detecting CXX compile features
[0.643s] -- Detecting CXX compile features - done
[0.650s] -- Found ament_cmake: 1.3.11 (/opt/ros/humble/share/ament_cmake/cmake)
[0.914s] -- Found Python3: /usr/bin/python3 (found version "3.10.12") found components: Interpreter 
[1.078s] -- Override CMake install command with custom implementation using symlinks instead of copying resources
[1.280s] -- Configuring done
[1.282s] -- Generating done
[1.285s] -- Build files have been written to: /home/ros2_ws/build/turtlebot3_simulations
[1.293s] Invoked command in '/home/ros2_ws/build/turtlebot3_simulations' returned '0': CMAKE_PREFIX_PATH=/home/ros2_ws/install/turtlebot3_fake_node:/home/ros2_ws/install/turtlebot3_msgs:/home/ros2_ws/install/turtlebot3_gazebo:/home/ros2_ws/install/workshop_msgs:/home/ros2_ws/install/task7:/home/ros2_ws/install/task6:/home/ros2_ws/install/task5:/home/ros2_ws/install/task4:/home/ros2_ws/install/task3:/home/ros2_ws/install/task2:/home/ros2_ws/install/task1:/home/ros2_ws/install/r2d2_description:/home/ros2_ws/install/turtlebot3:/home/ros2_ws/install/turtlebot3_simulations:/home/ros2_ws/install/turtlebot3_bringup:/home/ros2_ws/install/turtlebot3_node:/home/ros2_ws/install/turtlebot3_navigation2:/home/ros2_ws/install/turtlebot3_manipulation_gazebo:/home/ros2_ws/install/turtlebot3_description:/home/ros2_ws/install/turtlebot3_cartographer:/home/ros2_ws/install/dynamixel_sdk_examples:/home/ros2_ws/install/dynamixel_sdk_custom_interfaces:/home/ros2_ws/install/dynamixel_sdk:/home/ros2_ws/install/turtlebot3_teleop:/home/ros2_ws/install/turtlebot3_example:/opt/ros/humble LD_LIBRARY_PATH=/home/ros2_ws/install/turtlebot3_msgs/lib:/home/ros2_ws/install/workshop_msgs/lib:/home/ros2_ws/install/dynamixel_sdk_custom_interfaces/lib:/home/ros2_ws/install/dynamixel_sdk/lib:/usr/lib/x86_64-linux-gnu/gazebo-11/plugins:/opt/ros/humble/opt/rviz_ogre_vendor/lib:/opt/ros/humble/lib/x86_64-linux-gnu:/opt/ros/humble/lib /usr/bin/cmake /home/ros2_ws/src/turtlebot3_simulations/turtlebot3_simulations -DAMENT_CMAKE_SYMLINK_INSTALL=1 -DCMAKE_INSTALL_PREFIX=/home/ros2_ws/install/turtlebot3_simulations
[1.293s] Invoking command in '/home/ros2_ws/build/turtlebot3_simulations': CMAKE_PREFIX_PATH=/home/ros2_ws/install/turtlebot3_fake_node:/home/ros2_ws/install/turtlebot3_msgs:/home/ros2_ws/install/turtlebot3_gazebo:/home/ros2_ws/install/workshop_msgs:/home/ros2_ws/install/task7:/home/ros2_ws/install/task6:/home/ros2_ws/install/task5:/home/ros2_ws/install/task4:/home/ros2_ws/install/task3:/home/ros2_ws/install/task2:/home/ros2_ws/install/task1:/home/ros2_ws/install/r2d2_description:/home/ros2_ws/install/turtlebot3:/home/ros2_ws/install/turtlebot3_simulations:/home/ros2_ws/install/turtlebot3_bringup:/home/ros2_ws/install/turtlebot3_node:/home/ros2_ws/install/turtlebot3_navigation2:/home/ros2_ws/install/turtlebot3_manipulation_gazebo:/home/ros2_ws/install/turtlebot3_description:/home/ros2_ws/install/turtlebot3_cartographer:/home/ros2_ws/install/dynamixel_sdk_examples:/home/ros2_ws/install/dynamixel_sdk_custom_interfaces:/home/ros2_ws/install/dynamixel_sdk:/home/ros2_ws/install/turtlebot3_teleop:/home/ros2_ws/install/turtlebot3_example:/opt/ros/humble LD_LIBRARY_PATH=/home/ros2_ws/install/turtlebot3_msgs/lib:/home/ros2_ws/install/workshop_msgs/lib:/home/ros2_ws/install/dynamixel_sdk_custom_interfaces/lib:/home/ros2_ws/install/dynamixel_sdk/lib:/usr/lib/x86_64-linux-gnu/gazebo-11/plugins:/opt/ros/humble/opt/rviz_ogre_vendor/lib:/opt/ros/humble/lib/x86_64-linux-gnu:/opt/ros/humble/lib /usr/bin/cmake --build /home/ros2_ws/build/turtlebot3_simulations -- -j22 -l22
[1.356s] Invoked command in '/home/ros2_ws/build/turtlebot3_simulations' returned '0': CMAKE_PREFIX_PATH=/home/ros2_ws/install/turtlebot3_fake_node:/home/ros2_ws/install/turtlebot3_msgs:/home/ros2_ws/install/turtlebot3_gazebo:/home/ros2_ws/install/workshop_msgs:/home/ros2_ws/install/task7:/home/ros2_ws/install/task6:/home/ros2_ws/install/task5:/home/ros2_ws/install/task4:/home/ros2_ws/install/task3:/home/ros2_ws/install/task2:/home/ros2_ws/install/task1:/home/ros2_ws/install/r2d2_description:/home/ros2_ws/install/turtlebot3:/home/ros2_ws/install/turtlebot3_simulations:/home/ros2_ws/install/turtlebot3_bringup:/home/ros2_ws/install/turtlebot3_node:/home/ros2_ws/install/turtlebot3_navigation2:/home/ros2_ws/install/turtlebot3_manipulation_gazebo:/home/ros2_ws/install/turtlebot3_description:/home/ros2_ws/install/turtlebot3_cartographer:/home/ros2_ws/install/dynamixel_sdk_examples:/home/ros2_ws/install/dynamixel_sdk_custom_interfaces:/home/ros2_ws/install/dynamixel_sdk:/home/ros2_ws/install/turtlebot3_teleop:/home/ros2_ws/install/turtlebot3_example:/opt/ros/humble LD_LIBRARY_PATH=/home/ros2_ws/install/turtlebot3_msgs/lib:/home/ros2_ws/install/workshop_msgs/lib:/home/ros2_ws/install/dynamixel_sdk_custom_interfaces/lib:/home/ros2_ws/install/dynamixel_sdk/lib:/usr/lib/x86_64-linux-gnu/gazebo-11/plugins:/opt/ros/humble/opt/rviz_ogre_vendor/lib:/opt/ros/humble/lib/x86_64-linux-gnu:/opt/ros/humble/lib /usr/bin/cmake --build /home/ros2_ws/build/turtlebot3_simulations -- -j22 -l22
[1.358s] Invoking command in '/home/ros2_ws/build/turtlebot3_simulations': CMAKE_PREFIX_PATH=/home/ros2_ws/install/turtlebot3_fake_node:/home/ros2_ws/install/turtlebot3_msgs:/home/ros2_ws/install/turtlebot3_gazebo:/home/ros2_ws/install/workshop_msgs:/home/ros2_ws/install/task7:/home/ros2_ws/install/task6:/home/ros2_ws/install/task5:/home/ros2_ws/install/task4:/home/ros2_ws/install/task3:/home/ros2_ws/install/task2:/home/ros2_ws/install/task1:/home/ros2_ws/install/r2d2_description:/home/ros2_ws/install/turtlebot3:/home/ros2_ws/install/turtlebot3_simulations:/home/ros2_ws/install/turtlebot3_bringup:/home/ros2_ws/install/turtlebot3_node:/home/ros2_ws/install/turtlebot3_navigation2:/home/ros2_ws/install/turtlebot3_manipulation_gazebo:/home/ros2_ws/install/turtlebot3_description:/home/ros2_ws/install/turtlebot3_cartographer:/home/ros2_ws/install/dynamixel_sdk_examples:/home/ros2_ws/install/dynamixel_sdk_custom_interfaces:/home/ros2_ws/install/dynamixel_sdk:/home/ros2_ws/install/turtlebot3_teleop:/home/ros2_ws/install/turtlebot3_example:/opt/ros/humble LD_LIBRARY_PATH=/home/ros2_ws/install/turtlebot3_msgs/lib:/home/ros2_ws/install/workshop_msgs/lib:/home/ros2_ws/install/dynamixel_sdk_custom_interfaces/lib:/home/ros2_ws/install/dynamixel_sdk/lib:/usr/lib/x86_64-linux-gnu/gazebo-11/plugins:/opt/ros/humble/opt/rviz_ogre_vendor/lib:/opt/ros/humble/lib/x86_64-linux-gnu:/opt/ros/humble/lib /usr/bin/cmake --install /home/ros2_ws/build/turtlebot3_simulations
[1.369s] -- Install configuration: ""
[1.370s] -- Execute custom install script
[1.370s] -- Symlinking: /home/ros2_ws/install/turtlebot3_simulations/share/ament_index/resource_index/package_run_dependencies/turtlebot3_simulations
[1.392s] -- Symlinking: /home/ros2_ws/install/turtlebot3_simulations/share/ament_index/resource_index/parent_prefix_path/turtlebot3_simulations
[1.404s] -- Symlinking: /home/ros2_ws/install/turtlebot3_simulations/share/turtlebot3_simulations/environment/ament_prefix_path.sh
[1.416s] -- Symlinking: /home/ros2_ws/install/turtlebot3_simulations/share/turtlebot3_simulations/environment/ament_prefix_path.dsv
[1.433s] -- Symlinking: /home/ros2_ws/install/turtlebot3_simulations/share/turtlebot3_simulations/environment/path.sh
[1.450s] -- Symlinking: /home/ros2_ws/install/turtlebot3_simulations/share/turtlebot3_simulations/environment/path.dsv
[1.465s] -- Symlinking: /home/ros2_ws/install/turtlebot3_simulations/share/turtlebot3_simulations/local_setup.bash
[1.479s] -- Symlinking: /home/ros2_ws/install/turtlebot3_simulations/share/turtlebot3_simulations/local_setup.sh
[1.491s] -- Symlinking: /home/ros2_ws/install/turtlebot3_simulations/share/turtlebot3_simulations/local_setup.zsh
[1.504s] -- Symlinking: /home/ros2_ws/install/turtlebot3_simulations/share/turtlebot3_simulations/local_setup.dsv
[1.524s] -- Symlinking: /home/ros2_ws/install/turtlebot3_simulations/share/turtlebot3_simulations/package.dsv
[1.540s] -- Symlinking: /home/ros2_ws/install/turtlebot3_simulations/share/ament_index/resource_index/packages/turtlebot3_simulations
[1.557s] -- Symlinking: /home/ros2_ws/install/turtlebot3_simulations/share/turtlebot3_simulations/cmake/turtlebot3_simulationsConfig.cmake
[1.578s] -- Symlinking: /home/ros2_ws/install/turtlebot3_simulations/share/turtlebot3_simulations/cmake/turtlebot3_simulationsConfig-version.cmake
[1.597s] -- Symlinking: /home/ros2_ws/install/turtlebot3_simulations/share/turtlebot3_simulations/package.xml
[1.625s] Invoked command in '/home/ros2_ws/build/turtlebot3_simulations' returned '0': CMAKE_PREFIX_PATH=/home/ros2_ws/install/turtlebot3_fake_node:/home/ros2_ws/install/turtlebot3_msgs:/home/ros2_ws/install/turtlebot3_gazebo:/home/ros2_ws/install/workshop_msgs:/home/ros2_ws/install/task7:/home/ros2_ws/install/task6:/home/ros2_ws/install/task5:/home/ros2_ws/install/task4:/home/ros2_ws/install/task3:/home/ros2_ws/install/task2:/home/ros2_ws/install/task1:/home/ros2_ws/install/r2d2_description:/home/ros2_ws/install/turtlebot3:/home/ros2_ws/install/turtlebot3_simulations:/home/ros2_ws/install/turtlebot3_bringup:/home/ros2_ws/install/turtlebot3_node:/home/ros2_ws/install/turtlebot3_navigation2:/home/ros2_ws/install/turtlebot3_manipulation_gazebo:/home/ros2_ws/install/turtlebot3_description:/home/ros2_ws/install/turtlebot3_cartographer:/home/ros2_ws/install/dynamixel_sdk_examples:/home/ros2_ws/install/dynamixel_sdk_custom_interfaces:/home/ros2_ws/install/dynamixel_sdk:/home/ros2_ws/install/turtlebot3_teleop:/home/ros2_ws/install/turtlebot3_example:/opt/ros/humble LD_LIBRARY_PATH=/home/ros2_ws/install/turtlebot3_msgs/lib:/home/ros2_ws/install/workshop_msgs/lib:/home/ros2_ws/install/dynamixel_sdk_custom_interfaces/lib:/home/ros2_ws/install/dynamixel_sdk/lib:/usr/lib/x86_64-linux-gnu/gazebo-11/plugins:/opt/ros/humble/opt/rviz_ogre_vendor/lib:/opt/ros/humble/lib/x86_64-linux-gnu:/opt/ros/humble/lib /usr/bin/cmake --install /home/ros2_ws/build/turtlebot3_simulations
